#
# A fatal error has been detected by the Java Runtime Environment:
#
#  SIGSEGV (0xb) at pc=0x00007f9850442aca, pid=27681, tid=27752
#
# JRE version: OpenJDK Runtime Environment (17.0.13+11) (build 17.0.13+11-Ubuntu-2ubuntu122.04)
# Java VM: OpenJDK 64-Bit Server VM (17.0.13+11-Ubuntu-2ubuntu122.04, mixed mode, sharing, tiered, compressed oops, compressed class ptrs, g1 gc, linux-amd64)
# Problematic frame:
# C  [libc.so.6+0x1a0aca]
#
# Core dump will be written. Default location: Core dumps may be processed with "/wsl-capture-crash %t %E %p %s" (or dumping to /home/hyesu/kafka-custom-test/app/core.27681)
#
# If you would like to submit a bug report, please visit:
#   https://bugs.launchpad.net/ubuntu/+source/openjdk-17
# The crash happened outside the Java Virtual Machine in native code.
# See problematic frame for where to report the bug.
#

---------------  S U M M A R Y ------------

Command Line: -Dfile.encoding=UTF-8 -Duser.country -Duser.language=en -Duser.variant org.example.App Apps

Host: 12th Gen Intel(R) Core(TM) i5-12600KF, 16 cores, 7G, Ubuntu 22.04.1 LTS
Time: Tue Mar 18 18:16:06 2025 KST elapsed time: 5.289154 seconds (0d 0h 0m 5s)

---------------  T H R E A D  ---------------

Current thread (0x00007f98481bb8a0):  JavaThread "kafka-producer-network-thread | producer-1" daemon [_thread_in_native, id=27752, stack(0x00007f982c208000,0x00007f982c308000)]

Stack: [0x00007f982c208000,0x00007f982c308000],  sp=0x00007f982c3064b8,  free space=1017k
Native frames: (J=compiled Java code, j=interpreted, Vv=VM code, C=native code)
C  [libc.so.6+0x1a0aca]
C  [libsharedmemory.so+0x173b]  Java_org_apache_kafka_clients_producer_SharedMemoryManager_writeSharedMemoryByBuffer+0x7e
j  org.apache.kafka.clients.producer.SharedMemoryManager.writeSharedMemoryByBuffer(Ljava/nio/ByteBuffer;I)V+0
j  org.apache.kafka.clients.producer.internals.Sender.sendProduceRequest(JISILjava/util/List;)V+470
j  org.apache.kafka.clients.producer.internals.Sender.sendProduceRequests(Ljava/util/Map;J)V+68
j  org.apache.kafka.clients.producer.internals.Sender.sendProducerData(J)J+589
j  org.apache.kafka.clients.producer.internals.Sender.runOnce()V+136
j  org.apache.kafka.clients.producer.internals.Sender.run()V+35
j  java.lang.Thread.run()V+11 java.base@17.0.13
v  ~StubRoutines::call_stub
V  [libjvm.so+0x864d15]  JavaCalls::call_helper(JavaValue*, methodHandle const&, JavaCallArguments*, JavaThread*)+0x355
V  [libjvm.so+0x866632]  JavaCalls::call_virtual(JavaValue*, Handle, Klass*, Symbol*, Symbol*, JavaThread*)+0x1d2
V  [libjvm.so+0x93dcf6]  thread_entry(JavaThread*, JavaThread*)+0xb6
V  [libjvm.so+0xf1d60d]  JavaThread::thread_main_inner()+0x20d
V  [libjvm.so+0xf2126d]  Thread::call_run()+0xbd
V  [libjvm.so+0xc98bfb]  thread_native_entry(Thread*)+0xeb

Java frames: (J=compiled Java code, j=interpreted, Vv=VM code)
j  org.apache.kafka.clients.producer.SharedMemoryManager.writeSharedMemoryByBuffer(Ljava/nio/ByteBuffer;I)V+0
j  org.apache.kafka.clients.producer.internals.Sender.sendProduceRequest(JISILjava/util/List;)V+470
j  org.apache.kafka.clients.producer.internals.Sender.sendProduceRequests(Ljava/util/Map;J)V+68
j  org.apache.kafka.clients.producer.internals.Sender.sendProducerData(J)J+589
j  org.apache.kafka.clients.producer.internals.Sender.runOnce()V+136
j  org.apache.kafka.clients.producer.internals.Sender.run()V+35
j  java.lang.Thread.run()V+11 java.base@17.0.13
v  ~StubRoutines::call_stub

siginfo: si_signo: 11 (SIGSEGV), si_code: 2 (SEGV_ACCERR), si_addr: 0x00007f982c0f3000

Registers:
RAX=0x00007f982c0eec04, RBX=0x00007f9814ef1a88, RCX=0x00000000000037d0, RDX=0x0000000000007bcc
RSP=0x00007f982c3064b8, RBP=0x00007f982c306520, RSI=0x00007f97880aa1d0, RDI=0x00007f982c0f3000
R8 =0x00007f982c0eec04, R9 =0x000000008cd8ca68, R10=0x0000000000000010, R11=0x0000000000000010
R12=0x0000000000000000, R13=0x00007f9814ef1a88, R14=0x00007f982c3065f0, R15=0x00007f98481bb8a0
RIP=0x00007f9850442aca, EFLAGS=0x0000000000010206, CSGSFS=0x002b000000000033, ERR=0x0000000000000007
  TRAPNO=0x000000000000000e


Register to memory mapping:

RAX=0x00007f982c0eec04 points into unknown readable memory: 87 78 15 e2
RBX={method} {0x00007f9814ef1a88} 'writeSharedMemoryByBuffer' '(Ljava/nio/ByteBuffer;I)V' in 'org/apache/kafka/clients/producer/SharedMemoryManager'
RCX=0x00000000000037d0 is an unknown value
RDX=0x0000000000007bcc is an unknown value
RSP=0x00007f982c3064b8 is pointing into the stack for thread: 0x00007f98481bb8a0
RBP=0x00007f982c306520 is pointing into the stack for thread: 0x00007f98481bb8a0
RSI=0x00007f97880aa1d0 points into unknown readable memory: 0x0037f4152c423737 | 37 37 42 2c 15 f4 37 00
RDI=0x00007f982c0f3000: <offset 0x0000000000000000> in /usr/lib/libsharedmemory.so at 0x00007f982c0f3000
R8 =0x00007f982c0eec04 points into unknown readable memory: 87 78 15 e2
R9 =0x000000008cd8ca68 is an oop: java.nio.DirectByteBuffer 
{0x000000008cd8ca68} - klass: 'java/nio/DirectByteBuffer'
 - ---- fields (total size 8 words):
 - private 'mark' 'I' @12  -1 (ffffffff)
 - 'address' 'J' @16  140288799170000 (880a5dd0 7f97)
 - private 'position' 'I' @24  0
 - private 'limit' 'I' @28  31696 (7bd0)
 - private 'capacity' 'I' @32  31696 (7bd0)
 - final 'segment' 'Ljdk/internal/access/foreign/MemorySegmentProxy;' @36  NULL (0)
 - final 'offset' 'I' @40  0
 - 'isReadOnly' 'Z' @44  false
 - 'bigEndian' 'Z' @45  true
 - 'nativeByteOrder' 'Z' @46  false
 - final 'hb' '[B' @48  NULL (0)
 - private final 'isSync' 'Z' @47  false
 - private final 'fd' 'Ljava/io/FileDescriptor;' @52  NULL (0)
 - private final 'att' 'Ljava/lang/Object;' @56  NULL (0)
 - private final 'cleaner' 'Ljdk/internal/ref/Cleaner;' @60  a 'jdk/internal/ref/Cleaner'{0x000000008cd8cac8} (8cd8cac8)
R10=0x0000000000000010 is an unknown value
R11=0x0000000000000010 is an unknown value
R12=0x0 is NULL
R13={method} {0x00007f9814ef1a88} 'writeSharedMemoryByBuffer' '(Ljava/nio/ByteBuffer;I)V' in 'org/apache/kafka/clients/producer/SharedMemoryManager'
R14=0x00007f982c3065f0 is pointing into the stack for thread: 0x00007f98481bb8a0
R15=0x00007f98481bb8a0 is a thread


Top of Stack: (sp=0x00007f982c3064b8)
0x00007f982c3064b8:   00007f982c0f4693 00007f982c306640
0x00007f982c3064c8:   00007bd0319dc434 00007f97880a5dd0
0x00007f982c3064d8:   00007f982c0d9000 00007f9814ef1a88
0x00007f982c3064e8:   4900041500007bcc 00007f982c0f2000
0x00007f982c3064f8:   090037a615029433 00007f982c0f2008
0x00007f982c306508:   490004157c0f0226 00007f97880a5dd4
0x00007f982c306518:   a7e893fdc4a87500 00007f982c306560
0x00007f982c306528:   00007f982c0f473b 00007bd08cd8ca68
0x00007f982c306538:   00007f982c3065f0 00007f982c3065d8
0x00007f982c306548:   00007f98481bbb50 00007f97cf3b7d10
0x00007f982c306558:   00007f97880a5dd0 00007f982c3065c8
0x00007f982c306568:   00007f98389d15ba 0000000000000000
0x00007f982c306578:   00007f982c306590 00007f982c306580
0x00007f982c306588:   0000000000000000 00007f982c3065f0
0x00007f982c306598:   00007f9814ef1c20 0000000000000000
0x00007f982c3065a8:   0000000088313fe8 00007f9814ef1a88
0x00007f982c3065b8:   0000000000000000 00007f982c3065e8
0x00007f982c3065c8:   00007f982c306640 00007f98389cd260
0x00007f982c3065d8:   0000000088313fe8 00007f98389ceff8
0x00007f982c3065e8:   0000000000007bd0 000000008cd8ca68
0x00007f982c3065f8:   00007f982c3065f8 00007f9814ea4b6e
0x00007f982c306608:   00007f982c306710 00007f9814ea8000
0x00007f982c306618:   0000000000000000 0000000088344ca0
0x00007f982c306628:   00007f9814ea4d08 00007f982c3065e8
0x00007f982c306638:   00007f982c3066e0 00007f982c306760
0x00007f982c306648:   00007f98389cd260 000000008cd8c9d8
0x00007f982c306658:   0000000000000003 0000000000000003
0x00007f982c306668:   000000008cd8ca20 000000008cd8ca68
0x00007f982c306678:   0000000000007bd0 000000008cd8ca40
0x00007f982c306688:   000000008cd8ca40 000000008cd8c5e8
0x00007f982c306698:   000000008cd8c5c0 000000008cd8c490
0x00007f982c3066a8:   000000008cd8c478 000000008cd8c448 

Instructions: (pc=0x00007f9850442aca)
0x00007f98504429ca:   7e 60 c5 7e 6f 44 16 e0 48 29 fe 48 83 e1 e0 48
0x00007f98504429da:   01 ce 0f 1f 40 00 c5 fe 6f 4e 60 c5 fe 6f 56 40
0x00007f98504429ea:   c5 fe 6f 5e 20 c5 fe 6f 26 48 83 c6 80 c5 fd 7f
0x00007f98504429fa:   49 60 c5 fd 7f 51 40 c5 fd 7f 59 20 c5 fd 7f 21
0x00007f9850442a0a:   48 83 c1 80 48 39 cf 72 cd c5 fe 7f 07 c5 fe 7f
0x00007f9850442a1a:   6f 20 c5 fe 7f 77 40 c5 fe 7f 7f 60 c5 7e 7f 44
0x00007f9850442a2a:   3a e0 c5 f8 77 c3 66 66 2e 0f 1f 84 00 00 00 00
0x00007f9850442a3a:   00 0f 1f 44 00 00 c5 fe 6f 4e 20 f7 c1 00 0e 00
0x00007f9850442a4a:   00 75 68 49 89 c9 48 8d 4c 16 ff 48 83 ce 3f 4a
0x00007f9850442a5a:   8d 7c 0e 01 48 29 f1 48 ff c6 f3 a4 c4 c1 7e 7f
0x00007f9850442a6a:   00 c4 c1 7e 7f 48 20 c5 f8 77 c3 66 66 2e 0f 1f
0x00007f9850442a7a:   84 00 00 00 00 00 48 89 f9 48 29 f1 48 39 d1 0f
0x00007f9850442a8a:   82 21 ff ff ff 49 89 f8 48 3b 15 07 0b 08 00 73
0x00007f9850442a9a:   45 f7 05 f3 0a 08 00 01 00 00 00 74 99 83 f9 c0
0x00007f9850442aaa:   0f 87 7b fe ff ff c5 fe 6f 4e 20 48 29 fe 48 83
0x00007f9850442aba:   c7 3f 49 8d 0c 10 48 83 e7 c0 48 01 fe 48 29 f9
0x00007f9850442aca:   f3 a4 c4 c1 7e 7f 00 c4 c1 7e 7f 48 20 c5 f8 77
0x00007f9850442ada:   c3 0f 1f 44 00 00 48 3b 15 11 99 07 00 0f 82 24
0x00007f9850442aea:   fe ff ff 48 f7 d9 48 39 ca 0f 87 32 fe ff ff c5
0x00007f9850442afa:   fe 6f 4e 20 c5 fe 7f 07 c5 fe 7f 4f 20 49 89 f8
0x00007f9850442b0a:   49 83 e0 3f 49 83 e8 40 4c 29 c6 4c 29 c7 4c 01
0x00007f9850442b1a:   c2 f7 d1 f7 c1 00 0f 00 00 0f 84 87 01 00 00 49
0x00007f9850442b2a:   89 d2 49 c1 ea 04 4c 3b 15 71 0a 08 00 0f 83 73
0x00007f9850442b3a:   01 00 00 81 e2 ff 1f 00 00 49 c1 ea 09 66 0f 1f
0x00007f9850442b4a:   84 00 00 00 00 00 b9 20 00 00 00 0f 18 8e 80 00
0x00007f9850442b5a:   00 00 0f 18 8e c0 00 00 00 0f 18 8e 00 01 00 00
0x00007f9850442b6a:   0f 18 8e 40 01 00 00 0f 18 8e 80 10 00 00 0f 18
0x00007f9850442b7a:   8e c0 10 00 00 0f 18 8e 00 11 00 00 0f 18 8e 40
0x00007f9850442b8a:   11 00 00 c5 fe 6f 06 c5 fe 6f 4e 20 c5 fe 6f 56
0x00007f9850442b9a:   40 c5 fe 6f 5e 60 c5 fe 6f a6 00 10 00 00 c5 fe
0x00007f9850442baa:   6f ae 20 10 00 00 c5 fe 6f b6 40 10 00 00 c5 fe
0x00007f9850442bba:   6f be 60 10 00 00 48 83 ee 80 c5 fd e7 07 c5 fd 


Stack slot to memory mapping:
stack at sp + 0 slots: 0x00007f982c0f4693: buffer_try_enqueue+0x0000000000000179 in /usr/lib/libsharedmemory.so at 0x00007f982c0f3000
stack at sp + 1 slots: 0x00007f982c306640 is pointing into the stack for thread: 0x00007f98481bb8a0
stack at sp + 2 slots: 0x00007bd0319dc434 is an unknown value
stack at sp + 3 slots: 0x00007f97880a5dd0 points into unknown readable memory: 0x0c000000cc7b0000 | 00 00 7b cc 00 00 00 0c
stack at sp + 4 slots: 0x00007f982c0d9000 points into unknown readable memory: 0x0c0000000000014a | 4a 01 00 00 00 00 00 0c
stack at sp + 5 slots: {method} {0x00007f9814ef1a88} 'writeSharedMemoryByBuffer' '(Ljava/nio/ByteBuffer;I)V' in 'org/apache/kafka/clients/producer/SharedMemoryManager'
stack at sp + 6 slots: 0x4900041500007bcc is an unknown value
stack at sp + 7 slots: 0x00007f982c0f2000 points into unknown readable memory: 0x393231384203157c | 7c 15 03 42 38 31 32 39


---------------  P R O C E S S  ---------------

Threads class SMR info:
_java_thread_list=0x00007f9774006510, length=23, elements={
0x00007f9848019ee0, 0x00007f9848144560, 0x00007f9848145950, 0x00007f984814d970,
0x00007f984814ed30, 0x00007f9848150150, 0x00007f9848151b90, 0x00007f98481530d0,
0x00007f9848154550, 0x00007f984815ce20, 0x00007f984815fc40, 0x00007f97a8044bc0,
0x00007f979c5b9b00, 0x00007f979011f3e0, 0x00007f98481bb8a0, 0x00007f97940563b0,
0x00007f97a8028ab0, 0x00007f97901dab60, 0x00007f9770001010, 0x00007f97740020e0,
0x00007f97740032b0, 0x00007f9774004370, 0x00007f9774005520
}

Java Threads: ( => current thread )
  0x00007f9848019ee0 JavaThread "main" [_thread_blocked, id=27685, stack(0x00007f984ea76000,0x00007f984eb76000)]
  0x00007f9848144560 JavaThread "Reference Handler" daemon [_thread_blocked, id=27692, stack(0x00007f982d09e000,0x00007f982d19e000)]
  0x00007f9848145950 JavaThread "Finalizer" daemon [_thread_blocked, id=27693, stack(0x00007f982cf9d000,0x00007f982d09d000)]
  0x00007f984814d970 JavaThread "Signal Dispatcher" daemon [_thread_blocked, id=27694, stack(0x00007f982ce45000,0x00007f982cf45000)]
  0x00007f984814ed30 JavaThread "Service Thread" daemon [_thread_blocked, id=27695, stack(0x00007f982cd44000,0x00007f982ce44000)]
  0x00007f9848150150 JavaThread "Monitor Deflation Thread" daemon [_thread_blocked, id=27696, stack(0x00007f982cc43000,0x00007f982cd43000)]
  0x00007f9848151b90 JavaThread "C2 CompilerThread0" daemon [_thread_in_native, id=27697, stack(0x00007f982cb42000,0x00007f982cc42000)]
  0x00007f98481530d0 JavaThread "C1 CompilerThread0" daemon [_thread_blocked, id=27698, stack(0x00007f982ca41000,0x00007f982cb41000)]
  0x00007f9848154550 JavaThread "Sweeper thread" daemon [_thread_blocked, id=27699, stack(0x00007f982c940000,0x00007f982ca40000)]
  0x00007f984815ce20 JavaThread "Notification Thread" daemon [_thread_blocked, id=27700, stack(0x00007f982c83f000,0x00007f982c93f000)]
  0x00007f984815fc40 JavaThread "Common-Cleaner" daemon [_thread_blocked, id=27702, stack(0x00007f982c63d000,0x00007f982c73d000)]
  0x00007f97a8044bc0 JavaThread "C1 CompilerThread1" daemon [_thread_blocked, id=27704, stack(0x00007f982c43b000,0x00007f982c53b000)]
  0x00007f979c5b9b00 JavaThread "kafka-coordinator-heartbeat-thread | test-group-63911180070008" daemon [_thread_blocked, id=27711, stack(0x00007f981dbfd000,0x00007f981dcfd000)]
  0x00007f979011f3e0 JavaThread "C1 CompilerThread2" daemon [_thread_blocked, id=27736, stack(0x00007f982c33a000,0x00007f982c43a000)]
=>0x00007f98481bb8a0 JavaThread "kafka-producer-network-thread | producer-1" daemon [_thread_in_native, id=27752, stack(0x00007f982c208000,0x00007f982c308000)]
  0x00007f97940563b0 JavaThread "C2 CompilerThread1" daemon [_thread_in_native, id=27753, stack(0x00007f982c53c000,0x00007f982c63c000)]
  0x00007f97a8028ab0 JavaThread "C1 CompilerThread3" daemon [_thread_blocked, id=27754, stack(0x00007f982c107000,0x00007f982c207000)]
  0x00007f97901dab60 JavaThread "C2 CompilerThread2" daemon [_thread_blocked, id=27755, stack(0x00007f981dafc000,0x00007f981dbfc000)]
  0x00007f9770001010 JavaThread "C2 CompilerThread3" daemon [_thread_in_native, id=27756, stack(0x00007f981d700000,0x00007f981d800000)]
  0x00007f97740020e0 JavaThread "C2 CompilerThread4" daemon [_thread_blocked, id=27761, stack(0x00007f981d1fb000,0x00007f981d2fb000)]
  0x00007f97740032b0 JavaThread "C2 CompilerThread5" daemon [_thread_in_native, id=27762, stack(0x00007f981d0fa000,0x00007f981d1fa000)]
  0x00007f9774004370 JavaThread "C2 CompilerThread6" daemon [_thread_blocked, id=27763, stack(0x00007f981cff9000,0x00007f981d0f9000)]
  0x00007f9774005520 JavaThread "C2 CompilerThread7" daemon [_thread_blocked, id=27764, stack(0x00007f981cef8000,0x00007f981cff8000)]

Other Threads:
  0x00007f98481405d0 VMThread "VM Thread" [stack: 0x00007f982d19f000,0x00007f982d29f000] [id=27691]
  0x00007f984815e680 WatcherThread [stack: 0x00007f982c73e000,0x00007f982c83e000] [id=27701]
  0x00007f9848075470 GCTaskThread "GC Thread#0" [stack: 0x00007f984ce0c000,0x00007f984cf0c000] [id=27686]
  0x00007f97c8006c70 GCTaskThread "GC Thread#1" [stack: 0x00007f981df00000,0x00007f981e000000] [id=27708]
  0x00007f97c8007640 GCTaskThread "GC Thread#2" [stack: 0x00007f981ddff000,0x00007f981deff000] [id=27709]
  0x00007f97c8008050 GCTaskThread "GC Thread#3" [stack: 0x00007f981dcfe000,0x00007f981ddfe000] [id=27710]
  0x00007f97c800d1e0 GCTaskThread "GC Thread#4" [stack: 0x00007f981d5ff000,0x00007f981d6ff000] [id=27757]
  0x00007f97c800dac0 GCTaskThread "GC Thread#5" [stack: 0x00007f981d4fe000,0x00007f981d5fe000] [id=27758]
  0x00007f97c8010a90 GCTaskThread "GC Thread#6" [stack: 0x00007f981d3fd000,0x00007f981d4fd000] [id=27759]
  0x00007f97c80114a0 GCTaskThread "GC Thread#7" [stack: 0x00007f981d2fc000,0x00007f981d3fc000] [id=27760]
  0x00007f9848086060 ConcurrentGCThread "G1 Main Marker" [stack: 0x00007f984cd0b000,0x00007f984ce0b000] [id=27687]
  0x00007f9848086fd0 ConcurrentGCThread "G1 Conc#0" [stack: 0x00007f984cc0a000,0x00007f984cd0a000] [id=27688]
  0x00007f98481120a0 ConcurrentGCThread "G1 Refine#0" [stack: 0x00007f982d4f3000,0x00007f982d5f3000] [id=27689]
  0x00007f9818000ea0 ConcurrentGCThread "G1 Refine#1" [stack: 0x00007f981cdf7000,0x00007f981cef7000] [id=27765]
  0x00007f9748000ea0 ConcurrentGCThread "G1 Refine#2" [stack: 0x00007f981ccf6000,0x00007f981cdf6000] [id=27766]
  0x00007f974c000ea0 ConcurrentGCThread "G1 Refine#3" [stack: 0x00007f981cbf5000,0x00007f981ccf5000] [id=27767]
  0x00007f9740000ea0 ConcurrentGCThread "G1 Refine#4" [stack: 0x00007f981caf4000,0x00007f981cbf4000] [id=27768]
  0x00007f9848112fa0 ConcurrentGCThread "G1 Service" [stack: 0x00007f982d3f2000,0x00007f982d4f2000] [id=27690]

Threads with active compile tasks:
C2 CompilerThread0     5298 2131       4       java.lang.invoke.MethodType::makeImpl (109 bytes)
C2 CompilerThread1     5298 2370   !   4       org.apache.kafka.clients.producer.internals.RecordAccumulator::append (480 bytes)
C2 CompilerThread3     5298 2381   !   4       org.apache.kafka.common.record.MemoryRecordsBuilder::appendWithOffset (212 bytes)
C2 CompilerThread5     5298 2346       4       org.apache.kafka.clients.producer.internals.RecordAccumulator::tryAppend (121 bytes)

VM state: not at safepoint (normal execution)

VM Mutex/Monitor currently owned by a thread: None

Heap address: 0x0000000085200000, size: 1966 MB, Compressed Oops mode: 32-bit

CDS archive(s) mapped at: [0x00007f97cf000000-0x00007f97cfbc9000-0x00007f97cfbc9000), size 12357632, SharedBaseAddress: 0x00007f97cf000000, ArchiveRelocationMode: 1.
Compressed class space mapped at: 0x00007f97d0000000-0x00007f9810000000, reserved size: 1073741824
Narrow klass base: 0x00007f97cf000000, Narrow klass shift: 0, Narrow klass range: 0x100000000

GC Precious Log:
 CPUs: 16 total, 16 available
 Memory: 7862M
 Large Page Support: Disabled
 NUMA Support: Disabled
 Compressed Oops: Enabled (32-bit)
 Heap Region Size: 1M
 Heap Min Capacity: 8M
 Heap Initial Capacity: 124M
 Heap Max Capacity: 1966M
 Pre-touch: Disabled
 Parallel Workers: 13
 Concurrent Workers: 3
 Concurrent Refinement Workers: 13
 Periodic GC: Disabled

Heap:
 garbage-first heap   total 129024K, used 32014K [0x0000000085200000, 0x0000000100000000)
  region size 1024K, 20 young (20480K), 10 survivors (10240K)
 Metaspace       used 17203K, committed 17472K, reserved 1114112K
  class space    used 1710K, committed 1856K, reserved 1048576K

Heap Regions: E=young(eden), S=young(survivor), O=old, HS=humongous(starts), HC=humongous(continues), CS=collection set, F=free, OA=open archive, CA=closed archive, TAMS=top-at-mark-start (previous, next)
|   0|0x0000000085200000, 0x0000000085300000, 0x0000000085300000|100%| O|  |TAMS 0x0000000085200000, 0x0000000085200000| Untracked 
|   1|0x0000000085300000, 0x0000000085400000, 0x0000000085400000|100%| O|  |TAMS 0x0000000085300000, 0x0000000085300000| Untracked 
|   2|0x0000000085400000, 0x0000000085500000, 0x0000000085500000|100%| O|  |TAMS 0x0000000085400000, 0x0000000085400000| Untracked 
|   3|0x0000000085500000, 0x0000000085600000, 0x0000000085600000|100%| O|  |TAMS 0x0000000085500000, 0x0000000085500000| Untracked 
|   4|0x0000000085600000, 0x0000000085700000, 0x0000000085700000|100%| O|  |TAMS 0x0000000085600000, 0x0000000085600000| Untracked 
|   5|0x0000000085700000, 0x0000000085800000, 0x0000000085800000|100%| O|  |TAMS 0x0000000085700000, 0x0000000085700000| Untracked 
|   6|0x0000000085800000, 0x0000000085900000, 0x0000000085900000|100%| O|  |TAMS 0x0000000085800000, 0x0000000085800000| Untracked 
|   7|0x0000000085900000, 0x0000000085a00000, 0x0000000085a00000|100%| O|  |TAMS 0x0000000085900000, 0x0000000085900000| Untracked 
|   8|0x0000000085a00000, 0x0000000085b00000, 0x0000000085b00000|100%| O|  |TAMS 0x0000000085a00000, 0x0000000085a00000| Untracked 
|   9|0x0000000085b00000, 0x0000000085c00000, 0x0000000085c00000|100%| O|  |TAMS 0x0000000085b00000, 0x0000000085b00000| Untracked 
|  10|0x0000000085c00000, 0x0000000085d00000, 0x0000000085d00000|100%| O|  |TAMS 0x0000000085c00000, 0x0000000085c00000| Untracked 
|  11|0x0000000085d00000, 0x0000000085d57a00, 0x0000000085e00000| 34%| O|  |TAMS 0x0000000085d00000, 0x0000000085d00000| Untracked 
|  12|0x0000000085e00000, 0x0000000085e00000, 0x0000000085f00000|  0%| F|  |TAMS 0x0000000085e00000, 0x0000000085e00000| Untracked 
|  13|0x0000000085f00000, 0x0000000085f00000, 0x0000000086000000|  0%| F|  |TAMS 0x0000000085f00000, 0x0000000085f00000| Untracked 
|  14|0x0000000086000000, 0x0000000086000000, 0x0000000086100000|  0%| F|  |TAMS 0x0000000086000000, 0x0000000086000000| Untracked 
|  15|0x0000000086100000, 0x0000000086100000, 0x0000000086200000|  0%| F|  |TAMS 0x0000000086100000, 0x0000000086100000| Untracked 
|  16|0x0000000086200000, 0x0000000086200000, 0x0000000086300000|  0%| F|  |TAMS 0x0000000086200000, 0x0000000086200000| Untracked 
|  17|0x0000000086300000, 0x0000000086300000, 0x0000000086400000|  0%| F|  |TAMS 0x0000000086300000, 0x0000000086300000| Untracked 
|  18|0x0000000086400000, 0x0000000086400000, 0x0000000086500000|  0%| F|  |TAMS 0x0000000086400000, 0x0000000086400000| Untracked 
|  19|0x0000000086500000, 0x0000000086500000, 0x0000000086600000|  0%| F|  |TAMS 0x0000000086500000, 0x0000000086500000| Untracked 
|  20|0x0000000086600000, 0x0000000086600000, 0x0000000086700000|  0%| F|  |TAMS 0x0000000086600000, 0x0000000086600000| Untracked 
|  21|0x0000000086700000, 0x0000000086700000, 0x0000000086800000|  0%| F|  |TAMS 0x0000000086700000, 0x0000000086700000| Untracked 
|  22|0x0000000086800000, 0x0000000086800000, 0x0000000086900000|  0%| F|  |TAMS 0x0000000086800000, 0x0000000086800000| Untracked 
|  23|0x0000000086900000, 0x0000000086900000, 0x0000000086a00000|  0%| F|  |TAMS 0x0000000086900000, 0x0000000086900000| Untracked 
|  24|0x0000000086a00000, 0x0000000086a00000, 0x0000000086b00000|  0%| F|  |TAMS 0x0000000086a00000, 0x0000000086a00000| Untracked 
|  25|0x0000000086b00000, 0x0000000086b00000, 0x0000000086c00000|  0%| F|  |TAMS 0x0000000086b00000, 0x0000000086b00000| Untracked 
|  26|0x0000000086c00000, 0x0000000086c00000, 0x0000000086d00000|  0%| F|  |TAMS 0x0000000086c00000, 0x0000000086c00000| Untracked 
|  27|0x0000000086d00000, 0x0000000086d00000, 0x0000000086e00000|  0%| F|  |TAMS 0x0000000086d00000, 0x0000000086d00000| Untracked 
|  28|0x0000000086e00000, 0x0000000086e00000, 0x0000000086f00000|  0%| F|  |TAMS 0x0000000086e00000, 0x0000000086e00000| Untracked 
|  29|0x0000000086f00000, 0x0000000086f00000, 0x0000000087000000|  0%| F|  |TAMS 0x0000000086f00000, 0x0000000086f00000| Untracked 
|  30|0x0000000087000000, 0x0000000087000000, 0x0000000087100000|  0%| F|  |TAMS 0x0000000087000000, 0x0000000087000000| Untracked 
|  31|0x0000000087100000, 0x0000000087100000, 0x0000000087200000|  0%| F|  |TAMS 0x0000000087100000, 0x0000000087100000| Untracked 
|  32|0x0000000087200000, 0x0000000087200000, 0x0000000087300000|  0%| F|  |TAMS 0x0000000087200000, 0x0000000087200000| Untracked 
|  33|0x0000000087300000, 0x0000000087300000, 0x0000000087400000|  0%| F|  |TAMS 0x0000000087300000, 0x0000000087300000| Untracked 
|  34|0x0000000087400000, 0x0000000087400000, 0x0000000087500000|  0%| F|  |TAMS 0x0000000087400000, 0x0000000087400000| Untracked 
|  35|0x0000000087500000, 0x0000000087500000, 0x0000000087600000|  0%| F|  |TAMS 0x0000000087500000, 0x0000000087500000| Untracked 
|  36|0x0000000087600000, 0x0000000087600000, 0x0000000087700000|  0%| F|  |TAMS 0x0000000087600000, 0x0000000087600000| Untracked 
|  37|0x0000000087700000, 0x0000000087700000, 0x0000000087800000|  0%| F|  |TAMS 0x0000000087700000, 0x0000000087700000| Untracked 
|  38|0x0000000087800000, 0x0000000087800000, 0x0000000087900000|  0%| F|  |TAMS 0x0000000087800000, 0x0000000087800000| Untracked 
|  39|0x0000000087900000, 0x0000000087900000, 0x0000000087a00000|  0%| F|  |TAMS 0x0000000087900000, 0x0000000087900000| Untracked 
|  40|0x0000000087a00000, 0x0000000087b00000, 0x0000000087b00000|100%| S|CS|TAMS 0x0000000087a00000, 0x0000000087a00000| Complete 
|  41|0x0000000087b00000, 0x0000000087c00000, 0x0000000087c00000|100%| S|CS|TAMS 0x0000000087b00000, 0x0000000087b00000| Complete 
|  42|0x0000000087c00000, 0x0000000087d00000, 0x0000000087d00000|100%| S|CS|TAMS 0x0000000087c00000, 0x0000000087c00000| Complete 
|  43|0x0000000087d00000, 0x0000000087e00000, 0x0000000087e00000|100%| S|CS|TAMS 0x0000000087d00000, 0x0000000087d00000| Complete 
|  44|0x0000000087e00000, 0x0000000087f00000, 0x0000000087f00000|100%| S|CS|TAMS 0x0000000087e00000, 0x0000000087e00000| Complete 
|  45|0x0000000087f00000, 0x0000000088000000, 0x0000000088000000|100%| S|CS|TAMS 0x0000000087f00000, 0x0000000087f00000| Complete 
|  46|0x0000000088000000, 0x0000000088100000, 0x0000000088100000|100%| S|CS|TAMS 0x0000000088000000, 0x0000000088000000| Complete 
|  47|0x0000000088100000, 0x0000000088200000, 0x0000000088200000|100%| S|CS|TAMS 0x0000000088100000, 0x0000000088100000| Complete 
|  48|0x0000000088200000, 0x0000000088300000, 0x0000000088300000|100%| S|CS|TAMS 0x0000000088200000, 0x0000000088200000| Complete 
|  49|0x0000000088300000, 0x0000000088400000, 0x0000000088400000|100%| S|CS|TAMS 0x0000000088300000, 0x0000000088300000| Complete 
|  50|0x0000000088400000, 0x0000000088400000, 0x0000000088500000|  0%| F|  |TAMS 0x0000000088400000, 0x0000000088400000| Untracked 
|  51|0x0000000088500000, 0x0000000088500000, 0x0000000088600000|  0%| F|  |TAMS 0x0000000088500000, 0x0000000088500000| Untracked 
|  52|0x0000000088600000, 0x0000000088600000, 0x0000000088700000|  0%| F|  |TAMS 0x0000000088600000, 0x0000000088600000| Untracked 
|  53|0x0000000088700000, 0x0000000088700000, 0x0000000088800000|  0%| F|  |TAMS 0x0000000088700000, 0x0000000088700000| Untracked 
|  54|0x0000000088800000, 0x0000000088800000, 0x0000000088900000|  0%| F|  |TAMS 0x0000000088800000, 0x0000000088800000| Untracked 
|  55|0x0000000088900000, 0x0000000088900000, 0x0000000088a00000|  0%| F|  |TAMS 0x0000000088900000, 0x0000000088900000| Untracked 
|  56|0x0000000088a00000, 0x0000000088a00000, 0x0000000088b00000|  0%| F|  |TAMS 0x0000000088a00000, 0x0000000088a00000| Untracked 
|  57|0x0000000088b00000, 0x0000000088b00000, 0x0000000088c00000|  0%| F|  |TAMS 0x0000000088b00000, 0x0000000088b00000| Untracked 
|  58|0x0000000088c00000, 0x0000000088c00000, 0x0000000088d00000|  0%| F|  |TAMS 0x0000000088c00000, 0x0000000088c00000| Untracked 
|  59|0x0000000088d00000, 0x0000000088d00000, 0x0000000088e00000|  0%| F|  |TAMS 0x0000000088d00000, 0x0000000088d00000| Untracked 
|  60|0x0000000088e00000, 0x0000000088e00000, 0x0000000088f00000|  0%| F|  |TAMS 0x0000000088e00000, 0x0000000088e00000| Untracked 
|  61|0x0000000088f00000, 0x0000000088f00000, 0x0000000089000000|  0%| F|  |TAMS 0x0000000088f00000, 0x0000000088f00000| Untracked 
|  62|0x0000000089000000, 0x0000000089000000, 0x0000000089100000|  0%| F|  |TAMS 0x0000000089000000, 0x0000000089000000| Untracked 
|  63|0x0000000089100000, 0x0000000089100000, 0x0000000089200000|  0%| F|  |TAMS 0x0000000089100000, 0x0000000089100000| Untracked 
|  64|0x0000000089200000, 0x0000000089200000, 0x0000000089300000|  0%| F|  |TAMS 0x0000000089200000, 0x0000000089200000| Untracked 
|  65|0x0000000089300000, 0x0000000089300000, 0x0000000089400000|  0%| F|  |TAMS 0x0000000089300000, 0x0000000089300000| Untracked 
|  66|0x0000000089400000, 0x0000000089400000, 0x0000000089500000|  0%| F|  |TAMS 0x0000000089400000, 0x0000000089400000| Untracked 
|  67|0x0000000089500000, 0x0000000089500000, 0x0000000089600000|  0%| F|  |TAMS 0x0000000089500000, 0x0000000089500000| Untracked 
|  68|0x0000000089600000, 0x0000000089600000, 0x0000000089700000|  0%| F|  |TAMS 0x0000000089600000, 0x0000000089600000| Untracked 
|  69|0x0000000089700000, 0x0000000089700000, 0x0000000089800000|  0%| F|  |TAMS 0x0000000089700000, 0x0000000089700000| Untracked 
|  70|0x0000000089800000, 0x0000000089800000, 0x0000000089900000|  0%| F|  |TAMS 0x0000000089800000, 0x0000000089800000| Untracked 
|  71|0x0000000089900000, 0x0000000089900000, 0x0000000089a00000|  0%| F|  |TAMS 0x0000000089900000, 0x0000000089900000| Untracked 
|  72|0x0000000089a00000, 0x0000000089a00000, 0x0000000089b00000|  0%| F|  |TAMS 0x0000000089a00000, 0x0000000089a00000| Untracked 
|  73|0x0000000089b00000, 0x0000000089b00000, 0x0000000089c00000|  0%| F|  |TAMS 0x0000000089b00000, 0x0000000089b00000| Untracked 
|  74|0x0000000089c00000, 0x0000000089c00000, 0x0000000089d00000|  0%| F|  |TAMS 0x0000000089c00000, 0x0000000089c00000| Untracked 
|  75|0x0000000089d00000, 0x0000000089d00000, 0x0000000089e00000|  0%| F|  |TAMS 0x0000000089d00000, 0x0000000089d00000| Untracked 
|  76|0x0000000089e00000, 0x0000000089e00000, 0x0000000089f00000|  0%| F|  |TAMS 0x0000000089e00000, 0x0000000089e00000| Untracked 
|  77|0x0000000089f00000, 0x0000000089f00000, 0x000000008a000000|  0%| F|  |TAMS 0x0000000089f00000, 0x0000000089f00000| Untracked 
|  78|0x000000008a000000, 0x000000008a000000, 0x000000008a100000|  0%| F|  |TAMS 0x000000008a000000, 0x000000008a000000| Untracked 
|  79|0x000000008a100000, 0x000000008a100000, 0x000000008a200000|  0%| F|  |TAMS 0x000000008a100000, 0x000000008a100000| Untracked 
|  80|0x000000008a200000, 0x000000008a200000, 0x000000008a300000|  0%| F|  |TAMS 0x000000008a200000, 0x000000008a200000| Untracked 
|  81|0x000000008a300000, 0x000000008a300000, 0x000000008a400000|  0%| F|  |TAMS 0x000000008a300000, 0x000000008a300000| Untracked 
|  82|0x000000008a400000, 0x000000008a400000, 0x000000008a500000|  0%| F|  |TAMS 0x000000008a400000, 0x000000008a400000| Untracked 
|  83|0x000000008a500000, 0x000000008a500000, 0x000000008a600000|  0%| F|  |TAMS 0x000000008a500000, 0x000000008a500000| Untracked 
|  84|0x000000008a600000, 0x000000008a600000, 0x000000008a700000|  0%| F|  |TAMS 0x000000008a600000, 0x000000008a600000| Untracked 
|  85|0x000000008a700000, 0x000000008a700000, 0x000000008a800000|  0%| F|  |TAMS 0x000000008a700000, 0x000000008a700000| Untracked 
|  86|0x000000008a800000, 0x000000008a800000, 0x000000008a900000|  0%| F|  |TAMS 0x000000008a800000, 0x000000008a800000| Untracked 
|  87|0x000000008a900000, 0x000000008a900000, 0x000000008aa00000|  0%| F|  |TAMS 0x000000008a900000, 0x000000008a900000| Untracked 
|  88|0x000000008aa00000, 0x000000008aa00000, 0x000000008ab00000|  0%| F|  |TAMS 0x000000008aa00000, 0x000000008aa00000| Untracked 
|  89|0x000000008ab00000, 0x000000008ab00000, 0x000000008ac00000|  0%| F|  |TAMS 0x000000008ab00000, 0x000000008ab00000| Untracked 
|  90|0x000000008ac00000, 0x000000008ac00000, 0x000000008ad00000|  0%| F|  |TAMS 0x000000008ac00000, 0x000000008ac00000| Untracked 
|  91|0x000000008ad00000, 0x000000008ad00000, 0x000000008ae00000|  0%| F|  |TAMS 0x000000008ad00000, 0x000000008ad00000| Untracked 
|  92|0x000000008ae00000, 0x000000008ae00000, 0x000000008af00000|  0%| F|  |TAMS 0x000000008ae00000, 0x000000008ae00000| Untracked 
|  93|0x000000008af00000, 0x000000008af00000, 0x000000008b000000|  0%| F|  |TAMS 0x000000008af00000, 0x000000008af00000| Untracked 
|  94|0x000000008b000000, 0x000000008b000000, 0x000000008b100000|  0%| F|  |TAMS 0x000000008b000000, 0x000000008b000000| Untracked 
|  95|0x000000008b100000, 0x000000008b100000, 0x000000008b200000|  0%| F|  |TAMS 0x000000008b100000, 0x000000008b100000| Untracked 
|  96|0x000000008b200000, 0x000000008b200000, 0x000000008b300000|  0%| F|  |TAMS 0x000000008b200000, 0x000000008b200000| Untracked 
|  97|0x000000008b300000, 0x000000008b300000, 0x000000008b400000|  0%| F|  |TAMS 0x000000008b300000, 0x000000008b300000| Untracked 
|  98|0x000000008b400000, 0x000000008b400000, 0x000000008b500000|  0%| F|  |TAMS 0x000000008b400000, 0x000000008b400000| Untracked 
|  99|0x000000008b500000, 0x000000008b500000, 0x000000008b600000|  0%| F|  |TAMS 0x000000008b500000, 0x000000008b500000| Untracked 
| 100|0x000000008b600000, 0x000000008b600000, 0x000000008b700000|  0%| F|  |TAMS 0x000000008b600000, 0x000000008b600000| Untracked 
| 101|0x000000008b700000, 0x000000008b700000, 0x000000008b800000|  0%| F|  |TAMS 0x000000008b700000, 0x000000008b700000| Untracked 
| 102|0x000000008b800000, 0x000000008b800000, 0x000000008b900000|  0%| F|  |TAMS 0x000000008b800000, 0x000000008b800000| Untracked 
| 103|0x000000008b900000, 0x000000008b900000, 0x000000008ba00000|  0%| F|  |TAMS 0x000000008b900000, 0x000000008b900000| Untracked 
| 104|0x000000008ba00000, 0x000000008ba00000, 0x000000008bb00000|  0%| F|  |TAMS 0x000000008ba00000, 0x000000008ba00000| Untracked 
| 105|0x000000008bb00000, 0x000000008bb00000, 0x000000008bc00000|  0%| F|  |TAMS 0x000000008bb00000, 0x000000008bb00000| Untracked 
| 106|0x000000008bc00000, 0x000000008bc00000, 0x000000008bd00000|  0%| F|  |TAMS 0x000000008bc00000, 0x000000008bc00000| Untracked 
| 107|0x000000008bd00000, 0x000000008bd00000, 0x000000008be00000|  0%| F|  |TAMS 0x000000008bd00000, 0x000000008bd00000| Untracked 
| 108|0x000000008be00000, 0x000000008be00000, 0x000000008bf00000|  0%| F|  |TAMS 0x000000008be00000, 0x000000008be00000| Untracked 
| 109|0x000000008bf00000, 0x000000008bf00000, 0x000000008c000000|  0%| F|  |TAMS 0x000000008bf00000, 0x000000008bf00000| Untracked 
| 110|0x000000008c000000, 0x000000008c000000, 0x000000008c100000|  0%| F|  |TAMS 0x000000008c000000, 0x000000008c000000| Untracked 
| 111|0x000000008c100000, 0x000000008c100000, 0x000000008c200000|  0%| F|  |TAMS 0x000000008c100000, 0x000000008c100000| Untracked 
| 112|0x000000008c200000, 0x000000008c200000, 0x000000008c300000|  0%| F|  |TAMS 0x000000008c200000, 0x000000008c200000| Untracked 
| 113|0x000000008c300000, 0x000000008c300000, 0x000000008c400000|  0%| F|  |TAMS 0x000000008c300000, 0x000000008c300000| Untracked 
| 114|0x000000008c400000, 0x000000008c480000, 0x000000008c500000| 50%| E|  |TAMS 0x000000008c400000, 0x000000008c400000| Complete 
| 115|0x000000008c500000, 0x000000008c600000, 0x000000008c600000|100%| E|CS|TAMS 0x000000008c500000, 0x000000008c500000| Complete 
| 116|0x000000008c600000, 0x000000008c700000, 0x000000008c700000|100%| E|CS|TAMS 0x000000008c600000, 0x000000008c600000| Complete 
| 117|0x000000008c700000, 0x000000008c800000, 0x000000008c800000|100%| E|CS|TAMS 0x000000008c700000, 0x000000008c700000| Complete 
| 118|0x000000008c800000, 0x000000008c900000, 0x000000008c900000|100%| E|CS|TAMS 0x000000008c800000, 0x000000008c800000| Complete 
| 119|0x000000008c900000, 0x000000008ca00000, 0x000000008ca00000|100%| E|CS|TAMS 0x000000008c900000, 0x000000008c900000| Complete 
| 120|0x000000008ca00000, 0x000000008cb00000, 0x000000008cb00000|100%| E|CS|TAMS 0x000000008ca00000, 0x000000008ca00000| Complete 
| 121|0x000000008cb00000, 0x000000008cc00000, 0x000000008cc00000|100%| E|CS|TAMS 0x000000008cb00000, 0x000000008cb00000| Complete 
| 122|0x000000008cc00000, 0x000000008cd00000, 0x000000008cd00000|100%| E|CS|TAMS 0x000000008cc00000, 0x000000008cc00000| Complete 
| 123|0x000000008cd00000, 0x000000008ce00000, 0x000000008ce00000|100%| E|CS|TAMS 0x000000008cd00000, 0x000000008cd00000| Complete 
|1964|0x00000000ffe00000, 0x00000000ffe75000, 0x00000000fff00000| 45%|OA|  |TAMS 0x00000000ffe00000, 0x00000000ffe00000| Untracked 
|1965|0x00000000fff00000, 0x00000000fff77000, 0x0000000100000000| 46%|CA|  |TAMS 0x00000000fff00000, 0x00000000fff00000| Untracked 

Card table byte_map: [0x00007f984d3a0000,0x00007f984d777000] _byte_map_base: 0x00007f984cf77000

Marking Bits (Prev, Next): (CMBitMap*) 0x00007f9848075f00, (CMBitMap*) 0x00007f9848075f40
 Prev Bits: [0x00007f982f6ad000, 0x00007f9831565000)
 Next Bits: [0x00007f982d7f5000, 0x00007f982f6ad000)

Polling page: 0x00007f98504fc000

Metaspace:

Usage:
  Non-class:     15.13 MB used.
      Class:      1.67 MB used.
       Both:     16.80 MB used.

Virtual space:
  Non-class space:       64.00 MB reserved,      15.25 MB ( 24%) committed,  1 nodes.
      Class space:        1.00 GB reserved,       1.81 MB ( <1%) committed,  1 nodes.
             Both:        1.06 GB reserved,      17.06 MB (  2%) committed. 

Chunk freelists:
   Non-Class:  15.89 MB
       Class:  14.22 MB
        Both:  30.11 MB

MaxMetaspaceSize: unlimited
CompressedClassSpaceSize: 1.00 GB
Initial GC threshold: 21.00 MB
Current GC threshold: 21.00 MB
CDS: on
MetaspaceReclaimPolicy: balanced
 - commit_granule_bytes: 65536.
 - commit_granule_words: 8192.
 - virtual_space_node_default_size: 8388608.
 - enlarge_chunks_in_place: 1.
 - new_chunks_are_fully_committed: 0.
 - uncommit_free_chunks: 1.
 - use_allocation_guard: 0.
 - handle_deallocations: 1.


Internal statistics:

num_allocs_failed_limit: 0.
num_arena_births: 240.
num_arena_deaths: 0.
num_vsnodes_births: 2.
num_vsnodes_deaths: 0.
num_space_committed: 273.
num_space_uncommitted: 0.
num_chunks_returned_to_freelist: 0.
num_chunks_taken_from_freelist: 741.
num_chunk_merges: 0.
num_chunk_splits: 531.
num_chunks_enlarged: 414.
num_inconsistent_stats: 0.

CodeHeap 'non-profiled nmethods': size=119168Kb used=1031Kb max_used=1031Kb free=118136Kb
 bounds [0x00007f9839105000, 0x00007f9839375000, 0x00007f9840565000]
CodeHeap 'profiled nmethods': size=119164Kb used=4835Kb max_used=4835Kb free=114328Kb
 bounds [0x00007f9831565000, 0x00007f9831a25000, 0x00007f98389c4000]
CodeHeap 'non-nmethods': size=7428Kb used=2944Kb max_used=3003Kb free=4483Kb
 bounds [0x00007f98389c4000, 0x00007f9838d34000, 0x00007f9839105000]
 total_blobs=3150 nmethods=2575 adapters=485
 compilation: enabled
              stopped_count=0, restarted_count=0
 full_count=0

Compilation events (20 events):
Event: 5.280 Thread 0x00007f97740020e0 2565       4       org.apache.kafka.common.protocol.MessageSizeAccumulator::addBytes (11 bytes)
Event: 5.280 Thread 0x00007f97901dab60 nmethod 2422 0x00007f98391f2890 code [0x00007f98391f2a20, 0x00007f98391f2b18]
Event: 5.280 Thread 0x00007f97901dab60 2435       4       java.nio.HeapByteBuffer::ix (7 bytes)
Event: 5.280 Thread 0x00007f97901dab60 nmethod 2435 0x00007f98391f2c90 code [0x00007f98391f2e00, 0x00007f98391f2e78]
Event: 5.280 Thread 0x00007f97740020e0 nmethod 2565 0x00007f98391f2f90 code [0x00007f98391f3100, 0x00007f98391f3178]
Event: 5.280 Thread 0x00007f97740020e0 2417       4       jdk.internal.access.SharedSecrets::getJavaLangAccess (4 bytes)
Event: 5.280 Thread 0x00007f97901dab60 2535       4       org.apache.kafka.clients.producer.internals.RecordAccumulator$RecordAppendResult::<init> (26 bytes)
Event: 5.280 Thread 0x00007f97740020e0 nmethod 2417 0x00007f98391f3290 code [0x00007f98391f3400, 0x00007f98391f3478]
Event: 5.281 Thread 0x00007f97901dab60 nmethod 2535 0x00007f98391f3590 code [0x00007f98391f3700, 0x00007f98391f3858]
Event: 5.281 Thread 0x00007f97901dab60 2570       4       java.lang.StringConcatHelper::stringOf (20 bytes)
Event: 5.281 Thread 0x00007f97901dab60 nmethod 2570 0x00007f98391f3d10 code [0x00007f98391f3ea0, 0x00007f98391f3f38]
Event: 5.282 Thread 0x00007f97901dab60 2572       4       java.lang.StringConcatHelper::mix (27 bytes)
Event: 5.283 Thread 0x00007f97901dab60 nmethod 2572 0x00007f98391f4010 code [0x00007f98391f41a0, 0x00007f98391f4258]
Event: 5.284 Thread 0x00007f9774005520 nmethod 2383 0x00007f98391f4390 code [0x00007f98391f4780, 0x00007f98391f8818]
Event: 5.284 Thread 0x00007f97a8044bc0 2573       3       java.util.concurrent.ThreadLocalRandom::nextDouble (5 bytes)
Event: 5.284 Thread 0x00007f97a8028ab0 2574       3       java.util.Random::nextDouble (24 bytes)
Event: 5.285 Thread 0x00007f97740020e0 2575       4       java.util.LinkedHashMap$LinkedHashIterator::hasNext (13 bytes)
Event: 5.285 Thread 0x00007f97a8028ab0 nmethod 2574 0x00007f9831a18410 code [0x00007f9831a185e0, 0x00007f9831a18890]
Event: 5.285 Thread 0x00007f97a8044bc0 nmethod 2573 0x00007f9831a18990 code [0x00007f9831a18bc0, 0x00007f9831a18fd0]
Event: 5.285 Thread 0x00007f97740020e0 nmethod 2575 0x00007f98391fb990 code [0x00007f98391fbb00, 0x00007f98391fbb98]

GC Heap History (6 events):
Event: 0.385 GC heap before
{Heap before GC invocations=0 (full 0):
 garbage-first heap   total 129024K, used 23472K [0x0000000085200000, 0x0000000100000000)
  region size 1024K, 23 young (23552K), 0 survivors (0K)
 Metaspace       used 7424K, committed 7616K, reserved 1114112K
  class space    used 736K, committed 832K, reserved 1048576K
}
Event: 0.390 GC heap after
{Heap after GC invocations=1 (full 0):
 garbage-first heap   total 129024K, used 5807K [0x0000000085200000, 0x0000000100000000)
  region size 1024K, 3 young (3072K), 3 survivors (3072K)
 Metaspace       used 7424K, committed 7616K, reserved 1114112K
  class space    used 736K, committed 832K, reserved 1048576K
}
Event: 5.096 GC heap before
{Heap before GC invocations=1 (full 0):
 garbage-first heap   total 129024K, used 46767K [0x0000000085200000, 0x0000000100000000)
  region size 1024K, 41 young (41984K), 3 survivors (3072K)
 Metaspace       used 17050K, committed 17344K, reserved 1114112K
  class space    used 1709K, committed 1856K, reserved 1048576K
}
Event: 5.101 GC heap after
{Heap after GC invocations=2 (full 0):
 garbage-first heap   total 129024K, used 8879K [0x0000000085200000, 0x0000000100000000)
  region size 1024K, 6 young (6144K), 6 survivors (6144K)
 Metaspace       used 17050K, committed 17344K, reserved 1114112K
  class space    used 1709K, committed 1856K, reserved 1048576K
}
Event: 5.250 GC heap before
{Heap before GC invocations=2 (full 0):
 garbage-first heap   total 129024K, used 78511K [0x0000000085200000, 0x0000000100000000)
  region size 1024K, 74 young (75776K), 6 survivors (6144K)
 Metaspace       used 17190K, committed 17472K, reserved 1114112K
  class space    used 1709K, committed 1856K, reserved 1048576K
}
Event: 5.273 GC heap after
{Heap after GC invocations=3 (full 0):
 garbage-first heap   total 129024K, used 22798K [0x0000000085200000, 0x0000000100000000)
  region size 1024K, 10 young (10240K), 10 survivors (10240K)
 Metaspace       used 17190K, committed 17472K, reserved 1114112K
  class space    used 1709K, committed 1856K, reserved 1048576K
}

Dll operation events (12 events):
Event: 0.001 Loaded shared library /usr/lib/jvm/java-17-openjdk-amd64/lib/libjava.so
Event: 0.011 Loaded shared library /usr/lib/jvm/java-17-openjdk-amd64/lib/libjsvml.so
Event: 0.028 Loaded shared library /usr/lib/jvm/java-17-openjdk-amd64/lib/libzip.so
Event: 0.030 Loaded shared library /usr/lib/jvm/java-17-openjdk-amd64/lib/libnio.so
Event: 0.031 Loaded shared library /usr/lib/jvm/java-17-openjdk-amd64/lib/libjimage.so
Event: 0.085 Loaded shared library /usr/lib/jvm/java-17-openjdk-amd64/lib/libverify.so
Event: 0.182 Loaded shared library /usr/lib/jvm/java-17-openjdk-amd64/lib/libmanagement.so
Event: 0.192 Loaded shared library /usr/lib/jvm/java-17-openjdk-amd64/lib/libmanagement_ext.so
Event: 0.218 Loaded shared library /usr/lib/jvm/java-17-openjdk-amd64/lib/libnet.so
Event: 0.501 Loaded shared library /usr/lib/jvm/java-17-openjdk-amd64/lib/libextnet.so
Event: 5.069 Loaded shared library /tmp/liblz4-java-15668167824934532953.so
Event: 5.077 Loaded shared library /usr/lib/libsharedmemory.so

Deoptimization events (20 events):
Event: 5.133 Thread 0x00007f9848019ee0 Uncommon trap: trap_request=0xffffff45 fr.pc=0x00007f98391b1dec relative=0x000000000000020c
Event: 5.133 Thread 0x00007f9848019ee0 Uncommon trap: reason=unstable_if action=reinterpret pc=0x00007f98391b1dec method=java.util.ArrayDeque.dec(II)I @ 4 c2
Event: 5.133 Thread 0x00007f9848019ee0 DEOPT PACKING pc=0x00007f98391b1dec sp=0x00007f984eb74360
Event: 5.133 Thread 0x00007f9848019ee0 DEOPT UNPACKING pc=0x00007f9838a1a699 sp=0x00007f984eb741c8 mode 2
Event: 5.276 Thread 0x00007f9848019ee0 Uncommon trap: trap_request=0xffffffde fr.pc=0x00007f98391eb330 relative=0x0000000000000110
Event: 5.276 Thread 0x00007f9848019ee0 Uncommon trap: reason=class_check action=maybe_recompile pc=0x00007f98391eb330 method=jdk.internal.misc.Unsafe.allocateUninitializedArray(Ljava/lang/Class;I)Ljava/lang/Object; @ 51 c2
Event: 5.276 Thread 0x00007f9848019ee0 DEOPT PACKING pc=0x00007f98391eb330 sp=0x00007f984eb74650
Event: 5.276 Thread 0x00007f9848019ee0 DEOPT UNPACKING pc=0x00007f9838a1a699 sp=0x00007f984eb745f8 mode 2
Event: 5.276 Thread 0x00007f9848019ee0 Uncommon trap: trap_request=0xffffffde fr.pc=0x00007f98391eb330 relative=0x0000000000000110
Event: 5.276 Thread 0x00007f9848019ee0 Uncommon trap: reason=class_check action=maybe_recompile pc=0x00007f98391eb330 method=jdk.internal.misc.Unsafe.allocateUninitializedArray(Ljava/lang/Class;I)Ljava/lang/Object; @ 51 c2
Event: 5.276 Thread 0x00007f9848019ee0 DEOPT PACKING pc=0x00007f98391eb330 sp=0x00007f984eb74650
Event: 5.276 Thread 0x00007f9848019ee0 DEOPT UNPACKING pc=0x00007f9838a1a699 sp=0x00007f984eb745f8 mode 2
Event: 5.276 Thread 0x00007f9848019ee0 Uncommon trap: trap_request=0xffffffde fr.pc=0x00007f98391eb330 relative=0x0000000000000110
Event: 5.276 Thread 0x00007f9848019ee0 Uncommon trap: reason=class_check action=maybe_recompile pc=0x00007f98391eb330 method=jdk.internal.misc.Unsafe.allocateUninitializedArray(Ljava/lang/Class;I)Ljava/lang/Object; @ 51 c2
Event: 5.276 Thread 0x00007f9848019ee0 DEOPT PACKING pc=0x00007f98391eb330 sp=0x00007f984eb74650
Event: 5.276 Thread 0x00007f9848019ee0 DEOPT UNPACKING pc=0x00007f9838a1a699 sp=0x00007f984eb745f8 mode 2
Event: 5.276 Thread 0x00007f9848019ee0 Uncommon trap: trap_request=0xffffffde fr.pc=0x00007f98391eb330 relative=0x0000000000000110
Event: 5.276 Thread 0x00007f9848019ee0 Uncommon trap: reason=class_check action=maybe_recompile pc=0x00007f98391eb330 method=jdk.internal.misc.Unsafe.allocateUninitializedArray(Ljava/lang/Class;I)Ljava/lang/Object; @ 51 c2
Event: 5.276 Thread 0x00007f9848019ee0 DEOPT PACKING pc=0x00007f98391eb330 sp=0x00007f984eb74650
Event: 5.276 Thread 0x00007f9848019ee0 DEOPT UNPACKING pc=0x00007f9838a1a699 sp=0x00007f984eb745f8 mode 2

Classes loaded (20 events):
Event: 5.067 Loading class java/lang/constant/DynamicConstantDesc$AnonymousDynamicConstantDesc
Event: 5.067 Loading class java/lang/constant/DynamicConstantDesc$AnonymousDynamicConstantDesc done
Event: 5.069 Loading class java/io/FileOutputStream$1
Event: 5.069 Loading class java/io/FileOutputStream$1 done
Event: 5.069 Loading class java/lang/ProcessEnvironment
Event: 5.069 Loading class java/lang/ProcessEnvironment done
Event: 5.069 Loading class java/lang/ProcessEnvironment$Variable
Event: 5.069 Loading class java/lang/ProcessEnvironment$ExternalData
Event: 5.069 Loading class java/lang/ProcessEnvironment$ExternalData done
Event: 5.069 Loading class java/lang/ProcessEnvironment$Variable done
Event: 5.069 Loading class java/lang/ProcessEnvironment$Value
Event: 5.069 Loading class java/lang/ProcessEnvironment$Value done
Event: 5.070 Loading class java/lang/ProcessEnvironment$StringEnvironment
Event: 5.070 Loading class java/lang/ProcessEnvironment$StringEnvironment done
Event: 5.070 Loading class java/io/DeleteOnExitHook
Event: 5.070 Loading class java/io/DeleteOnExitHook done
Event: 5.070 Loading class java/io/DeleteOnExitHook$1
Event: 5.070 Loading class java/io/DeleteOnExitHook$1 done
Event: 5.089 Loading class jdk/internal/access/foreign/MemorySegmentProxy
Event: 5.089 Loading class jdk/internal/access/foreign/MemorySegmentProxy done

Classes unloaded (0 events):
No events

Classes redefined (0 events):
No events

Internal exceptions (20 events):
Event: 0.526 Thread 0x00007f9848165c70 Exception <a 'java/lang/NoSuchMethodError'{0x000000008ba16d88}: 'java.lang.Object java.lang.invoke.Invokers$Holder.linkToTargetMethod(java.lang.Object, long, java.lang.Object)'> (0x000000008ba16d88) 
thrown [./src/hotspot/share/interpreter/linkResolver.cpp, line 758]
Event: 0.526 Thread 0x00007f9848165c70 Exception <a 'java/lang/NoSuchMethodError'{0x000000008ba20e68}: 'java.lang.Object java.lang.invoke.DirectMethodHandle$Holder.newInvokeSpecial(java.lang.Object, long, long)'> (0x000000008ba20e68) 
thrown [./src/hotspot/share/interpreter/linkResolver.cpp, line 758]
Event: 0.527 Thread 0x00007f9848165c70 Exception <a 'java/lang/NoSuchMethodError'{0x000000008ba256a8}: 'int java.lang.invoke.DirectMethodHandle$Holder.invokeVirtual(java.lang.Object, java.lang.Object)'> (0x000000008ba256a8) 
thrown [./src/hotspot/share/interpreter/linkResolver.cpp, line 758]
Event: 0.528 Thread 0x00007f9848165c70 Exception <a 'java/lang/NoSuchMethodError'{0x000000008ba3ac20}: 'void java.lang.invoke.DirectMethodHandle$Holder.invokeSpecial(java.lang.Object, java.lang.Object, java.lang.Object)'> (0x000000008ba3ac20) 
thrown [./src/hotspot/share/interpreter/linkResolver.cpp, line 758]
Event: 0.532 Thread 0x00007f9848165c70 Exception <a 'java/lang/NoSuchMethodError'{0x000000008ba7f4b8}: 'java.lang.Object java.lang.invoke.DirectMethodHandle$Holder.newInvokeSpecial(java.lang.Object, long)'> (0x000000008ba7f4b8) 
thrown [./src/hotspot/share/interpreter/linkResolver.cpp, line 758]
Event: 0.577 Thread 0x00007f9848165c70 Exception <a 'java/lang/NoSuchMethodError'{0x000000008b28bd70}: 'void java.lang.invoke.DirectMethodHandle$Holder.invokeStatic(java.lang.Object, int, java.lang.Object)'> (0x000000008b28bd70) 
thrown [./src/hotspot/share/interpreter/linkResolver.cpp, line 758]
Event: 0.581 Thread 0x00007f9848165c70 Exception <a 'java/lang/NoSuchMethodError'{0x000000008b2d6270}: 'java.lang.Object java.lang.invoke.DirectMethodHandle$Holder.invokeInterface(java.lang.Object, java.lang.Object, java.lang.Object)'> (0x000000008b2d6270) 
thrown [./src/hotspot/share/interpreter/linkResolver.cpp, line 758]
Event: 0.590 Thread 0x00007f9848165c70 Exception <a 'java/lang/NoSuchMethodError'{0x000000008b1878d0}: 'java.lang.Object java.lang.invoke.Invokers$Holder.invokeExact_MT(java.lang.Object, java.lang.Object, java.lang.Object, java.lang.Object, java.lang.Object, java.lang.Object)'> (0x000000008b1878d0) 
thrown [./src/hotspot/share/interpreter/linkResolver.cpp, line 758]
Event: 0.591 Thread 0x00007f9848165c70 Exception <a 'java/lang/NoSuchMethodError'{0x000000008b19a180}: 'java.lang.Object java.lang.invoke.DirectMethodHandle$Holder.invokeVirtual(java.lang.Object, java.lang.Object, java.lang.Object)'> (0x000000008b19a180) 
thrown [./src/hotspot/share/interpreter/linkResolver.cpp, line 758]
Event: 3.607 Thread 0x00007f9848165c70 Exception <a 'java/lang/NoSuchMethodError'{0x000000008b034040}: 'void java.lang.invoke.DirectMethodHandle$Holder.invokeStatic(java.lang.Object, java.lang.Object, java.lang.Object, java.lang.Object, java.lang.Object, java.lang.Object)'> (0x000000008b034040) 
thrown [./src/hotspot/share/interpreter/linkResolver.cpp, line 758]
Event: 3.631 Thread 0x00007f9848165c70 Exception <a 'java/lang/NoSuchMethodError'{0x000000008af16198}: 'java.lang.Object java.lang.invoke.DirectMethodHandle$Holder.invokeVirtual(java.lang.Object, java.lang.Object, int)'> (0x000000008af16198) 
thrown [./src/hotspot/share/interpreter/linkResolver.cpp, line 758]
Event: 3.657 Thread 0x00007f9848165c70 Exception <a 'java/lang/NoSuchMethodError'{0x000000008aff7000}: 'java.lang.Object java.lang.invoke.DirectMethodHandle$Holder.invokeSpecial(java.lang.Object, java.lang.Object, int, java.lang.Object, java.lang.Object)'> (0x000000008aff7000) 
thrown [./src/hotspot/share/interpreter/linkResolver.cpp, line 758]
Event: 3.668 Thread 0x00007f9848165c70 Exception <a 'java/lang/NoSuchMethodError'{0x000000008aeb8200}: 'java.lang.Object java.lang.invoke.DirectMethodHandle$Holder.invokeSpecial(java.lang.Object, java.lang.Object, java.lang.Object, long, java.lang.Object)'> (0x000000008aeb8200) 
thrown [./src/hotspot/share/interpreter/linkResolver.cpp, line 758]
Event: 3.668 Thread 0x00007f9848165c70 Exception <a 'java/lang/NoSuchMethodError'{0x000000008aebbdd0}: 'java.lang.Object java.lang.invoke.Invokers$Holder.linkToTargetMethod(java.lang.Object, long, java.lang.Object, java.lang.Object)'> (0x000000008aebbdd0) 
thrown [./src/hotspot/share/interpreter/linkResolver.cpp, line 758]
Event: 5.043 Thread 0x00007f9848019ee0 Exception <a 'java/lang/NoSuchMethodError'{0x000000008abec338}: 'double java.lang.invoke.DirectMethodHandle$Holder.invokeStatic(java.lang.Object, java.lang.Object, java.lang.Object, long)'> (0x000000008abec338) 
thrown [./src/hotspot/share/interpreter/linkResolver.cpp, line 758]
Event: 5.046 Thread 0x00007f9848019ee0 Exception <a 'java/lang/NoSuchMethodError'{0x000000008aa4d2d0}: 'java.lang.Object java.lang.invoke.DirectMethodHandle$Holder.invokeSpecial(java.lang.Object, java.lang.Object, int, long)'> (0x000000008aa4d2d0) 
thrown [./src/hotspot/share/interpreter/linkResolver.cpp, line 758]
Event: 5.047 Thread 0x00007f9848019ee0 Exception <a 'java/lang/NoSuchMethodError'{0x000000008aa61b08}: 'java.lang.Object java.lang.invoke.DirectMethodHandle$Holder.newInvokeSpecial(java.lang.Object, java.lang.Object, int)'> (0x000000008aa61b08) 
thrown [./src/hotspot/share/interpreter/linkResolver.cpp, line 758]
Event: 5.051 Thread 0x00007f98481bb8a0 Exception <a 'java/lang/NoSuchMethodError'{0x000000008aab1978}: 'java.lang.Object java.lang.invoke.DirectMethodHandle$Holder.newInvokeSpecial(java.lang.Object, java.lang.Object, java.lang.Object, long)'> (0x000000008aab1978) 
thrown [./src/hotspot/share/interpreter/linkResolver.cpp, line 758]
Event: 5.051 Thread 0x00007f98481bb8a0 Exception <a 'java/lang/NoSuchMethodError'{0x000000008aab59c8}: 'java.lang.Object java.lang.invoke.DirectMethodHandle$Holder.invokeSpecial(java.lang.Object, java.lang.Object, java.lang.Object, java.lang.Object, long)'> (0x000000008aab59c8) 
thrown [./src/hotspot/share/interpreter/linkResolver.cpp, line 758]
Event: 5.052 Thread 0x00007f98481bb8a0 Exception <a 'java/lang/NoSuchMethodError'{0x000000008aab92f0}: 'java.lang.Object java.lang.invoke.Invokers$Holder.linkToTargetMethod(java.lang.Object, java.lang.Object, long, java.lang.Object)'> (0x000000008aab92f0) 
thrown [./src/hotspot/share/interpreter/linkResolver.cpp, line 758]

VM Operations (20 events):
Event: 3.525 Executing VM operation: Cleanup
Event: 3.525 Executing VM operation: Cleanup done
Event: 3.611 Executing VM operation: HandshakeAllThreads
Event: 3.611 Executing VM operation: HandshakeAllThreads done
Event: 3.660 Executing VM operation: HandshakeAllThreads
Event: 3.660 Executing VM operation: HandshakeAllThreads done
Event: 3.670 Executing VM operation: HandshakeAllThreads
Event: 3.670 Executing VM operation: HandshakeAllThreads done
Event: 4.671 Executing VM operation: Cleanup
Event: 4.671 Executing VM operation: Cleanup done
Event: 5.061 Executing VM operation: HandshakeAllThreads
Event: 5.061 Executing VM operation: HandshakeAllThreads done
Event: 5.061 Executing VM operation: HandshakeAllThreads
Event: 5.061 Executing VM operation: HandshakeAllThreads done
Event: 5.072 Executing VM operation: HandshakeAllThreads
Event: 5.072 Executing VM operation: HandshakeAllThreads done
Event: 5.096 Executing VM operation: G1CollectForAllocation
Event: 5.101 Executing VM operation: G1CollectForAllocation done
Event: 5.249 Executing VM operation: G1CollectForAllocation
Event: 5.274 Executing VM operation: G1CollectForAllocation done

Memory protections (20 events):
Event: 0.015 Protecting memory [0x00007f982c940000,0x00007f982c944000] with protection modes 0
Event: 0.018 Protecting memory [0x00007f982c83f000,0x00007f982c843000] with protection modes 0
Event: 0.019 Protecting memory [0x00007f982c63d000,0x00007f982c641000] with protection modes 0
Event: 0.024 Protecting memory [0x00007f982c53c000,0x00007f982c540000] with protection modes 0
Event: 0.027 Protecting memory [0x00007f982c43b000,0x00007f982c43f000] with protection modes 0
Event: 0.027 Protecting memory [0x00007f982c33a000,0x00007f982c33e000] with protection modes 0
Event: 0.040 Protecting memory [0x00007f982c208000,0x00007f982c20c000] with protection modes 0
Event: 0.042 Protecting memory [0x00007f982c107000,0x00007f982c10b000] with protection modes 0
Event: 0.584 Protecting memory [0x00007f981dbfd000,0x00007f981dc01000] with protection modes 0
Event: 3.683 Protecting memory [0x00007f982c33a000,0x00007f982c33e000] with protection modes 0
Event: 3.683 Protecting memory [0x00007f982c208000,0x00007f982c20c000] with protection modes 0
Event: 5.044 Protecting memory [0x00007f982c208000,0x00007f982c20c000] with protection modes 0
Event: 5.080 Protecting memory [0x00007f982c53c000,0x00007f982c540000] with protection modes 0
Event: 5.083 Protecting memory [0x00007f982c107000,0x00007f982c10b000] with protection modes 0
Event: 5.092 Protecting memory [0x00007f981dafc000,0x00007f981db00000] with protection modes 0
Event: 5.096 Protecting memory [0x00007f981d700000,0x00007f981d704000] with protection modes 0
Event: 5.105 Protecting memory [0x00007f981d1fb000,0x00007f981d1ff000] with protection modes 0
Event: 5.107 Protecting memory [0x00007f981d0fa000,0x00007f981d0fe000] with protection modes 0
Event: 5.107 Protecting memory [0x00007f981cff9000,0x00007f981cffd000] with protection modes 0
Event: 5.108 Protecting memory [0x00007f981cef8000,0x00007f981cefc000] with protection modes 0

Nmethod flushes (0 events):
No events

Events (20 events):
Event: 0.027 Thread 0x00007f98481530d0 Thread added: 0x00007f97a8045d40
Event: 0.040 Thread 0x00007f97a8044bc0 Thread added: 0x00007f9790072b60
Event: 0.042 Thread 0x00007f9848151b90 Thread added: 0x00007f97b40c6df0
Event: 0.584 Thread 0x00007f9848165c70 Thread added: 0x00007f979c5b9b00
Event: 0.735 Thread 0x00007f97b40c6df0 Thread exited: 0x00007f97b40c6df0
Event: 3.156 Thread 0x00007f9790072b60 Thread exited: 0x00007f9790072b60
Event: 3.256 Thread 0x00007f97a8045d40 Thread exited: 0x00007f97a8045d40
Event: 3.683 Thread 0x00007f97a8044bc0 Thread added: 0x00007f979011f3e0
Event: 3.683 Thread 0x00007f97a8044bc0 Thread added: 0x00007f979011ffa0
Event: 3.687 Thread 0x00007f9848165c70 Thread exited: 0x00007f9848165c70
Event: 5.028 Thread 0x00007f979011ffa0 Thread exited: 0x00007f979011ffa0
Event: 5.044 Thread 0x00007f9848019ee0 Thread added: 0x00007f98481bb8a0
Event: 5.080 Thread 0x00007f979011f3e0 Thread added: 0x00007f97940563b0
Event: 5.083 Thread 0x00007f98481530d0 Thread added: 0x00007f97a8028ab0
Event: 5.092 Thread 0x00007f97a8044bc0 Thread added: 0x00007f97901dab60
Event: 5.096 Thread 0x00007f97901dab60 Thread added: 0x00007f9770001010
Event: 5.105 Thread 0x00007f9770001010 Thread added: 0x00007f97740020e0
Event: 5.107 Thread 0x00007f9770001010 Thread added: 0x00007f97740032b0
Event: 5.107 Thread 0x00007f9770001010 Thread added: 0x00007f9774004370
Event: 5.108 Thread 0x00007f9770001010 Thread added: 0x00007f9774005520


Dynamic libraries:
85200000-8ce00000 rw-p 00000000 00:00 0 
8ce00000-ffe00000 ---p 00000000 00:00 0 
ffe00000-ffe75000 rw-p 00c78000 08:20 95595                              /usr/lib/jvm/java-17-openjdk-amd64/lib/server/classes.jsa
ffe75000-fff00000 rw-p 00000000 00:00 0 
fff00000-fff77000 rw-p 00c01000 08:20 95595                              /usr/lib/jvm/java-17-openjdk-amd64/lib/server/classes.jsa
fff77000-100000000 rw-p 00000000 00:00 0 
55f81bcde000-55f81bcdf000 r--p 00000000 08:20 95441                      /usr/lib/jvm/java-17-openjdk-amd64/bin/java
55f81bcdf000-55f81bce0000 r-xp 00001000 08:20 95441                      /usr/lib/jvm/java-17-openjdk-amd64/bin/java
55f81bce0000-55f81bce1000 r--p 00002000 08:20 95441                      /usr/lib/jvm/java-17-openjdk-amd64/bin/java
55f81bce1000-55f81bce2000 r--p 00002000 08:20 95441                      /usr/lib/jvm/java-17-openjdk-amd64/bin/java
55f81bce2000-55f81bce3000 rw-p 00003000 08:20 95441                      /usr/lib/jvm/java-17-openjdk-amd64/bin/java
55f846003000-55f84604b000 rw-p 00000000 00:00 0                          [heap]
7f9740000000-7f9740021000 rw-p 00000000 00:00 0 
7f9740021000-7f9744000000 ---p 00000000 00:00 0 
7f9744000000-7f9744021000 rw-p 00000000 00:00 0 
7f9744021000-7f9748000000 ---p 00000000 00:00 0 
7f9748000000-7f9748021000 rw-p 00000000 00:00 0 
7f9748021000-7f974c000000 ---p 00000000 00:00 0 
7f974c000000-7f974c021000 rw-p 00000000 00:00 0 
7f974c021000-7f9750000000 ---p 00000000 00:00 0 
7f9750000000-7f97507d5000 rw-p 00000000 00:00 0 
7f97507d5000-7f9754000000 ---p 00000000 00:00 0 
7f9754000000-7f9754828000 rw-p 00000000 00:00 0 
7f9754828000-7f9758000000 ---p 00000000 00:00 0 
7f9758000000-7f97587b4000 rw-p 00000000 00:00 0 
7f97587b4000-7f975c000000 ---p 00000000 00:00 0 
7f975c000000-7f975c863000 rw-p 00000000 00:00 0 
7f975c863000-7f9760000000 ---p 00000000 00:00 0 
7f9760000000-7f9760021000 rw-p 00000000 00:00 0 
7f9760021000-7f9764000000 ---p 00000000 00:00 0 
7f9764000000-7f9764021000 rw-p 00000000 00:00 0 
7f9764021000-7f9768000000 ---p 00000000 00:00 0 
7f9768000000-7f9768021000 rw-p 00000000 00:00 0 
7f9768021000-7f976c000000 ---p 00000000 00:00 0 
7f976c000000-7f976c021000 rw-p 00000000 00:00 0 
7f976c021000-7f9770000000 ---p 00000000 00:00 0 
7f9770000000-7f9770897000 rw-p 00000000 00:00 0 
7f9770897000-7f9774000000 ---p 00000000 00:00 0 
7f9774000000-7f9774859000 rw-p 00000000 00:00 0 
7f9774859000-7f9778000000 ---p 00000000 00:00 0 
7f9778000000-7f9778021000 rw-p 00000000 00:00 0 
7f9778021000-7f977c000000 ---p 00000000 00:00 0 
7f977c000000-7f977c021000 rw-p 00000000 00:00 0 
7f977c021000-7f9780000000 ---p 00000000 00:00 0 
7f9780000000-7f9780021000 rw-p 00000000 00:00 0 
7f9780021000-7f9784000000 ---p 00000000 00:00 0 
7f9784000000-7f9784021000 rw-p 00000000 00:00 0 
7f9784021000-7f9788000000 ---p 00000000 00:00 0 
7f9788000000-7f9788354000 rw-p 00000000 00:00 0 
7f9788354000-7f978c000000 ---p 00000000 00:00 0 
7f978c000000-7f978c2bf000 rw-p 00000000 00:00 0 
7f978c2bf000-7f9790000000 ---p 00000000 00:00 0 
7f9790000000-7f979031e000 rw-p 00000000 00:00 0 
7f979031e000-7f9794000000 ---p 00000000 00:00 0 
7f9794000000-7f97942a4000 rw-p 00000000 00:00 0 
7f97942a4000-7f9798000000 ---p 00000000 00:00 0 
7f9798000000-7f9798021000 rw-p 00000000 00:00 0 
7f9798021000-7f979c000000 ---p 00000000 00:00 0 
7f979c000000-7f979cef5000 rw-p 00000000 00:00 0 
7f979cef5000-7f97a0000000 ---p 00000000 00:00 0 
7f97a0000000-7f97a0021000 rw-p 00000000 00:00 0 
7f97a0021000-7f97a4000000 ---p 00000000 00:00 0 
7f97a4000000-7f97a4021000 rw-p 00000000 00:00 0 
7f97a4021000-7f97a8000000 ---p 00000000 00:00 0 
7f97a8000000-7f97a8301000 rw-p 00000000 00:00 0 
7f97a8301000-7f97ac000000 ---p 00000000 00:00 0 
7f97ac000000-7f97ac021000 rw-p 00000000 00:00 0 
7f97ac021000-7f97b0000000 ---p 00000000 00:00 0 
7f97b0000000-7f97b0021000 rw-p 00000000 00:00 0 
7f97b0021000-7f97b4000000 ---p 00000000 00:00 0 
7f97b4000000-7f97b5051000 rw-p 00000000 00:00 0 
7f97b5051000-7f97b8000000 ---p 00000000 00:00 0 
7f97b8000000-7f97b8021000 rw-p 00000000 00:00 0 
7f97b8021000-7f97bc000000 ---p 00000000 00:00 0 
7f97bc000000-7f97bc021000 rw-p 00000000 00:00 0 
7f97bc021000-7f97c0000000 ---p 00000000 00:00 0 
7f97c0000000-7f97c0021000 rw-p 00000000 00:00 0 
7f97c0021000-7f97c4000000 ---p 00000000 00:00 0 
7f97c4000000-7f97c4021000 rw-p 00000000 00:00 0 
7f97c4021000-7f97c8000000 ---p 00000000 00:00 0 
7f97c8000000-7f97c8021000 rw-p 00000000 00:00 0 
7f97c8021000-7f97cc000000 ---p 00000000 00:00 0 
7f97cf000000-7f97cfbc9000 rw-p 00001000 08:20 95595                      /usr/lib/jvm/java-17-openjdk-amd64/lib/server/classes.jsa
7f97cfbc9000-7f97d0000000 ---p 00000000 00:00 0 
7f97d0000000-7f97d0040000 rw-p 00000000 00:00 0 
7f97d0040000-7f97d00c0000 rw-p 00000000 00:00 0 
7f97d00c0000-7f97d01d0000 rw-p 00000000 00:00 0 
7f97d01d0000-7f9810000000 ---p 00000000 00:00 0 
7f9810000000-7f9810021000 rw-p 00000000 00:00 0 
7f9810021000-7f9814000000 ---p 00000000 00:00 0 
7f9814000000-7f9814400000 rw-p 00000000 00:00 0 
7f9814400000-7f9814d00000 rw-p 00000000 00:00 0 
7f9814d00000-7f9814e00000 rw-p 00000000 00:00 0 
7f9814e00000-7f9814f20000 rw-p 00000000 00:00 0 
7f9814f20000-7f9815000000 ---p 00000000 00:00 0 
7f9815000000-7f9815020000 rw-p 00000000 00:00 0 
7f9815020000-7f9818000000 ---p 00000000 00:00 0 
7f9818000000-7f9818021000 rw-p 00000000 00:00 0 
7f9818021000-7f981c000000 ---p 00000000 00:00 0 
7f981c865000-7f981caf3000 rw-p 00000000 00:00 0 
7f981caf3000-7f981caf4000 ---p 00000000 00:00 0 
7f981caf4000-7f981cbf4000 rw-p 00000000 00:00 0 
7f981cbf4000-7f981cbf5000 ---p 00000000 00:00 0 
7f981cbf5000-7f981ccf5000 rw-p 00000000 00:00 0 
7f981ccf5000-7f981ccf6000 ---p 00000000 00:00 0 
7f981ccf6000-7f981cdf6000 rw-p 00000000 00:00 0 
7f981cdf6000-7f981cdf7000 ---p 00000000 00:00 0 
7f981cdf7000-7f981cef7000 rw-p 00000000 00:00 0 
7f981cef7000-7f981cef8000 ---p 00000000 00:00 0 
7f981cef8000-7f981cefc000 ---p 00000000 00:00 0 
7f981cefc000-7f981cff8000 rw-p 00000000 00:00 0 
7f981cff8000-7f981cff9000 ---p 00000000 00:00 0 
7f981cff9000-7f981cffd000 ---p 00000000 00:00 0 
7f981cffd000-7f981d0f9000 rw-p 00000000 00:00 0 
7f981d0f9000-7f981d0fa000 ---p 00000000 00:00 0 
7f981d0fa000-7f981d0fe000 ---p 00000000 00:00 0 
7f981d0fe000-7f981d1fa000 rw-p 00000000 00:00 0 
7f981d1fa000-7f981d1fb000 ---p 00000000 00:00 0 
7f981d1fb000-7f981d1ff000 ---p 00000000 00:00 0 
7f981d1ff000-7f981d2fb000 rw-p 00000000 00:00 0 
7f981d2fb000-7f981d2fc000 ---p 00000000 00:00 0 
7f981d2fc000-7f981d3fc000 rw-p 00000000 00:00 0 
7f981d3fc000-7f981d3fd000 ---p 00000000 00:00 0 
7f981d3fd000-7f981d4fd000 rw-p 00000000 00:00 0 
7f981d4fd000-7f981d4fe000 ---p 00000000 00:00 0 
7f981d4fe000-7f981d5fe000 rw-p 00000000 00:00 0 
7f981d5fe000-7f981d5ff000 ---p 00000000 00:00 0 
7f981d5ff000-7f981d6ff000 rw-p 00000000 00:00 0 
7f981d6ff000-7f981d700000 ---p 00000000 00:00 0 
7f981d700000-7f981d704000 ---p 00000000 00:00 0 
7f981d704000-7f981d800000 rw-p 00000000 00:00 0 
7f981d800000-7f981d824000 r-xp 00000000 08:20 104311                     /tmp/liblz4-java-15668167824934532953.so
7f981d824000-7f981da23000 ---p 00024000 08:20 104311                     /tmp/liblz4-java-15668167824934532953.so
7f981da23000-7f981da24000 rw-p 00023000 08:20 104311                     /tmp/liblz4-java-15668167824934532953.so
7f981dafb000-7f981dafc000 ---p 00000000 00:00 0 
7f981dafc000-7f981db00000 ---p 00000000 00:00 0 
7f981db00000-7f981dbfc000 rw-p 00000000 00:00 0 
7f981dbfc000-7f981dbfd000 ---p 00000000 00:00 0 
7f981dbfd000-7f981dc01000 ---p 00000000 00:00 0 
7f981dc01000-7f981dcfd000 rw-p 00000000 00:00 0 
7f981dcfd000-7f981dcfe000 ---p 00000000 00:00 0 
7f981dcfe000-7f981ddfe000 rw-p 00000000 00:00 0 
7f981ddfe000-7f981ddff000 ---p 00000000 00:00 0 
7f981ddff000-7f981deff000 rw-p 00000000 00:00 0 
7f981deff000-7f981df00000 ---p 00000000 00:00 0 
7f981df00000-7f9820000000 rw-p 00000000 00:00 0 
7f9820000000-7f9820021000 rw-p 00000000 00:00 0 
7f9820021000-7f9824000000 ---p 00000000 00:00 0 
7f9824000000-7f9824021000 rw-p 00000000 00:00 0 
7f9824021000-7f9828000000 ---p 00000000 00:00 0 
7f9828000000-7f9828021000 rw-p 00000000 00:00 0 
7f9828021000-7f982c000000 ---p 00000000 00:00 0 
7f982c0d9000-7f982c0f3000 rw-s 00000000 00:42 2                          /dev/shm/kafka_shared_memory
7f982c0f3000-7f982c0f4000 r--p 00000000 08:20 29424                      /usr/lib/libsharedmemory.so
7f982c0f4000-7f982c0f5000 r-xp 00001000 08:20 29424                      /usr/lib/libsharedmemory.so
7f982c0f5000-7f982c0f6000 r--p 00002000 08:20 29424                      /usr/lib/libsharedmemory.so
7f982c0f6000-7f982c0f7000 r--p 00002000 08:20 29424                      /usr/lib/libsharedmemory.so
7f982c0f7000-7f982c0f8000 rw-p 00003000 08:20 29424                      /usr/lib/libsharedmemory.so
7f982c0f8000-7f982c0f9000 r--p 00000000 08:20 95563                      /usr/lib/jvm/java-17-openjdk-amd64/lib/libextnet.so
7f982c0f9000-7f982c0fa000 r-xp 00001000 08:20 95563                      /usr/lib/jvm/java-17-openjdk-amd64/lib/libextnet.so
7f982c0fa000-7f982c0fb000 r--p 00002000 08:20 95563                      /usr/lib/jvm/java-17-openjdk-amd64/lib/libextnet.so
7f982c0fb000-7f982c0fc000 r--p 00002000 08:20 95563                      /usr/lib/jvm/java-17-openjdk-amd64/lib/libextnet.so
7f982c0fc000-7f982c0fd000 rw-p 00003000 08:20 95563                      /usr/lib/jvm/java-17-openjdk-amd64/lib/libextnet.so
7f982c0fd000-7f982c0ff000 r--p 00000000 08:20 95581                      /usr/lib/jvm/java-17-openjdk-amd64/lib/libmanagement_ext.so
7f982c0ff000-7f982c102000 r-xp 00002000 08:20 95581                      /usr/lib/jvm/java-17-openjdk-amd64/lib/libmanagement_ext.so
7f982c102000-7f982c103000 r--p 00005000 08:20 95581                      /usr/lib/jvm/java-17-openjdk-amd64/lib/libmanagement_ext.so
7f982c103000-7f982c104000 ---p 00006000 08:20 95581                      /usr/lib/jvm/java-17-openjdk-amd64/lib/libmanagement_ext.so
7f982c104000-7f982c105000 r--p 00006000 08:20 95581                      /usr/lib/jvm/java-17-openjdk-amd64/lib/libmanagement_ext.so
7f982c105000-7f982c106000 rw-p 00007000 08:20 95581                      /usr/lib/jvm/java-17-openjdk-amd64/lib/libmanagement_ext.so
7f982c106000-7f982c107000 ---p 00000000 00:00 0 
7f982c107000-7f982c10b000 ---p 00000000 00:00 0 
7f982c10b000-7f982c207000 rw-p 00000000 00:00 0 
7f982c207000-7f982c208000 ---p 00000000 00:00 0 
7f982c208000-7f982c20c000 ---p 00000000 00:00 0 
7f982c20c000-7f982c339000 rw-p 00000000 00:00 0 
7f982c339000-7f982c33a000 ---p 00000000 00:00 0 
7f982c33a000-7f982c33e000 ---p 00000000 00:00 0 
7f982c33e000-7f982c43a000 rw-p 00000000 00:00 0 
7f982c43a000-7f982c43b000 ---p 00000000 00:00 0 
7f982c43b000-7f982c43f000 ---p 00000000 00:00 0 
7f982c43f000-7f982c53b000 rw-p 00000000 00:00 0 
7f982c53b000-7f982c53c000 ---p 00000000 00:00 0 
7f982c53c000-7f982c540000 ---p 00000000 00:00 0 
7f982c540000-7f982c63c000 rw-p 00000000 00:00 0 
7f982c63c000-7f982c63d000 ---p 00000000 00:00 0 
7f982c63d000-7f982c641000 ---p 00000000 00:00 0 
7f982c641000-7f982c73d000 rw-p 00000000 00:00 0 
7f982c73d000-7f982c73e000 ---p 00000000 00:00 0 
7f982c73e000-7f982c83e000 rw-p 00000000 00:00 0 
7f982c83e000-7f982c83f000 ---p 00000000 00:00 0 
7f982c83f000-7f982c843000 ---p 00000000 00:00 0 
7f982c843000-7f982c93f000 rw-p 00000000 00:00 0 
7f982c93f000-7f982c940000 ---p 00000000 00:00 0 
7f982c940000-7f982c944000 ---p 00000000 00:00 0 
7f982c944000-7f982ca40000 rw-p 00000000 00:00 0 
7f982ca40000-7f982ca41000 ---p 00000000 00:00 0 
7f982ca41000-7f982ca45000 ---p 00000000 00:00 0 
7f982ca45000-7f982cb41000 rw-p 00000000 00:00 0 
7f982cb41000-7f982cb42000 ---p 00000000 00:00 0 
7f982cb42000-7f982cb46000 ---p 00000000 00:00 0 
7f982cb46000-7f982cc42000 rw-p 00000000 00:00 0 
7f982cc42000-7f982cc43000 ---p 00000000 00:00 0 
7f982cc43000-7f982cc47000 ---p 00000000 00:00 0 
7f982cc47000-7f982cd43000 rw-p 00000000 00:00 0 
7f982cd43000-7f982cd44000 ---p 00000000 00:00 0 
7f982cd44000-7f982cd48000 ---p 00000000 00:00 0 
7f982cd48000-7f982ce44000 rw-p 00000000 00:00 0 
7f982ce44000-7f982ce45000 ---p 00000000 00:00 0 
7f982ce45000-7f982ce49000 ---p 00000000 00:00 0 
7f982ce49000-7f982cf45000 rw-p 00000000 00:00 0 
7f982cf45000-7f982cf9c000 r--p 00000000 08:20 2331                       /usr/lib/locale/C.utf8/LC_CTYPE
7f982cf9c000-7f982cf9d000 ---p 00000000 00:00 0 
7f982cf9d000-7f982cfa1000 ---p 00000000 00:00 0 
7f982cfa1000-7f982d09d000 rw-p 00000000 00:00 0 
7f982d09d000-7f982d09e000 ---p 00000000 00:00 0 
7f982d09e000-7f982d0a2000 ---p 00000000 00:00 0 
7f982d0a2000-7f982d19e000 rw-p 00000000 00:00 0 
7f982d19e000-7f982d19f000 ---p 00000000 00:00 0 
7f982d19f000-7f982d29f000 rw-p 00000000 00:00 0 
7f982d29f000-7f982d2a4000 r--p 00000000 08:20 95577                      /usr/lib/jvm/java-17-openjdk-amd64/lib/libjsvml.so
7f982d2a4000-7f982d2e5000 r-xp 00005000 08:20 95577                      /usr/lib/jvm/java-17-openjdk-amd64/lib/libjsvml.so
7f982d2e5000-7f982d36e000 r--p 00046000 08:20 95577                      /usr/lib/jvm/java-17-openjdk-amd64/lib/libjsvml.so
7f982d36e000-7f982d36f000 r--p 000ce000 08:20 95577                      /usr/lib/jvm/java-17-openjdk-amd64/lib/libjsvml.so
7f982d36f000-7f982d370000 rw-p 000cf000 08:20 95577                      /usr/lib/jvm/java-17-openjdk-amd64/lib/libjsvml.so
7f982d370000-7f982d3f1000 rw-p 00000000 00:00 0 
7f982d3f1000-7f982d3f2000 ---p 00000000 00:00 0 
7f982d3f2000-7f982d4f2000 rw-p 00000000 00:00 0 
7f982d4f2000-7f982d4f3000 ---p 00000000 00:00 0 
7f982d4f3000-7f982d9e5000 rw-p 00000000 00:00 0 
7f982d9e5000-7f982f6a5000 ---p 00000000 00:00 0 
7f982f6a5000-7f982f89d000 rw-p 00000000 00:00 0 
7f982f89d000-7f983155d000 ---p 00000000 00:00 0 
7f983155d000-7f9831565000 rw-p 00000000 00:00 0 
7f9831565000-7f9831a25000 rwxp 00000000 00:00 0 
7f9831a25000-7f98389c4000 ---p 00000000 00:00 0 
7f98389c4000-7f9838d34000 rwxp 00000000 00:00 0 
7f9838d34000-7f9839105000 ---p 00000000 00:00 0 
7f9839105000-7f9839375000 rwxp 00000000 00:00 0 
7f9839375000-7f9840565000 ---p 00000000 00:00 0 
7f9840565000-7f9848000000 r--s 00000000 08:20 95592                      /usr/lib/jvm/java-17-openjdk-amd64/lib/modules
7f9848000000-7f984823f000 rw-p 00000000 00:00 0 
7f984823f000-7f984c000000 ---p 00000000 00:00 0 
7f984c001000-7f984c002000 rw-s 00000000 00:42 3                          /dev/shm/sem.kafka_semaphore
7f984c002000-7f984c006000 r--p 00000000 08:20 95590                      /usr/lib/jvm/java-17-openjdk-amd64/lib/libverify.so
7f984c006000-7f984c00d000 r-xp 00004000 08:20 95590                      /usr/lib/jvm/java-17-openjdk-amd64/lib/libverify.so
7f984c00d000-7f984c00f000 r--p 0000b000 08:20 95590                      /usr/lib/jvm/java-17-openjdk-amd64/lib/libverify.so
7f984c00f000-7f984c011000 r--p 0000c000 08:20 95590                      /usr/lib/jvm/java-17-openjdk-amd64/lib/libverify.so
7f984c011000-7f984c012000 rw-p 0000e000 08:20 95590                      /usr/lib/jvm/java-17-openjdk-amd64/lib/libverify.so
7f984c012000-7f984c016000 r--p 00000000 08:20 95583                      /usr/lib/jvm/java-17-openjdk-amd64/lib/libnet.so
7f984c016000-7f984c025000 r-xp 00004000 08:20 95583                      /usr/lib/jvm/java-17-openjdk-amd64/lib/libnet.so
7f984c025000-7f984c029000 r--p 00013000 08:20 95583                      /usr/lib/jvm/java-17-openjdk-amd64/lib/libnet.so
7f984c029000-7f984c02a000 r--p 00016000 08:20 95583                      /usr/lib/jvm/java-17-openjdk-amd64/lib/libnet.so
7f984c02a000-7f984c02b000 rw-p 00017000 08:20 95583                      /usr/lib/jvm/java-17-openjdk-amd64/lib/libnet.so
7f984c02b000-7f984c0c7000 rw-p 00000000 00:00 0 
7f984c0c7000-7f984c0c9000 r--p 00000000 08:20 95579                      /usr/lib/jvm/java-17-openjdk-amd64/lib/libmanagement.so
7f984c0c9000-7f984c0ca000 r-xp 00002000 08:20 95579                      /usr/lib/jvm/java-17-openjdk-amd64/lib/libmanagement.so
7f984c0ca000-7f984c0cb000 r--p 00003000 08:20 95579                      /usr/lib/jvm/java-17-openjdk-amd64/lib/libmanagement.so
7f984c0cb000-7f984c0cc000 r--p 00003000 08:20 95579                      /usr/lib/jvm/java-17-openjdk-amd64/lib/libmanagement.so
7f984c0cc000-7f984c0cd000 rw-p 00004000 08:20 95579                      /usr/lib/jvm/java-17-openjdk-amd64/lib/libmanagement.so
7f984c0cd000-7f984c0d4000 r--p 00000000 08:20 95584                      /usr/lib/jvm/java-17-openjdk-amd64/lib/libnio.so
7f984c0d4000-7f984c0de000 r-xp 00007000 08:20 95584                      /usr/lib/jvm/java-17-openjdk-amd64/lib/libnio.so
7f984c0de000-7f984c0e2000 r--p 00011000 08:20 95584                      /usr/lib/jvm/java-17-openjdk-amd64/lib/libnio.so
7f984c0e2000-7f984c0e3000 ---p 00015000 08:20 95584                      /usr/lib/jvm/java-17-openjdk-amd64/lib/libnio.so
7f984c0e3000-7f984c0e4000 r--p 00015000 08:20 95584                      /usr/lib/jvm/java-17-openjdk-amd64/lib/libnio.so
7f984c0e4000-7f984c0e5000 rw-p 00016000 08:20 95584                      /usr/lib/jvm/java-17-openjdk-amd64/lib/libnio.so
7f984c0e5000-7f984c0e7000 r--p 00000000 08:20 95591                      /usr/lib/jvm/java-17-openjdk-amd64/lib/libzip.so
7f984c0e7000-7f984c0ec000 r-xp 00002000 08:20 95591                      /usr/lib/jvm/java-17-openjdk-amd64/lib/libzip.so
7f984c0ec000-7f984c0ee000 r--p 00007000 08:20 95591                      /usr/lib/jvm/java-17-openjdk-amd64/lib/libzip.so
7f984c0ee000-7f984c0ef000 r--p 00008000 08:20 95591                      /usr/lib/jvm/java-17-openjdk-amd64/lib/libzip.so
7f984c0ef000-7f984c0f0000 rw-p 00009000 08:20 95591                      /usr/lib/jvm/java-17-openjdk-amd64/lib/libzip.so
7f984c0f0000-7f984c0f1000 r--p 00000000 08:20 2338                       /usr/lib/locale/C.utf8/LC_NUMERIC
7f984c0f1000-7f984c0f2000 r--p 00000000 08:20 2341                       /usr/lib/locale/C.utf8/LC_TIME
7f984c0f2000-7f984c0f3000 r--p 00000000 08:20 2330                       /usr/lib/locale/C.utf8/LC_COLLATE
7f984c0f3000-7f984c0f4000 r--p 00000000 08:20 2336                       /usr/lib/locale/C.utf8/LC_MONETARY
7f984c0f4000-7f984c0f5000 r--p 00000000 08:20 2335                       /usr/lib/locale/C.utf8/LC_MESSAGES/SYS_LC_MESSAGES
7f984c0f5000-7f984c0f6000 r--p 00000000 08:20 2339                       /usr/lib/locale/C.utf8/LC_PAPER
7f984c0f6000-7f984c0f7000 r--p 00000000 08:20 2337                       /usr/lib/locale/C.utf8/LC_NAME
7f984c0f7000-7f984c0fe000 r--s 00000000 08:20 109409                     /usr/lib/x86_64-linux-gnu/gconv/gconv-modules.cache
7f984c0fe000-7f984cc09000 rw-p 00000000 00:00 0 
7f984cc09000-7f984cc0a000 ---p 00000000 00:00 0 
7f984cc0a000-7f984cd0a000 rw-p 00000000 00:00 0 
7f984cd0a000-7f984cd0b000 ---p 00000000 00:00 0 
7f984cd0b000-7f984ce0b000 rw-p 00000000 00:00 0 
7f984ce0b000-7f984ce0c000 ---p 00000000 00:00 0 
7f984ce0c000-7f984d007000 rw-p 00000000 00:00 0 
7f984d007000-7f984d39f000 ---p 00000000 00:00 0 
7f984d39f000-7f984d3de000 rw-p 00000000 00:00 0 
7f984d3de000-7f984d776000 ---p 00000000 00:00 0 
7f984d776000-7f984d7b5000 rw-p 00000000 00:00 0 
7f984d7b5000-7f984db4d000 ---p 00000000 00:00 0 
7f984db4d000-7f984e860000 rw-p 00000000 00:00 0 
7f984e860000-7f984e944000 ---p 00000000 00:00 0 
7f984e944000-7f984e94e000 rw-p 00000000 00:00 0 
7f984e94e000-7f984ea2d000 ---p 00000000 00:00 0 
7f984ea2d000-7f984ea34000 rw-p 00000000 00:00 0 
7f984ea34000-7f984ea3c000 ---p 00000000 00:00 0 
7f984ea3c000-7f984ea48000 r--p 00000000 08:20 95570                      /usr/lib/jvm/java-17-openjdk-amd64/lib/libjava.so
7f984ea48000-7f984ea5c000 r-xp 0000c000 08:20 95570                      /usr/lib/jvm/java-17-openjdk-amd64/lib/libjava.so
7f984ea5c000-7f984ea62000 r--p 00020000 08:20 95570                      /usr/lib/jvm/java-17-openjdk-amd64/lib/libjava.so
7f984ea62000-7f984ea63000 r--p 00025000 08:20 95570                      /usr/lib/jvm/java-17-openjdk-amd64/lib/libjava.so
7f984ea63000-7f984ea64000 rw-p 00026000 08:20 95570                      /usr/lib/jvm/java-17-openjdk-amd64/lib/libjava.so
7f984ea64000-7f984ea65000 rw-p 00000000 00:00 0 
7f984ea65000-7f984ea6d000 rw-s 00000000 08:20 104305                     /tmp/hsperfdata_hyesu/27681
7f984ea6d000-7f984ea6f000 r--p 00000000 08:20 95573                      /usr/lib/jvm/java-17-openjdk-amd64/lib/libjimage.so
7f984ea6f000-7f984ea72000 r-xp 00002000 08:20 95573                      /usr/lib/jvm/java-17-openjdk-amd64/lib/libjimage.so
7f984ea72000-7f984ea73000 r--p 00005000 08:20 95573                      /usr/lib/jvm/java-17-openjdk-amd64/lib/libjimage.so
7f984ea73000-7f984ea74000 ---p 00006000 08:20 95573                      /usr/lib/jvm/java-17-openjdk-amd64/lib/libjimage.so
7f984ea74000-7f984ea75000 r--p 00006000 08:20 95573                      /usr/lib/jvm/java-17-openjdk-amd64/lib/libjimage.so
7f984ea75000-7f984ea76000 rw-p 00007000 08:20 95573                      /usr/lib/jvm/java-17-openjdk-amd64/lib/libjimage.so
7f984ea76000-7f984ea7a000 ---p 00000000 00:00 0 
7f984ea7a000-7f984eb76000 rw-p 00000000 00:00 0 
7f984eb76000-7f984eb79000 r--p 00000000 08:20 6042                       /usr/lib/x86_64-linux-gnu/libgcc_s.so.1
7f984eb79000-7f984eb90000 r-xp 00003000 08:20 6042                       /usr/lib/x86_64-linux-gnu/libgcc_s.so.1
7f984eb90000-7f984eb94000 r--p 0001a000 08:20 6042                       /usr/lib/x86_64-linux-gnu/libgcc_s.so.1
7f984eb94000-7f984eb95000 r--p 0001d000 08:20 6042                       /usr/lib/x86_64-linux-gnu/libgcc_s.so.1
7f984eb95000-7f984eb96000 rw-p 0001e000 08:20 6042                       /usr/lib/x86_64-linux-gnu/libgcc_s.so.1
7f984eb96000-7f984eba4000 r--p 00000000 08:20 109146                     /usr/lib/x86_64-linux-gnu/libm.so.6
7f984eba4000-7f984ec20000 r-xp 0000e000 08:20 109146                     /usr/lib/x86_64-linux-gnu/libm.so.6
7f984ec20000-7f984ec7b000 r--p 0008a000 08:20 109146                     /usr/lib/x86_64-linux-gnu/libm.so.6
7f984ec7b000-7f984ec7c000 r--p 000e4000 08:20 109146                     /usr/lib/x86_64-linux-gnu/libm.so.6
7f984ec7c000-7f984ec7d000 rw-p 000e5000 08:20 109146                     /usr/lib/x86_64-linux-gnu/libm.so.6
7f984ec7d000-7f984ed17000 r--p 00000000 08:20 6030                       /usr/lib/x86_64-linux-gnu/libstdc++.so.6.0.30
7f984ed17000-7f984ee28000 r-xp 0009a000 08:20 6030                       /usr/lib/x86_64-linux-gnu/libstdc++.so.6.0.30
7f984ee28000-7f984ee97000 r--p 001ab000 08:20 6030                       /usr/lib/x86_64-linux-gnu/libstdc++.so.6.0.30
7f984ee97000-7f984ee98000 ---p 0021a000 08:20 6030                       /usr/lib/x86_64-linux-gnu/libstdc++.so.6.0.30
7f984ee98000-7f984eea3000 r--p 0021a000 08:20 6030                       /usr/lib/x86_64-linux-gnu/libstdc++.so.6.0.30
7f984eea3000-7f984eea6000 rw-p 00225000 08:20 6030                       /usr/lib/x86_64-linux-gnu/libstdc++.so.6.0.30
7f984eea6000-7f984eea9000 rw-p 00000000 00:00 0 
7f984eea9000-7f984f0fa000 r--p 00000000 08:20 95598                      /usr/lib/jvm/java-17-openjdk-amd64/lib/server/libjvm.so
7f984f0fa000-7f984fed5000 r-xp 00251000 08:20 95598                      /usr/lib/jvm/java-17-openjdk-amd64/lib/server/libjvm.so
7f984fed5000-7f9850157000 r--p 0102c000 08:20 95598                      /usr/lib/jvm/java-17-openjdk-amd64/lib/server/libjvm.so
7f9850157000-7f9850158000 ---p 012ae000 08:20 95598                      /usr/lib/jvm/java-17-openjdk-amd64/lib/server/libjvm.so
7f9850158000-7f9850210000 r--p 012ae000 08:20 95598                      /usr/lib/jvm/java-17-openjdk-amd64/lib/server/libjvm.so
7f9850210000-7f9850245000 rw-p 01366000 08:20 95598                      /usr/lib/jvm/java-17-openjdk-amd64/lib/server/libjvm.so
7f9850245000-7f98502a2000 rw-p 00000000 00:00 0 
7f98502a2000-7f98502ca000 r--p 00000000 08:20 109143                     /usr/lib/x86_64-linux-gnu/libc.so.6
7f98502ca000-7f985045f000 r-xp 00028000 08:20 109143                     /usr/lib/x86_64-linux-gnu/libc.so.6
7f985045f000-7f98504b7000 r--p 001bd000 08:20 109143                     /usr/lib/x86_64-linux-gnu/libc.so.6
7f98504b7000-7f98504b8000 ---p 00215000 08:20 109143                     /usr/lib/x86_64-linux-gnu/libc.so.6
7f98504b8000-7f98504bc000 r--p 00215000 08:20 109143                     /usr/lib/x86_64-linux-gnu/libc.so.6
7f98504bc000-7f98504be000 rw-p 00219000 08:20 109143                     /usr/lib/x86_64-linux-gnu/libc.so.6
7f98504be000-7f98504cb000 rw-p 00000000 00:00 0 
7f98504cb000-7f98504cd000 r--p 00000000 08:20 95574                      /usr/lib/jvm/java-17-openjdk-amd64/lib/libjli.so
7f98504cd000-7f98504d7000 r-xp 00002000 08:20 95574                      /usr/lib/jvm/java-17-openjdk-amd64/lib/libjli.so
7f98504d7000-7f98504da000 r--p 0000c000 08:20 95574                      /usr/lib/jvm/java-17-openjdk-amd64/lib/libjli.so
7f98504da000-7f98504db000 r--p 0000e000 08:20 95574                      /usr/lib/jvm/java-17-openjdk-amd64/lib/libjli.so
7f98504db000-7f98504dc000 rw-p 0000f000 08:20 95574                      /usr/lib/jvm/java-17-openjdk-amd64/lib/libjli.so
7f98504dc000-7f98504de000 r--p 00000000 08:20 6844                       /usr/lib/x86_64-linux-gnu/libz.so.1.2.11
7f98504de000-7f98504ef000 r-xp 00002000 08:20 6844                       /usr/lib/x86_64-linux-gnu/libz.so.1.2.11
7f98504ef000-7f98504f5000 r--p 00013000 08:20 6844                       /usr/lib/x86_64-linux-gnu/libz.so.1.2.11
7f98504f5000-7f98504f6000 ---p 00019000 08:20 6844                       /usr/lib/x86_64-linux-gnu/libz.so.1.2.11
7f98504f6000-7f98504f7000 r--p 00019000 08:20 6844                       /usr/lib/x86_64-linux-gnu/libz.so.1.2.11
7f98504f7000-7f98504f8000 rw-p 0001a000 08:20 6844                       /usr/lib/x86_64-linux-gnu/libz.so.1.2.11
7f98504f8000-7f98504f9000 r--p 00000000 08:20 2329                       /usr/lib/locale/C.utf8/LC_ADDRESS
7f98504f9000-7f98504fa000 r--p 00000000 08:20 2340                       /usr/lib/locale/C.utf8/LC_TELEPHONE
7f98504fa000-7f98504fb000 r--p 00000000 08:20 2333                       /usr/lib/locale/C.utf8/LC_MEASUREMENT
7f98504fb000-7f98504fc000 r--p 00000000 08:20 2332                       /usr/lib/locale/C.utf8/LC_IDENTIFICATION
7f98504fc000-7f98504fd000 ---p 00000000 00:00 0 
7f98504fd000-7f98504fe000 r--p 00000000 00:00 0 
7f98504fe000-7f9850500000 rw-p 00000000 00:00 0 
7f9850500000-7f9850502000 r--p 00000000 08:20 109140                     /usr/lib/x86_64-linux-gnu/ld-linux-x86-64.so.2
7f9850502000-7f985052c000 r-xp 00002000 08:20 109140                     /usr/lib/x86_64-linux-gnu/ld-linux-x86-64.so.2
7f985052c000-7f9850537000 r--p 0002c000 08:20 109140                     /usr/lib/x86_64-linux-gnu/ld-linux-x86-64.so.2
7f9850537000-7f9850538000 ---p 00000000 00:00 0 
7f9850538000-7f985053a000 r--p 00037000 08:20 109140                     /usr/lib/x86_64-linux-gnu/ld-linux-x86-64.so.2
7f985053a000-7f985053c000 rw-p 00039000 08:20 109140                     /usr/lib/x86_64-linux-gnu/ld-linux-x86-64.so.2
7ffda00f4000-7ffda0117000 rw-p 00000000 00:00 0                          [stack]
7ffda012c000-7ffda0130000 r--p 00000000 00:00 0                          [vvar]
7ffda0130000-7ffda0132000 r-xp 00000000 00:00 0                          [vdso]


VM Arguments:
jvm_args: -Dfile.encoding=UTF-8 -Duser.country -Duser.language=en -Duser.variant 
java_command: org.example.App Apps
java_class_path (initial): /home/hyesu/kafka-custom-test/app/build/classes/java/main:/home/hyesu/kafka-custom-test/app/build/resources/main:/home/hyesu/.m2/repository/org/apache/kafka/kafka_2.13/4.1.0-SNAPSHOT/kafka_2.13-4.1.0-SNAPSHOT.jar:/home/hyesu/.gradle/caches/modules-2/files-2.1/com.google.guava/guava/33.3.1-jre/852f8b363da0111e819460021ca693cacca3e8db/guava-33.3.1-jre.jar:/home/hyesu/.m2/repository/org/apache/kafka/kafka-server/4.1.0-SNAPSHOT/kafka-server-4.1.0-SNAPSHOT.jar:/home/hyesu/.m2/repository/org/apache/kafka/kafka-group-coordinator/4.1.0-SNAPSHOT/kafka-group-coordinator-4.1.0-SNAPSHOT.jar:/home/hyesu/.m2/repository/org/apache/kafka/kafka-transaction-coordinator/4.1.0-SNAPSHOT/kafka-transaction-coordinator-4.1.0-SNAPSHOT.jar:/home/hyesu/.m2/repository/org/apache/kafka/kafka-share-coordinator/4.1.0-SNAPSHOT/kafka-share-coordinator-4.1.0-SNAPSHOT.jar:/home/hyesu/.m2/repository/org/apache/kafka/kafka-coordinator-common/4.1.0-SNAPSHOT/kafka-coordinator-common-4.1.0-SNAPSHOT.jar:/home/hyesu/.m2/repository/org/apache/kafka/kafka-metadata/4.1.0-SNAPSHOT/kafka-metadata-4.1.0-SNAPSHOT.jar:/home/hyesu/.m2/repository/org/apache/kafka/kafka-storage/4.1.0-SNAPSHOT/kafka-storage-4.1.0-SNAPSHOT.jar:/home/hyesu/.m2/repository/org/apache/kafka/kafka-storage-api/4.1.0-SNAPSHOT/kafka-storage-api-4.1.0-SNAPSHOT.jar:/home/hyesu/.m2/repository/org/apache/kafka/kafka-raft/4.1.0-SNAPSHOT/kafka-raft-4.1.0-SNAPSHOT.jar:/home/hyesu/.m2/repository/org/apache/kafka/kafka-server-common/4.1.0-SNAPSHOT/kafka-server-common-4.1.0-SNAPSHOT.jar:/home/hyesu/.m2/repository/org/apache/kafka/kafka-group-coordinator-api/4.1.0-SNAPSHOT/kafka-group-coordinator-api-4.1.0-SNAPSHOT.jar:/home/hyesu/.m2/repository/org/apache/kafka/kafka-tools-api/4.1.0-SNAPSHOT/kafka-tools-api-4.1.0-SNAPSHOT.jar:/home/hyesu/.gradle/caches/modules-2/files-2.1/net.sourceforge.argparse4j/argparse4j/0.7.0/6f0621d0c3888de39e0f06d01f37ba53a798e657/argparse4j-0.7.0.jar:/home/hyesu/.gradle/caches/modules-2/files-2.1/com
Launcher Type: SUN_STANDARD

[Global flags]
     intx CICompilerCount                          = 12                                        {product} {ergonomic}
     uint ConcGCThreads                            = 3                                         {product} {ergonomic}
     uint G1ConcRefinementThreads                  = 13                                        {product} {ergonomic}
   size_t G1HeapRegionSize                         = 1048576                                   {product} {ergonomic}
    uintx GCDrainStackTargetSize                   = 64                                        {product} {ergonomic}
   size_t InitialHeapSize                          = 130023424                                 {product} {ergonomic}
   size_t MarkStackSize                            = 4194304                                   {product} {ergonomic}
   size_t MaxHeapSize                              = 2061500416                                {product} {ergonomic}
   size_t MaxNewSize                               = 1236271104                                {product} {ergonomic}
   size_t MinHeapDeltaBytes                        = 1048576                                   {product} {ergonomic}
   size_t MinHeapSize                              = 8388608                                   {product} {ergonomic}
    uintx NonNMethodCodeHeapSize                   = 7602480                                {pd product} {ergonomic}
    uintx NonProfiledCodeHeapSize                  = 122027880                              {pd product} {ergonomic}
    uintx ProfiledCodeHeapSize                     = 122027880                              {pd product} {ergonomic}
    uintx ReservedCodeCacheSize                    = 251658240                              {pd product} {ergonomic}
     bool SegmentedCodeCache                       = true                                      {product} {ergonomic}
   size_t SoftMaxHeapSize                          = 2061500416                             {manageable} {ergonomic}
     bool UseCompressedClassPointers               = true                           {product lp64_product} {ergonomic}
     bool UseCompressedOops                        = true                           {product lp64_product} {ergonomic}
     bool UseG1GC                                  = true                                      {product} {ergonomic}

Logging:
Log output configuration:
 #0: stdout all=warning uptime,level,tags
 #1: stderr all=off uptime,level,tags

Environment Variables:
JAVA_HOME=/usr/lib/jvm/java-17-openjdk-amd64
PATH=/opt/gradle/gradle-8.12.1/bin:/usr/lib/jvm/java-17-openjdk-amd64/bin:/usr/local/sbin:/usr/local/bin:/usr/sbin:/usr/bin:/sbin:/bin:/usr/games:/usr/local/games:/usr/lib/wsl/lib:/mnt/c/Program Files/Amazon Corretto/jdk11.0.24_8/bin:/mnt/c/Program Files/Common Files/Oracle/Java/javapath:/mnt/c/Program Files (x86)/Common Files/Oracle/Java/javapath:/mnt/c/WINDOWS/system32:/mnt/c/WINDOWS:/mnt/c/WINDOWS/System32/Wbem:/mnt/c/WINDOWS/System32/WindowsPowerShell/v1.0/:/mnt/c/WINDOWS/System32/OpenSSH/:/mnt/c/Program Files (x86)/dotnet/:/mnt/c/Program Files/openssl-0.9.8k_X64/bin:/mnt/c/Program Files/Java/jdk-1.8/bin:/mnt/c/Program Files/MySQL/MySQL Server 8.0/bin:/mnt/c/Program Files/Docker/Docker/resources/bin:/mnt/c/Users/guest1/AppData/Local/Programs/Git/cmd:/mnt/c/Program Files/Git/cmd:/mnt/c/Program Files/PuTTY/:/mnt/c/Apache24/bin:/mnt/c/src/flutter/bin:/mnt/c/Program Files/OpenSSL-Win64/bin:/mnt/c/Users/guest1/AppData/Local/Programs/Python/Python312/Scripts:/mnt/c/Users/guest1/AppData/Local/Programs/Python/Python312:/mnt/c/Program Files/dotnet/:/mnt/c/Program Files/Amazon/AWSCLIV2/:/mnt/c/mingw64/bin:/mnt/c/Users/guest1/Desktop/test/kafka/build/native:/mnt/c/Users/guest1/AppData/Local/Programs/Python/Python312/Scripts/:/mnt/c/Users/guest1/AppData/Local/Programs/Python/Python312/:/mnt/c/Users/guest1/AppData/Local/Microsoft/WindowsApps:/mnt/c/Users/guest1/AppData/Local/Programs/Microsoft VS Code/bin:/mnt/c/Users/guest1/src/flutter/flutter/bin:/mnt/c/Users/guest1/.dotnet/tools:/mnt/c/Users/guest1/AppData/Local/Coursier/data/bin:/snap/bin
SHELL=/bin/bash
DISPLAY=:0
HOSTTYPE=x86_64
LANG=C.UTF-8
TERM=xterm-256color

Active Locale:
LC_ALL=C.UTF-8
LC_COLLATE=C.UTF-8
LC_CTYPE=C.UTF-8
LC_MESSAGES=C.UTF-8
LC_MONETARY=C.UTF-8
LC_NUMERIC=C.UTF-8
LC_TIME=C.UTF-8

Signal Handlers:
   SIGSEGV: crash_handler in libjvm.so, mask=11100100010111111101111111111110, flags=SA_RESTART|SA_SIGINFO, unblocked
    SIGBUS: crash_handler in libjvm.so, mask=11100100010111111101111111111110, flags=SA_RESTART|SA_SIGINFO, unblocked
    SIGFPE: crash_handler in libjvm.so, mask=11100100010111111101111111111110, flags=SA_RESTART|SA_SIGINFO, unblocked
   SIGPIPE: javaSignalHandler in libjvm.so, mask=11100100010111111101111111111110, flags=SA_RESTART|SA_SIGINFO, blocked
   SIGXFSZ: javaSignalHandler in libjvm.so, mask=11100100010111111101111111111110, flags=SA_RESTART|SA_SIGINFO, blocked
    SIGILL: crash_handler in libjvm.so, mask=11100100010111111101111111111110, flags=SA_RESTART|SA_SIGINFO, unblocked
   SIGUSR2: SR_handler in libjvm.so, mask=00100000000000000000000000000000, flags=SA_RESTART|SA_SIGINFO, blocked
    SIGHUP: UserHandler in libjvm.so, mask=11100100010111111101111111111110, flags=SA_RESTART|SA_SIGINFO, blocked
    SIGINT: UserHandler in libjvm.so, mask=11100100010111111101111111111110, flags=SA_RESTART|SA_SIGINFO, blocked
   SIGTERM: UserHandler in libjvm.so, mask=11100100010111111101111111111110, flags=SA_RESTART|SA_SIGINFO, blocked
   SIGQUIT: UserHandler in libjvm.so, mask=11100100010111111101111111111110, flags=SA_RESTART|SA_SIGINFO, blocked
   SIGTRAP: crash_handler in libjvm.so, mask=11100100010111111101111111111110, flags=SA_RESTART|SA_SIGINFO, unblocked


Periodic native trim disabled


---------------  S Y S T E M  ---------------

OS:
DISTRIB_ID=Ubuntu
DISTRIB_RELEASE=22.04
DISTRIB_CODENAME=jammy
DISTRIB_DESCRIPTION="Ubuntu 22.04.1 LTS"
uname: Linux 5.15.167.4-microsoft-standard-WSL2 #1 SMP Tue Nov 5 00:21:55 UTC 2024 x86_64
OS uptime: 0 days 17:45 hours
libc: glibc 2.35 NPTL 2.35 
rlimit (soft/hard): STACK 8192k/infinity , CORE 0k/infinity , NPROC 31422/31422 , NOFILE 1048576/1048576 , AS infinity/infinity , CPU infinity/infinity , DATA infinity/infinity , FSIZE infinity/infinity , MEMLOCK 65536k/65536k
load average: 0.11 0.26 0.36

/proc/meminfo:
MemTotal:        8051028 kB
MemFree:         1749948 kB
MemAvailable:    1749568 kB
Buffers:           11352 kB
Cached:           144676 kB
SwapCached:        13952 kB
Active:           121272 kB
Inactive:        5696560 kB
Active(anon):      11792 kB
Inactive(anon):  5652740 kB
Active(file):     109480 kB
Inactive(file):    43820 kB
Unevictable:           0 kB
Mlocked:               0 kB
SwapTotal:       2097152 kB
SwapFree:        1973408 kB
Dirty:               424 kB
Writeback:             8 kB
AnonPages:       5637404 kB
Mapped:            72876 kB
Shmem:              2476 kB
KReclaimable:     108624 kB
Slab:             175064 kB
SReclaimable:     108624 kB
SUnreclaim:        66440 kB
KernelStack:       10784 kB
PageTables:        24144 kB
NFS_Unstable:          0 kB
Bounce:                0 kB
WritebackTmp:          0 kB
CommitLimit:     6122664 kB
Committed_AS:    6331856 kB
VmallocTotal:   34359738367 kB
VmallocUsed:       31208 kB
VmallocChunk:          0 kB
Percpu:             4416 kB
AnonHugePages:   4831232 kB
ShmemHugePages:        0 kB
ShmemPmdMapped:        0 kB
FileHugePages:         0 kB
FilePmdMapped:         0 kB
HugePages_Total:       0
HugePages_Free:        0
HugePages_Rsvd:        0
HugePages_Surp:        0
Hugepagesize:       2048 kB
Hugetlb:               0 kB
DirectMap4k:       19456 kB
DirectMap2M:     5138432 kB
DirectMap1G:    12582912 kB

/sys/kernel/mm/transparent_hugepage/enabled: [always] madvise never
/sys/kernel/mm/transparent_hugepage/hpage_pmd_size: 2097152
/sys/kernel/mm/transparent_hugepage/defrag (defrag/compaction efforts parameter): always defer defer+madvise [madvise] never

Process Memory:
Virtual Size: 6415984K (peak: 6415984K)
Resident Set Size: 260056K (peak: 260056K) (anon: 236912K, file: 23036K, shmem: 108K)
Swapped out: 0K
C-Heap outstanding allocations: 109342K, retained: 24897K
glibc malloc tunables: (default)

/proc/sys/kernel/threads-max (system-wide limit on the number of threads): 62845
/proc/sys/vm/max_map_count (maximum number of memory map areas a process may have): 65530
/proc/sys/vm/swappiness (control to define how aggressively the kernel swaps out anonymous memory): 60
/proc/sys/kernel/pid_max (system-wide limit on number of process identifiers): 32768

container (cgroup) information:
container_type: cgroupv1
cpu_cpuset_cpus: 0-15
cpu_memory_nodes: 0
active_processor_count: 16
cpu_quota: no quota
cpu_period: 100000
cpu_shares: no shares
memory_limit_in_bytes: unlimited
memory_and_swap_limit_in_bytes: unlimited
memory_soft_limit_in_bytes: unlimited
memory_usage_in_bytes: 5794812 k
memory_max_usage_in_bytes: unlimited
kernel_memory_usage_in_bytes: unlimited
kernel_memory_max_usage_in_bytes: unlimited
kernel_memory_limit_in_bytes: unlimited
maximum number of tasks: not supported
current number of tasks: not supported

Hyper-V virtualization detected
Steal ticks since vm start: 0
Steal ticks percentage since vm start:  0.000

CPU: total 16 (initial active 16) (8 cores per cpu, 2 threads per core) family 6 model 151 stepping 2 microcode 0xffffffff, cx8, cmov, fxsr, ht, mmx, 3dnowpref, sse, sse2, sse3, ssse3, sse4.1, sse4.2, popcnt, lzcnt, tsc, tscinvbit, avx, avx2, aes, erms, clmul, bmi1, bmi2, adx, sha, fma, vzeroupper, clflush, clflushopt, clwb, hv
CPU Model and flags from /proc/cpuinfo:
model name	: 12th Gen Intel(R) Core(TM) i5-12600KF
flags		: fpu vme de pse tsc msr pae mce cx8 apic sep mtrr pge mca cmov pat pse36 clflush mmx fxsr sse sse2 ss ht syscall nx pdpe1gb rdtscp lm constant_tsc rep_good nopl xtopology tsc_reliable nonstop_tsc cpuid pni pclmulqdq vmx ssse3 fma cx16 pcid sse4_1 sse4_2 x2apic movbe popcnt tsc_deadline_timer aes xsave avx f16c rdrand hypervisor lahf_lm abm 3dnowprefetch invpcid_single ssbd ibrs ibpb stibp ibrs_enhanced tpr_shadow vnmi ept vpid ept_ad fsgsbase tsc_adjust bmi1 avx2 smep bmi2 erms invpcid rdseed adx smap clflushopt clwb sha_ni xsaveopt xsavec xgetbv1 xsaves avx_vnni umip waitpkg gfni vaes vpclmulqdq rdpid movdiri movdir64b fsrm md_clear serialize flush_l1d arch_capabilities

Online cpus: 0-15
Offline cpus: 
BIOS frequency limitation: <Not Available>
Frequency switch latency (ns): <Not Available>
Available cpu frequencies: <Not Available>
Current governor: <Not Available>
Core performance/turbo boost: <Not Available>

Memory: 4k page, physical 8051028k(1749444k free), swap 2097152k(1973408k free)
Page Sizes: 4k

vm_info: OpenJDK 64-Bit Server VM (17.0.13+11-Ubuntu-2ubuntu122.04) for linux-amd64 JRE (17.0.13+11-Ubuntu-2ubuntu122.04), built on Oct 22 2024 06:38:45 by "buildd" with gcc 11.4.0

END.
