#
# A fatal error has been detected by the Java Runtime Environment:
#
#  SIGSEGV (0xb) at pc=0x00007f4839462aca, pid=24005, tid=24074
#
# JRE version: OpenJDK Runtime Environment (17.0.13+11) (build 17.0.13+11-Ubuntu-2ubuntu122.04)
# Java VM: OpenJDK 64-Bit Server VM (17.0.13+11-Ubuntu-2ubuntu122.04, mixed mode, sharing, tiered, compressed oops, compressed class ptrs, g1 gc, linux-amd64)
# Problematic frame:
# C  [libc.so.6+0x1a0aca]
#
# Core dump will be written. Default location: Core dumps may be processed with "/wsl-capture-crash %t %E %p %s" (or dumping to /home/hyesu/kafka-custom-test/app/core.24005)
#
# If you would like to submit a bug report, please visit:
#   https://bugs.launchpad.net/ubuntu/+source/openjdk-17
# The crash happened outside the Java Virtual Machine in native code.
# See problematic frame for where to report the bug.
#

---------------  S U M M A R Y ------------

Command Line: -Dfile.encoding=UTF-8 -Duser.country -Duser.language=en -Duser.variant org.example.App Apps

Host: 12th Gen Intel(R) Core(TM) i5-12600KF, 16 cores, 7G, Ubuntu 22.04.1 LTS
Time: Tue Mar 18 18:07:54 2025 KST elapsed time: 5.253889 seconds (0d 0h 0m 5s)

---------------  T H R E A D  ---------------

Current thread (0x00007f48301acd10):  JavaThread "kafka-producer-network-thread | producer-1" daemon [_thread_in_native, id=24074, stack(0x00007f47ba1f3000,0x00007f47ba2f3000)]

Stack: [0x00007f47ba1f3000,0x00007f47ba2f3000],  sp=0x00007f47ba2f14b8,  free space=1017k
Native frames: (J=compiled Java code, j=interpreted, Vv=VM code, C=native code)
C  [libc.so.6+0x1a0aca]
C  [libsharedmemory.so+0x173b]  Java_org_apache_kafka_clients_producer_SharedMemoryManager_writeSharedMemoryByBuffer+0x7e
j  org.apache.kafka.clients.producer.SharedMemoryManager.writeSharedMemoryByBuffer(Ljava/nio/ByteBuffer;I)V+0
j  org.apache.kafka.clients.producer.internals.Sender.sendProduceRequest(JISILjava/util/List;)V+470
j  org.apache.kafka.clients.producer.internals.Sender.sendProduceRequests(Ljava/util/Map;J)V+68
j  org.apache.kafka.clients.producer.internals.Sender.sendProducerData(J)J+589
j  org.apache.kafka.clients.producer.internals.Sender.runOnce()V+136
j  org.apache.kafka.clients.producer.internals.Sender.run()V+35
j  java.lang.Thread.run()V+11 java.base@17.0.13
v  ~StubRoutines::call_stub
V  [libjvm.so+0x864d15]  JavaCalls::call_helper(JavaValue*, methodHandle const&, JavaCallArguments*, JavaThread*)+0x355
V  [libjvm.so+0x866632]  JavaCalls::call_virtual(JavaValue*, Handle, Klass*, Symbol*, Symbol*, JavaThread*)+0x1d2
V  [libjvm.so+0x93dcf6]  thread_entry(JavaThread*, JavaThread*)+0xb6
V  [libjvm.so+0xf1d60d]  JavaThread::thread_main_inner()+0x20d
V  [libjvm.so+0xf2126d]  Thread::call_run()+0xbd
V  [libjvm.so+0xc98bfb]  thread_native_entry(Thread*)+0xeb

Java frames: (J=compiled Java code, j=interpreted, Vv=VM code)
j  org.apache.kafka.clients.producer.SharedMemoryManager.writeSharedMemoryByBuffer(Ljava/nio/ByteBuffer;I)V+0
j  org.apache.kafka.clients.producer.internals.Sender.sendProduceRequest(JISILjava/util/List;)V+470
j  org.apache.kafka.clients.producer.internals.Sender.sendProduceRequests(Ljava/util/Map;J)V+68
j  org.apache.kafka.clients.producer.internals.Sender.sendProducerData(J)J+589
j  org.apache.kafka.clients.producer.internals.Sender.runOnce()V+136
j  org.apache.kafka.clients.producer.internals.Sender.run()V+35
j  java.lang.Thread.run()V+11 java.base@17.0.13
v  ~StubRoutines::call_stub

siginfo: si_signo: 11 (SIGSEGV), si_code: 2 (SEGV_ACCERR), si_addr: 0x00007f4814020000

Registers:
RAX=0x00007f481401a804, RBX=0x00007f47bbee5c28, RCX=0x000000000000230c, RDX=0x0000000000007b08
RSP=0x00007f47ba2f14b8, RBP=0x00007f47ba2f1520, RSI=0x00007f477403f6f0, RDI=0x00007f4814020000
R8 =0x00007f481401a804, R9 =0x000000008cd1adf8, R10=0x0000000000000010, R11=0x0000000000000010
R12=0x0000000000000000, R13=0x00007f47bbee5c28, R14=0x00007f47ba2f15f0, R15=0x00007f48301acd10
RIP=0x00007f4839462aca, EFLAGS=0x0000000000010206, CSGSFS=0x002b000000000033, ERR=0x0000000000000007
  TRAPNO=0x000000000000000e


Register to memory mapping:

RAX=0x00007f481401a804 points into unknown readable memory: 08 26 02 1f
RBX={method} {0x00007f47bbee5c28} 'writeSharedMemoryByBuffer' '(Ljava/nio/ByteBuffer;I)V' in 'org/apache/kafka/clients/producer/SharedMemoryManager'
RCX=0x000000000000230c is an unknown value
RDX=0x0000000000007b08 is an unknown value
RSP=0x00007f47ba2f14b8 is pointing into the stack for thread: 0x00007f48301acd10
RBP=0x00007f47ba2f1520 is pointing into the stack for thread: 0x00007f48301acd10
RSI=0x00007f477403f6f0 points into unknown readable memory: 0x372f0226080037b8 | b8 37 00 08 26 02 2f 37
RDI=0x00007f4814020000: <offset 0x0000000000000000> in /usr/lib/libsharedmemory.so at 0x00007f4814020000
R8 =0x00007f481401a804 points into unknown readable memory: 08 26 02 1f
R9 =0x000000008cd1adf8 is an oop: java.nio.DirectByteBuffer 
{0x000000008cd1adf8} - klass: 'java/nio/DirectByteBuffer'
 - ---- fields (total size 8 words):
 - private 'mark' 'I' @12  -1 (ffffffff)
 - 'address' 'J' @16  139944865799920 (74039ef0 7f47)
 - private 'position' 'I' @24  0
 - private 'limit' 'I' @28  31500 (7b0c)
 - private 'capacity' 'I' @32  31500 (7b0c)
 - final 'segment' 'Ljdk/internal/access/foreign/MemorySegmentProxy;' @36  NULL (0)
 - final 'offset' 'I' @40  0
 - 'isReadOnly' 'Z' @44  false
 - 'bigEndian' 'Z' @45  true
 - 'nativeByteOrder' 'Z' @46  false
 - final 'hb' '[B' @48  NULL (0)
 - private final 'isSync' 'Z' @47  false
 - private final 'fd' 'Ljava/io/FileDescriptor;' @52  NULL (0)
 - private final 'att' 'Ljava/lang/Object;' @56  NULL (0)
 - private final 'cleaner' 'Ljdk/internal/ref/Cleaner;' @60  a 'jdk/internal/ref/Cleaner'{0x000000008cd1ae58} (8cd1ae58)
R10=0x0000000000000010 is an unknown value
R11=0x0000000000000010 is an unknown value
R12=0x0 is NULL
R13={method} {0x00007f47bbee5c28} 'writeSharedMemoryByBuffer' '(Ljava/nio/ByteBuffer;I)V' in 'org/apache/kafka/clients/producer/SharedMemoryManager'
R14=0x00007f47ba2f15f0 is pointing into the stack for thread: 0x00007f48301acd10
R15=0x00007f48301acd10 is a thread


Top of Stack: (sp=0x00007f47ba2f14b8)
0x00007f47ba2f14b8:   00007f4814021693 00007f47ba2f1520
0x00007f47ba2f14c8:   00007b0c209cd3b9 00007f4774039ef0
0x00007f47ba2f14d8:   00007f4814006000 00007f47bbee5c28
0x00007f47ba2f14e8:   3302157c00007b08 00007f481401f000
0x00007f47ba2f14f8:   0037d0150861323a 00007f481401f008
0x00007f47ba2f1508:   3302157c0f022609 00007f4774039ef4
0x00007f47ba2f1518:   c1c6cae9e8983200 00007f47ba2f1560
0x00007f47ba2f1528:   00007f481402173b 00007b0c8cd1adf8
0x00007f47ba2f1538:   00007f47ba2f15f0 00007f47ba2f15d8
0x00007f47ba2f1548:   00007f48301acfc0 00007f47bf3b7d10
0x00007f47ba2f1558:   00007f4774039ef0 00007f47ba2f15c8
0x00007f47ba2f1568:   00007f48209d15ba 0000000000000000
0x00007f47ba2f1578:   00007f47ba2f1590 00007f47ba2f1580
0x00007f47ba2f1588:   0000000000000000 00007f47ba2f15f0
0x00007f47ba2f1598:   00007f47bbee5dc0 0000000000000000
0x00007f47ba2f15a8:   000000008833ade0 00007f47bbee5c28
0x00007f47ba2f15b8:   0000000000000000 00007f47ba2f15e8
0x00007f47ba2f15c8:   00007f47ba2f1640 00007f48209cd260
0x00007f47ba2f15d8:   000000008833ade0 00007f48209ceff8
0x00007f47ba2f15e8:   0000000000007b0c 000000008cd1adf8
0x00007f47ba2f15f8:   00007f47ba2f15f8 00007f47bbe87bce
0x00007f47ba2f1608:   00007f47ba2f1710 00007f47bbe90000
0x00007f47ba2f1618:   0000000000000000 000000008836e620
0x00007f47ba2f1628:   00007f47bbe8c968 00007f47ba2f15e8
0x00007f47ba2f1638:   00007f47ba2f16e0 00007f47ba2f1760
0x00007f47ba2f1648:   00007f48209cd260 000000008cd1ad68
0x00007f47ba2f1658:   0000000000000003 0000000000000003
0x00007f47ba2f1668:   000000008cd1adb0 000000008cd1adf8
0x00007f47ba2f1678:   0000000000007b0c 000000008cd1add0
0x00007f47ba2f1688:   000000008cd1add0 000000008cd1a978
0x00007f47ba2f1698:   000000008cd1a950 000000008cd1a820
0x00007f47ba2f16a8:   000000008cd1a808 000000008cd1a7d8 

Instructions: (pc=0x00007f4839462aca)
0x00007f48394629ca:   7e 60 c5 7e 6f 44 16 e0 48 29 fe 48 83 e1 e0 48
0x00007f48394629da:   01 ce 0f 1f 40 00 c5 fe 6f 4e 60 c5 fe 6f 56 40
0x00007f48394629ea:   c5 fe 6f 5e 20 c5 fe 6f 26 48 83 c6 80 c5 fd 7f
0x00007f48394629fa:   49 60 c5 fd 7f 51 40 c5 fd 7f 59 20 c5 fd 7f 21
0x00007f4839462a0a:   48 83 c1 80 48 39 cf 72 cd c5 fe 7f 07 c5 fe 7f
0x00007f4839462a1a:   6f 20 c5 fe 7f 77 40 c5 fe 7f 7f 60 c5 7e 7f 44
0x00007f4839462a2a:   3a e0 c5 f8 77 c3 66 66 2e 0f 1f 84 00 00 00 00
0x00007f4839462a3a:   00 0f 1f 44 00 00 c5 fe 6f 4e 20 f7 c1 00 0e 00
0x00007f4839462a4a:   00 75 68 49 89 c9 48 8d 4c 16 ff 48 83 ce 3f 4a
0x00007f4839462a5a:   8d 7c 0e 01 48 29 f1 48 ff c6 f3 a4 c4 c1 7e 7f
0x00007f4839462a6a:   00 c4 c1 7e 7f 48 20 c5 f8 77 c3 66 66 2e 0f 1f
0x00007f4839462a7a:   84 00 00 00 00 00 48 89 f9 48 29 f1 48 39 d1 0f
0x00007f4839462a8a:   82 21 ff ff ff 49 89 f8 48 3b 15 07 0b 08 00 73
0x00007f4839462a9a:   45 f7 05 f3 0a 08 00 01 00 00 00 74 99 83 f9 c0
0x00007f4839462aaa:   0f 87 7b fe ff ff c5 fe 6f 4e 20 48 29 fe 48 83
0x00007f4839462aba:   c7 3f 49 8d 0c 10 48 83 e7 c0 48 01 fe 48 29 f9
0x00007f4839462aca:   f3 a4 c4 c1 7e 7f 00 c4 c1 7e 7f 48 20 c5 f8 77
0x00007f4839462ada:   c3 0f 1f 44 00 00 48 3b 15 11 99 07 00 0f 82 24
0x00007f4839462aea:   fe ff ff 48 f7 d9 48 39 ca 0f 87 32 fe ff ff c5
0x00007f4839462afa:   fe 6f 4e 20 c5 fe 7f 07 c5 fe 7f 4f 20 49 89 f8
0x00007f4839462b0a:   49 83 e0 3f 49 83 e8 40 4c 29 c6 4c 29 c7 4c 01
0x00007f4839462b1a:   c2 f7 d1 f7 c1 00 0f 00 00 0f 84 87 01 00 00 49
0x00007f4839462b2a:   89 d2 49 c1 ea 04 4c 3b 15 71 0a 08 00 0f 83 73
0x00007f4839462b3a:   01 00 00 81 e2 ff 1f 00 00 49 c1 ea 09 66 0f 1f
0x00007f4839462b4a:   84 00 00 00 00 00 b9 20 00 00 00 0f 18 8e 80 00
0x00007f4839462b5a:   00 00 0f 18 8e c0 00 00 00 0f 18 8e 00 01 00 00
0x00007f4839462b6a:   0f 18 8e 40 01 00 00 0f 18 8e 80 10 00 00 0f 18
0x00007f4839462b7a:   8e c0 10 00 00 0f 18 8e 00 11 00 00 0f 18 8e 40
0x00007f4839462b8a:   11 00 00 c5 fe 6f 06 c5 fe 6f 4e 20 c5 fe 6f 56
0x00007f4839462b9a:   40 c5 fe 6f 5e 60 c5 fe 6f a6 00 10 00 00 c5 fe
0x00007f4839462baa:   6f ae 20 10 00 00 c5 fe 6f b6 40 10 00 00 c5 fe
0x00007f4839462bba:   6f be 60 10 00 00 48 83 ee 80 c5 fd e7 07 c5 fd 


Stack slot to memory mapping:
stack at sp + 0 slots: 0x00007f4814021693: buffer_try_enqueue+0x0000000000000179 in /usr/lib/libsharedmemory.so at 0x00007f4814020000
stack at sp + 1 slots: 0x00007f47ba2f1520 is pointing into the stack for thread: 0x00007f48301acd10
stack at sp + 2 slots: 0x00007b0c209cd3b9 is an unknown value
stack at sp + 3 slots: 0x00007f4774039ef0 points into unknown readable memory: 0x0c000000087b0000 | 00 00 7b 08 00 00 00 0c
stack at sp + 4 slots: 0x00007f4814006000 points into unknown readable memory: 0x0c00000000000798 | 98 07 00 00 00 00 00 0c
stack at sp + 5 slots: {method} {0x00007f47bbee5c28} 'writeSharedMemoryByBuffer' '(Ljava/nio/ByteBuffer;I)V' in 'org/apache/kafka/clients/producer/SharedMemoryManager'
stack at sp + 6 slots: 0x3302157c00007b08 is an unknown value
stack at sp + 7 slots: 0x00007f481401f000 points into unknown readable memory: 0x26090037f4150037 | 37 00 15 f4 37 00 09 26


---------------  P R O C E S S  ---------------

Threads class SMR info:
_java_thread_list=0x00007f4754130170, length=24, elements={
0x00007f4830019ee0, 0x00007f4830144560, 0x00007f4830145950, 0x00007f483014d970,
0x00007f483014ed30, 0x00007f4830150150, 0x00007f4830151b90, 0x00007f48301530d0,
0x00007f4830154550, 0x00007f483015ce20, 0x00007f483015fc40, 0x00007f4830165c70,
0x00007f479404c3d0, 0x00007f479404d550, 0x00007f47885fb380, 0x00007f47940136f0,
0x00007f48301acd10, 0x00007f477c0ab830, 0x00007f47800ff8a0, 0x00007f4760001e80,
0x00007f47a00d13c0, 0x00007f4754003960, 0x00007f4754004af0, 0x00007f475412f130
}

Java Threads: ( => current thread )
  0x00007f4830019ee0 JavaThread "main" [_thread_blocked, id=24009, stack(0x00007f4837a96000,0x00007f4837b96000)]
  0x00007f4830144560 JavaThread "Reference Handler" daemon [_thread_blocked, id=24016, stack(0x00007f48140ac000,0x00007f48141ac000)]
  0x00007f4830145950 JavaThread "Finalizer" daemon [_thread_blocked, id=24017, stack(0x00007f47baf00000,0x00007f47bb000000)]
  0x00007f483014d970 JavaThread "Signal Dispatcher" daemon [_thread_blocked, id=24018, stack(0x00007f47badff000,0x00007f47baeff000)]
  0x00007f483014ed30 JavaThread "Service Thread" daemon [_thread_blocked, id=24019, stack(0x00007f47bacfe000,0x00007f47badfe000)]
  0x00007f4830150150 JavaThread "Monitor Deflation Thread" daemon [_thread_blocked, id=24020, stack(0x00007f47babfd000,0x00007f47bacfd000)]
  0x00007f4830151b90 JavaThread "C2 CompilerThread0" daemon [_thread_blocked, id=24021, stack(0x00007f47baafc000,0x00007f47babfc000)]
  0x00007f48301530d0 JavaThread "C1 CompilerThread0" daemon [_thread_blocked, id=24022, stack(0x00007f47ba9fb000,0x00007f47baafb000)]
  0x00007f4830154550 JavaThread "Sweeper thread" daemon [_thread_blocked, id=24023, stack(0x00007f47ba8fa000,0x00007f47ba9fa000)]
  0x00007f483015ce20 JavaThread "Notification Thread" daemon [_thread_blocked, id=24024, stack(0x00007f47ba7f9000,0x00007f47ba8f9000)]
  0x00007f483015fc40 JavaThread "Common-Cleaner" daemon [_thread_blocked, id=24026, stack(0x00007f47ba5f7000,0x00007f47ba6f7000)]
  0x00007f4830165c70 JavaThread "Thread-0" [_thread_in_native, id=24027, stack(0x00007f47ba4f6000,0x00007f47ba5f6000)]
  0x00007f479404c3d0 JavaThread "C1 CompilerThread1" daemon [_thread_blocked, id=24028, stack(0x00007f47ba3f5000,0x00007f47ba4f5000)]
  0x00007f479404d550 JavaThread "C1 CompilerThread2" daemon [_thread_blocked, id=24029, stack(0x00007f47ba2f4000,0x00007f47ba3f4000)]
  0x00007f47885fb380 JavaThread "kafka-coordinator-heartbeat-thread | test-group-1742288869687" daemon [_thread_blocked, id=24048, stack(0x00007f47b9bed000,0x00007f47b9ced000)]
  0x00007f47940136f0 JavaThread "C2 CompilerThread1" daemon [_thread_blocked, id=24073, stack(0x00007f47b9ff1000,0x00007f47ba0f1000)]
=>0x00007f48301acd10 JavaThread "kafka-producer-network-thread | producer-1" daemon [_thread_in_native, id=24074, stack(0x00007f47ba1f3000,0x00007f47ba2f3000)]
  0x00007f477c0ab830 JavaThread "C1 CompilerThread3" daemon [_thread_blocked, id=24075, stack(0x00007f47ba0f2000,0x00007f47ba1f2000)]
  0x00007f47800ff8a0 JavaThread "C2 CompilerThread2" daemon [_thread_blocked, id=24076, stack(0x00007f47b9aec000,0x00007f47b9bec000)]
  0x00007f4760001e80 JavaThread "C2 CompilerThread3" daemon [_thread_in_native, id=24077, stack(0x00007f47b9700000,0x00007f47b9800000)]
  0x00007f47a00d13c0 JavaThread "C2 CompilerThread4" daemon [_thread_blocked, id=24078, stack(0x00007f47b95ff000,0x00007f47b96ff000)]
  0x00007f4754003960 JavaThread "C2 CompilerThread5" daemon [_thread_blocked, id=24079, stack(0x00007f47b94fe000,0x00007f47b95fe000)]
  0x00007f4754004af0 JavaThread "C2 CompilerThread6" daemon [_thread_blocked, id=24080, stack(0x00007f47b93fd000,0x00007f47b94fd000)]
  0x00007f475412f130 JavaThread "C2 CompilerThread7" daemon [_thread_in_native, id=24085, stack(0x00007f47b8ef8000,0x00007f47b8ff8000)]

Other Threads:
  0x00007f48301405d0 VMThread "VM Thread" [stack: 0x00007f48141ad000,0x00007f48142ad000] [id=24015]
  0x00007f483015e680 WatcherThread [stack: 0x00007f47ba6f8000,0x00007f47ba7f8000] [id=24025]
  0x00007f4830075470 GCTaskThread "GC Thread#0" [stack: 0x00007f48175ad000,0x00007f48176ad000] [id=24010]
  0x00007f47b4006c90 GCTaskThread "GC Thread#1" [stack: 0x00007f47b9ef0000,0x00007f47b9ff0000] [id=24045]
  0x00007f47b4007660 GCTaskThread "GC Thread#2" [stack: 0x00007f47b9def000,0x00007f47b9eef000] [id=24046]
  0x00007f47b4008070 GCTaskThread "GC Thread#3" [stack: 0x00007f47b9cee000,0x00007f47b9dee000] [id=24047]
  0x00007f47b400d200 GCTaskThread "GC Thread#4" [stack: 0x00007f47b92fc000,0x00007f47b93fc000] [id=24081]
  0x00007f47b400dae0 GCTaskThread "GC Thread#5" [stack: 0x00007f47b91fb000,0x00007f47b92fb000] [id=24082]
  0x00007f47b4010ab0 GCTaskThread "GC Thread#6" [stack: 0x00007f47b90fa000,0x00007f47b91fa000] [id=24083]
  0x00007f47b4011480 GCTaskThread "GC Thread#7" [stack: 0x00007f47b8ff9000,0x00007f47b90f9000] [id=24084]
  0x00007f4830086060 ConcurrentGCThread "G1 Main Marker" [stack: 0x00007f48174ac000,0x00007f48175ac000] [id=24011]
  0x00007f4830086fd0 ConcurrentGCThread "G1 Conc#0" [stack: 0x00007f48173ab000,0x00007f48174ab000] [id=24012]
  0x00007f48301120a0 ConcurrentGCThread "G1 Refine#0" [stack: 0x00007f481459d000,0x00007f481469d000] [id=24013]
  0x00007f4800000ea0 ConcurrentGCThread "G1 Refine#1" [stack: 0x00007f47b8df7000,0x00007f47b8ef7000] [id=24086]
  0x00007f4738000ea0 ConcurrentGCThread "G1 Refine#2" [stack: 0x00007f47b8a94000,0x00007f47b8b94000] [id=24087]
  0x00007f472c000ea0 ConcurrentGCThread "G1 Refine#3" [stack: 0x00007f47b8993000,0x00007f47b8a93000] [id=24088]
  0x00007f4730000ea0 ConcurrentGCThread "G1 Refine#4" [stack: 0x00007f47b8892000,0x00007f47b8992000] [id=24089]
  0x00007f4724000ea0 ConcurrentGCThread "G1 Refine#5" [stack: 0x00007f47b8791000,0x00007f47b8891000] [id=24090]
  0x00007f4728000ea0 ConcurrentGCThread "G1 Refine#6" [stack: 0x00007f47b8690000,0x00007f47b8790000] [id=24091]
  0x00007f4830112fa0 ConcurrentGCThread "G1 Service" [stack: 0x00007f481449c000,0x00007f481459c000] [id=24014]

Threads with active compile tasks:
C2 CompilerThread3     5264 2228   !   4       org.apache.kafka.clients.producer.internals.RecordAccumulator::append (480 bytes)
C2 CompilerThread7     5264 2434       4       org.apache.kafka.clients.producer.internals.ProducerBatch::tryAppend (149 bytes)

VM state: not at safepoint (normal execution)

VM Mutex/Monitor currently owned by a thread: None

Heap address: 0x0000000085200000, size: 1966 MB, Compressed Oops mode: 32-bit

CDS archive(s) mapped at: [0x00007f47bf000000-0x00007f47bfbc9000-0x00007f47bfbc9000), size 12357632, SharedBaseAddress: 0x00007f47bf000000, ArchiveRelocationMode: 1.
Compressed class space mapped at: 0x00007f47c0000000-0x00007f4800000000, reserved size: 1073741824
Narrow klass base: 0x00007f47bf000000, Narrow klass shift: 0, Narrow klass range: 0x100000000

GC Precious Log:
 CPUs: 16 total, 16 available
 Memory: 7862M
 Large Page Support: Disabled
 NUMA Support: Disabled
 Compressed Oops: Enabled (32-bit)
 Heap Region Size: 1M
 Heap Min Capacity: 8M
 Heap Initial Capacity: 124M
 Heap Max Capacity: 1966M
 Pre-touch: Disabled
 Parallel Workers: 13
 Concurrent Workers: 3
 Concurrent Refinement Workers: 13
 Periodic GC: Disabled

Heap:
 garbage-first heap   total 129024K, used 30265K [0x0000000085200000, 0x0000000100000000)
  region size 1024K, 18 young (18432K), 10 survivors (10240K)
 Metaspace       used 16989K, committed 17280K, reserved 1114112K
  class space    used 1693K, committed 1856K, reserved 1048576K

Heap Regions: E=young(eden), S=young(survivor), O=old, HS=humongous(starts), HC=humongous(continues), CS=collection set, F=free, OA=open archive, CA=closed archive, TAMS=top-at-mark-start (previous, next)
|   0|0x0000000085200000, 0x0000000085300000, 0x0000000085300000|100%| O|  |TAMS 0x0000000085200000, 0x0000000085200000| Untracked 
|   1|0x0000000085300000, 0x0000000085400000, 0x0000000085400000|100%| O|  |TAMS 0x0000000085300000, 0x0000000085300000| Untracked 
|   2|0x0000000085400000, 0x0000000085500000, 0x0000000085500000|100%| O|  |TAMS 0x0000000085400000, 0x0000000085400000| Untracked 
|   3|0x0000000085500000, 0x0000000085600000, 0x0000000085600000|100%| O|  |TAMS 0x0000000085500000, 0x0000000085500000| Untracked 
|   4|0x0000000085600000, 0x0000000085700000, 0x0000000085700000|100%| O|  |TAMS 0x0000000085600000, 0x0000000085600000| Untracked 
|   5|0x0000000085700000, 0x0000000085800000, 0x0000000085800000|100%| O|  |TAMS 0x0000000085700000, 0x0000000085700000| Untracked 
|   6|0x0000000085800000, 0x0000000085900000, 0x0000000085900000|100%| O|  |TAMS 0x0000000085800000, 0x0000000085800000| Untracked 
|   7|0x0000000085900000, 0x0000000085a00000, 0x0000000085a00000|100%| O|  |TAMS 0x0000000085900000, 0x0000000085900000| Untracked 
|   8|0x0000000085a00000, 0x0000000085b00000, 0x0000000085b00000|100%| O|  |TAMS 0x0000000085a00000, 0x0000000085a00000| Untracked 
|   9|0x0000000085b00000, 0x0000000085c00000, 0x0000000085c00000|100%| O|  |TAMS 0x0000000085b00000, 0x0000000085b00000| Untracked 
|  10|0x0000000085c00000, 0x0000000085d00000, 0x0000000085d00000|100%| O|  |TAMS 0x0000000085c00000, 0x0000000085c00000| Untracked 
|  11|0x0000000085d00000, 0x0000000085da2400, 0x0000000085e00000| 63%| O|  |TAMS 0x0000000085d00000, 0x0000000085d00000| Untracked 
|  12|0x0000000085e00000, 0x0000000085e00000, 0x0000000085f00000|  0%| F|  |TAMS 0x0000000085e00000, 0x0000000085e00000| Untracked 
|  13|0x0000000085f00000, 0x0000000085f00000, 0x0000000086000000|  0%| F|  |TAMS 0x0000000085f00000, 0x0000000085f00000| Untracked 
|  14|0x0000000086000000, 0x0000000086000000, 0x0000000086100000|  0%| F|  |TAMS 0x0000000086000000, 0x0000000086000000| Untracked 
|  15|0x0000000086100000, 0x0000000086100000, 0x0000000086200000|  0%| F|  |TAMS 0x0000000086100000, 0x0000000086100000| Untracked 
|  16|0x0000000086200000, 0x0000000086200000, 0x0000000086300000|  0%| F|  |TAMS 0x0000000086200000, 0x0000000086200000| Untracked 
|  17|0x0000000086300000, 0x0000000086300000, 0x0000000086400000|  0%| F|  |TAMS 0x0000000086300000, 0x0000000086300000| Untracked 
|  18|0x0000000086400000, 0x0000000086400000, 0x0000000086500000|  0%| F|  |TAMS 0x0000000086400000, 0x0000000086400000| Untracked 
|  19|0x0000000086500000, 0x0000000086500000, 0x0000000086600000|  0%| F|  |TAMS 0x0000000086500000, 0x0000000086500000| Untracked 
|  20|0x0000000086600000, 0x0000000086600000, 0x0000000086700000|  0%| F|  |TAMS 0x0000000086600000, 0x0000000086600000| Untracked 
|  21|0x0000000086700000, 0x0000000086700000, 0x0000000086800000|  0%| F|  |TAMS 0x0000000086700000, 0x0000000086700000| Untracked 
|  22|0x0000000086800000, 0x0000000086800000, 0x0000000086900000|  0%| F|  |TAMS 0x0000000086800000, 0x0000000086800000| Untracked 
|  23|0x0000000086900000, 0x0000000086900000, 0x0000000086a00000|  0%| F|  |TAMS 0x0000000086900000, 0x0000000086900000| Untracked 
|  24|0x0000000086a00000, 0x0000000086a00000, 0x0000000086b00000|  0%| F|  |TAMS 0x0000000086a00000, 0x0000000086a00000| Untracked 
|  25|0x0000000086b00000, 0x0000000086b00000, 0x0000000086c00000|  0%| F|  |TAMS 0x0000000086b00000, 0x0000000086b00000| Untracked 
|  26|0x0000000086c00000, 0x0000000086c00000, 0x0000000086d00000|  0%| F|  |TAMS 0x0000000086c00000, 0x0000000086c00000| Untracked 
|  27|0x0000000086d00000, 0x0000000086d00000, 0x0000000086e00000|  0%| F|  |TAMS 0x0000000086d00000, 0x0000000086d00000| Untracked 
|  28|0x0000000086e00000, 0x0000000086e00000, 0x0000000086f00000|  0%| F|  |TAMS 0x0000000086e00000, 0x0000000086e00000| Untracked 
|  29|0x0000000086f00000, 0x0000000086f00000, 0x0000000087000000|  0%| F|  |TAMS 0x0000000086f00000, 0x0000000086f00000| Untracked 
|  30|0x0000000087000000, 0x0000000087000000, 0x0000000087100000|  0%| F|  |TAMS 0x0000000087000000, 0x0000000087000000| Untracked 
|  31|0x0000000087100000, 0x0000000087100000, 0x0000000087200000|  0%| F|  |TAMS 0x0000000087100000, 0x0000000087100000| Untracked 
|  32|0x0000000087200000, 0x0000000087200000, 0x0000000087300000|  0%| F|  |TAMS 0x0000000087200000, 0x0000000087200000| Untracked 
|  33|0x0000000087300000, 0x0000000087300000, 0x0000000087400000|  0%| F|  |TAMS 0x0000000087300000, 0x0000000087300000| Untracked 
|  34|0x0000000087400000, 0x0000000087400000, 0x0000000087500000|  0%| F|  |TAMS 0x0000000087400000, 0x0000000087400000| Untracked 
|  35|0x0000000087500000, 0x0000000087500000, 0x0000000087600000|  0%| F|  |TAMS 0x0000000087500000, 0x0000000087500000| Untracked 
|  36|0x0000000087600000, 0x0000000087600000, 0x0000000087700000|  0%| F|  |TAMS 0x0000000087600000, 0x0000000087600000| Untracked 
|  37|0x0000000087700000, 0x0000000087700000, 0x0000000087800000|  0%| F|  |TAMS 0x0000000087700000, 0x0000000087700000| Untracked 
|  38|0x0000000087800000, 0x0000000087800000, 0x0000000087900000|  0%| F|  |TAMS 0x0000000087800000, 0x0000000087800000| Untracked 
|  39|0x0000000087900000, 0x0000000087900000, 0x0000000087a00000|  0%| F|  |TAMS 0x0000000087900000, 0x0000000087900000| Untracked 
|  40|0x0000000087a00000, 0x0000000087b00000, 0x0000000087b00000|100%| S|CS|TAMS 0x0000000087a00000, 0x0000000087a00000| Complete 
|  41|0x0000000087b00000, 0x0000000087c00000, 0x0000000087c00000|100%| S|CS|TAMS 0x0000000087b00000, 0x0000000087b00000| Complete 
|  42|0x0000000087c00000, 0x0000000087d00000, 0x0000000087d00000|100%| S|CS|TAMS 0x0000000087c00000, 0x0000000087c00000| Complete 
|  43|0x0000000087d00000, 0x0000000087e00000, 0x0000000087e00000|100%| S|CS|TAMS 0x0000000087d00000, 0x0000000087d00000| Complete 
|  44|0x0000000087e00000, 0x0000000087f00000, 0x0000000087f00000|100%| S|CS|TAMS 0x0000000087e00000, 0x0000000087e00000| Complete 
|  45|0x0000000087f00000, 0x0000000088000000, 0x0000000088000000|100%| S|CS|TAMS 0x0000000087f00000, 0x0000000087f00000| Complete 
|  46|0x0000000088000000, 0x0000000088100000, 0x0000000088100000|100%| S|CS|TAMS 0x0000000088000000, 0x0000000088000000| Complete 
|  47|0x0000000088100000, 0x0000000088200000, 0x0000000088200000|100%| S|CS|TAMS 0x0000000088100000, 0x0000000088100000| Complete 
|  48|0x0000000088200000, 0x0000000088300000, 0x0000000088300000|100%| S|CS|TAMS 0x0000000088200000, 0x0000000088200000| Complete 
|  49|0x0000000088300000, 0x0000000088400000, 0x0000000088400000|100%| S|CS|TAMS 0x0000000088300000, 0x0000000088300000| Complete 
|  50|0x0000000088400000, 0x0000000088400000, 0x0000000088500000|  0%| F|  |TAMS 0x0000000088400000, 0x0000000088400000| Untracked 
|  51|0x0000000088500000, 0x0000000088500000, 0x0000000088600000|  0%| F|  |TAMS 0x0000000088500000, 0x0000000088500000| Untracked 
|  52|0x0000000088600000, 0x0000000088600000, 0x0000000088700000|  0%| F|  |TAMS 0x0000000088600000, 0x0000000088600000| Untracked 
|  53|0x0000000088700000, 0x0000000088700000, 0x0000000088800000|  0%| F|  |TAMS 0x0000000088700000, 0x0000000088700000| Untracked 
|  54|0x0000000088800000, 0x0000000088800000, 0x0000000088900000|  0%| F|  |TAMS 0x0000000088800000, 0x0000000088800000| Untracked 
|  55|0x0000000088900000, 0x0000000088900000, 0x0000000088a00000|  0%| F|  |TAMS 0x0000000088900000, 0x0000000088900000| Untracked 
|  56|0x0000000088a00000, 0x0000000088a00000, 0x0000000088b00000|  0%| F|  |TAMS 0x0000000088a00000, 0x0000000088a00000| Untracked 
|  57|0x0000000088b00000, 0x0000000088b00000, 0x0000000088c00000|  0%| F|  |TAMS 0x0000000088b00000, 0x0000000088b00000| Untracked 
|  58|0x0000000088c00000, 0x0000000088c00000, 0x0000000088d00000|  0%| F|  |TAMS 0x0000000088c00000, 0x0000000088c00000| Untracked 
|  59|0x0000000088d00000, 0x0000000088d00000, 0x0000000088e00000|  0%| F|  |TAMS 0x0000000088d00000, 0x0000000088d00000| Untracked 
|  60|0x0000000088e00000, 0x0000000088e00000, 0x0000000088f00000|  0%| F|  |TAMS 0x0000000088e00000, 0x0000000088e00000| Untracked 
|  61|0x0000000088f00000, 0x0000000088f00000, 0x0000000089000000|  0%| F|  |TAMS 0x0000000088f00000, 0x0000000088f00000| Untracked 
|  62|0x0000000089000000, 0x0000000089000000, 0x0000000089100000|  0%| F|  |TAMS 0x0000000089000000, 0x0000000089000000| Untracked 
|  63|0x0000000089100000, 0x0000000089100000, 0x0000000089200000|  0%| F|  |TAMS 0x0000000089100000, 0x0000000089100000| Untracked 
|  64|0x0000000089200000, 0x0000000089200000, 0x0000000089300000|  0%| F|  |TAMS 0x0000000089200000, 0x0000000089200000| Untracked 
|  65|0x0000000089300000, 0x0000000089300000, 0x0000000089400000|  0%| F|  |TAMS 0x0000000089300000, 0x0000000089300000| Untracked 
|  66|0x0000000089400000, 0x0000000089400000, 0x0000000089500000|  0%| F|  |TAMS 0x0000000089400000, 0x0000000089400000| Untracked 
|  67|0x0000000089500000, 0x0000000089500000, 0x0000000089600000|  0%| F|  |TAMS 0x0000000089500000, 0x0000000089500000| Untracked 
|  68|0x0000000089600000, 0x0000000089600000, 0x0000000089700000|  0%| F|  |TAMS 0x0000000089600000, 0x0000000089600000| Untracked 
|  69|0x0000000089700000, 0x0000000089700000, 0x0000000089800000|  0%| F|  |TAMS 0x0000000089700000, 0x0000000089700000| Untracked 
|  70|0x0000000089800000, 0x0000000089800000, 0x0000000089900000|  0%| F|  |TAMS 0x0000000089800000, 0x0000000089800000| Untracked 
|  71|0x0000000089900000, 0x0000000089900000, 0x0000000089a00000|  0%| F|  |TAMS 0x0000000089900000, 0x0000000089900000| Untracked 
|  72|0x0000000089a00000, 0x0000000089a00000, 0x0000000089b00000|  0%| F|  |TAMS 0x0000000089a00000, 0x0000000089a00000| Untracked 
|  73|0x0000000089b00000, 0x0000000089b00000, 0x0000000089c00000|  0%| F|  |TAMS 0x0000000089b00000, 0x0000000089b00000| Untracked 
|  74|0x0000000089c00000, 0x0000000089c00000, 0x0000000089d00000|  0%| F|  |TAMS 0x0000000089c00000, 0x0000000089c00000| Untracked 
|  75|0x0000000089d00000, 0x0000000089d00000, 0x0000000089e00000|  0%| F|  |TAMS 0x0000000089d00000, 0x0000000089d00000| Untracked 
|  76|0x0000000089e00000, 0x0000000089e00000, 0x0000000089f00000|  0%| F|  |TAMS 0x0000000089e00000, 0x0000000089e00000| Untracked 
|  77|0x0000000089f00000, 0x0000000089f00000, 0x000000008a000000|  0%| F|  |TAMS 0x0000000089f00000, 0x0000000089f00000| Untracked 
|  78|0x000000008a000000, 0x000000008a000000, 0x000000008a100000|  0%| F|  |TAMS 0x000000008a000000, 0x000000008a000000| Untracked 
|  79|0x000000008a100000, 0x000000008a100000, 0x000000008a200000|  0%| F|  |TAMS 0x000000008a100000, 0x000000008a100000| Untracked 
|  80|0x000000008a200000, 0x000000008a200000, 0x000000008a300000|  0%| F|  |TAMS 0x000000008a200000, 0x000000008a200000| Untracked 
|  81|0x000000008a300000, 0x000000008a300000, 0x000000008a400000|  0%| F|  |TAMS 0x000000008a300000, 0x000000008a300000| Untracked 
|  82|0x000000008a400000, 0x000000008a400000, 0x000000008a500000|  0%| F|  |TAMS 0x000000008a400000, 0x000000008a400000| Untracked 
|  83|0x000000008a500000, 0x000000008a500000, 0x000000008a600000|  0%| F|  |TAMS 0x000000008a500000, 0x000000008a500000| Untracked 
|  84|0x000000008a600000, 0x000000008a600000, 0x000000008a700000|  0%| F|  |TAMS 0x000000008a600000, 0x000000008a600000| Untracked 
|  85|0x000000008a700000, 0x000000008a700000, 0x000000008a800000|  0%| F|  |TAMS 0x000000008a700000, 0x000000008a700000| Untracked 
|  86|0x000000008a800000, 0x000000008a800000, 0x000000008a900000|  0%| F|  |TAMS 0x000000008a800000, 0x000000008a800000| Untracked 
|  87|0x000000008a900000, 0x000000008a900000, 0x000000008aa00000|  0%| F|  |TAMS 0x000000008a900000, 0x000000008a900000| Untracked 
|  88|0x000000008aa00000, 0x000000008aa00000, 0x000000008ab00000|  0%| F|  |TAMS 0x000000008aa00000, 0x000000008aa00000| Untracked 
|  89|0x000000008ab00000, 0x000000008ab00000, 0x000000008ac00000|  0%| F|  |TAMS 0x000000008ab00000, 0x000000008ab00000| Untracked 
|  90|0x000000008ac00000, 0x000000008ac00000, 0x000000008ad00000|  0%| F|  |TAMS 0x000000008ac00000, 0x000000008ac00000| Untracked 
|  91|0x000000008ad00000, 0x000000008ad00000, 0x000000008ae00000|  0%| F|  |TAMS 0x000000008ad00000, 0x000000008ad00000| Untracked 
|  92|0x000000008ae00000, 0x000000008ae00000, 0x000000008af00000|  0%| F|  |TAMS 0x000000008ae00000, 0x000000008ae00000| Untracked 
|  93|0x000000008af00000, 0x000000008af00000, 0x000000008b000000|  0%| F|  |TAMS 0x000000008af00000, 0x000000008af00000| Untracked 
|  94|0x000000008b000000, 0x000000008b000000, 0x000000008b100000|  0%| F|  |TAMS 0x000000008b000000, 0x000000008b000000| Untracked 
|  95|0x000000008b100000, 0x000000008b100000, 0x000000008b200000|  0%| F|  |TAMS 0x000000008b100000, 0x000000008b100000| Untracked 
|  96|0x000000008b200000, 0x000000008b200000, 0x000000008b300000|  0%| F|  |TAMS 0x000000008b200000, 0x000000008b200000| Untracked 
|  97|0x000000008b300000, 0x000000008b300000, 0x000000008b400000|  0%| F|  |TAMS 0x000000008b300000, 0x000000008b300000| Untracked 
|  98|0x000000008b400000, 0x000000008b400000, 0x000000008b500000|  0%| F|  |TAMS 0x000000008b400000, 0x000000008b400000| Untracked 
|  99|0x000000008b500000, 0x000000008b500000, 0x000000008b600000|  0%| F|  |TAMS 0x000000008b500000, 0x000000008b500000| Untracked 
| 100|0x000000008b600000, 0x000000008b600000, 0x000000008b700000|  0%| F|  |TAMS 0x000000008b600000, 0x000000008b600000| Untracked 
| 101|0x000000008b700000, 0x000000008b700000, 0x000000008b800000|  0%| F|  |TAMS 0x000000008b700000, 0x000000008b700000| Untracked 
| 102|0x000000008b800000, 0x000000008b800000, 0x000000008b900000|  0%| F|  |TAMS 0x000000008b800000, 0x000000008b800000| Untracked 
| 103|0x000000008b900000, 0x000000008b900000, 0x000000008ba00000|  0%| F|  |TAMS 0x000000008b900000, 0x000000008b900000| Untracked 
| 104|0x000000008ba00000, 0x000000008ba00000, 0x000000008bb00000|  0%| F|  |TAMS 0x000000008ba00000, 0x000000008ba00000| Untracked 
| 105|0x000000008bb00000, 0x000000008bb00000, 0x000000008bc00000|  0%| F|  |TAMS 0x000000008bb00000, 0x000000008bb00000| Untracked 
| 106|0x000000008bc00000, 0x000000008bc00000, 0x000000008bd00000|  0%| F|  |TAMS 0x000000008bc00000, 0x000000008bc00000| Untracked 
| 107|0x000000008bd00000, 0x000000008bd00000, 0x000000008be00000|  0%| F|  |TAMS 0x000000008bd00000, 0x000000008bd00000| Untracked 
| 108|0x000000008be00000, 0x000000008be00000, 0x000000008bf00000|  0%| F|  |TAMS 0x000000008be00000, 0x000000008be00000| Untracked 
| 109|0x000000008bf00000, 0x000000008bf00000, 0x000000008c000000|  0%| F|  |TAMS 0x000000008bf00000, 0x000000008bf00000| Untracked 
| 110|0x000000008c000000, 0x000000008c000000, 0x000000008c100000|  0%| F|  |TAMS 0x000000008c000000, 0x000000008c000000| Untracked 
| 111|0x000000008c100000, 0x000000008c100000, 0x000000008c200000|  0%| F|  |TAMS 0x000000008c100000, 0x000000008c100000| Untracked 
| 112|0x000000008c200000, 0x000000008c200000, 0x000000008c300000|  0%| F|  |TAMS 0x000000008c200000, 0x000000008c200000| Untracked 
| 113|0x000000008c300000, 0x000000008c300000, 0x000000008c400000|  0%| F|  |TAMS 0x000000008c300000, 0x000000008c300000| Untracked 
| 114|0x000000008c400000, 0x000000008c400000, 0x000000008c500000|  0%| F|  |TAMS 0x000000008c400000, 0x000000008c400000| Untracked 
| 115|0x000000008c500000, 0x000000008c500000, 0x000000008c600000|  0%| F|  |TAMS 0x000000008c500000, 0x000000008c500000| Untracked 
| 116|0x000000008c600000, 0x000000008c680000, 0x000000008c700000| 50%| E|  |TAMS 0x000000008c600000, 0x000000008c600000| Complete 
| 117|0x000000008c700000, 0x000000008c800000, 0x000000008c800000|100%| E|CS|TAMS 0x000000008c700000, 0x000000008c700000| Complete 
| 118|0x000000008c800000, 0x000000008c900000, 0x000000008c900000|100%| E|CS|TAMS 0x000000008c800000, 0x000000008c800000| Complete 
| 119|0x000000008c900000, 0x000000008ca00000, 0x000000008ca00000|100%| E|CS|TAMS 0x000000008c900000, 0x000000008c900000| Complete 
| 120|0x000000008ca00000, 0x000000008cb00000, 0x000000008cb00000|100%| E|CS|TAMS 0x000000008ca00000, 0x000000008ca00000| Complete 
| 121|0x000000008cb00000, 0x000000008cc00000, 0x000000008cc00000|100%| E|CS|TAMS 0x000000008cb00000, 0x000000008cb00000| Complete 
| 122|0x000000008cc00000, 0x000000008cd00000, 0x000000008cd00000|100%| E|CS|TAMS 0x000000008cc00000, 0x000000008cc00000| Complete 
| 123|0x000000008cd00000, 0x000000008ce00000, 0x000000008ce00000|100%| E|CS|TAMS 0x000000008cd00000, 0x000000008cd00000| Complete 
|1964|0x00000000ffe00000, 0x00000000ffe75000, 0x00000000fff00000| 45%|OA|  |TAMS 0x00000000ffe00000, 0x00000000ffe00000| Untracked 
|1965|0x00000000fff00000, 0x00000000fff77000, 0x0000000100000000| 46%|CA|  |TAMS 0x00000000fff00000, 0x00000000fff00000| Untracked 

Card table byte_map: [0x00007f48363c0000,0x00007f4836797000] _byte_map_base: 0x00007f4835f97000

Marking Bits (Prev, Next): (CMBitMap*) 0x00007f4830075f00, (CMBitMap*) 0x00007f4830075f40
 Prev Bits: [0x00007f4834131000, 0x00007f4835fe9000)
 Next Bits: [0x00007f48176ad000, 0x00007f4819565000)

Polling page: 0x00007f483951c000

Metaspace:

Usage:
  Non-class:     14.94 MB used.
      Class:      1.65 MB used.
       Both:     16.59 MB used.

Virtual space:
  Non-class space:       64.00 MB reserved,      15.06 MB ( 24%) committed,  1 nodes.
      Class space:        1.00 GB reserved,       1.81 MB ( <1%) committed,  1 nodes.
             Both:        1.06 GB reserved,      16.88 MB (  2%) committed. 

Chunk freelists:
   Non-Class:  974.00 KB
       Class:  14.23 MB
        Both:  15.18 MB

MaxMetaspaceSize: unlimited
CompressedClassSpaceSize: 1.00 GB
Initial GC threshold: 21.00 MB
Current GC threshold: 21.00 MB
CDS: on
MetaspaceReclaimPolicy: balanced
 - commit_granule_bytes: 65536.
 - commit_granule_words: 8192.
 - virtual_space_node_default_size: 8388608.
 - enlarge_chunks_in_place: 1.
 - new_chunks_are_fully_committed: 0.
 - uncommit_free_chunks: 1.
 - use_allocation_guard: 0.
 - handle_deallocations: 1.


Internal statistics:

num_allocs_failed_limit: 0.
num_arena_births: 198.
num_arena_deaths: 0.
num_vsnodes_births: 2.
num_vsnodes_deaths: 0.
num_space_committed: 270.
num_space_uncommitted: 0.
num_chunks_returned_to_freelist: 0.
num_chunks_taken_from_freelist: 693.
num_chunk_merges: 0.
num_chunk_splits: 501.
num_chunks_enlarged: 394.
num_inconsistent_stats: 0.

CodeHeap 'non-profiled nmethods': size=119168Kb used=1088Kb max_used=1088Kb free=118080Kb
 bounds [0x00007f4821105000, 0x00007f4821375000, 0x00007f4828565000]
CodeHeap 'profiled nmethods': size=119164Kb used=4514Kb max_used=4514Kb free=114649Kb
 bounds [0x00007f4819565000, 0x00007f48199d5000, 0x00007f48209c4000]
CodeHeap 'non-nmethods': size=7428Kb used=2943Kb max_used=3020Kb free=4484Kb
 bounds [0x00007f48209c4000, 0x00007f4820d34000, 0x00007f4821105000]
 total_blobs=3008 nmethods=2435 adapters=483
 compilation: enabled
              stopped_count=0, restarted_count=0
 full_count=0

Compilation events (20 events):
Event: 5.246 Thread 0x00007f477c0ab830 2426   !   3       jdk.internal.misc.ScopedMemoryAccess::copyMemory (31 bytes)
Event: 5.246 Thread 0x00007f48301530d0 2427   !   3       jdk.internal.misc.ScopedMemoryAccess::copyMemoryInternal (60 bytes)
Event: 5.246 Thread 0x00007f479404c3d0 nmethod 2424 0x00007f48199c5510 code [0x00007f48199c5740, 0x00007f48199c5f60]
Event: 5.246 Thread 0x00007f477c0ab830 nmethod 2426 0x00007f48199c6210 code [0x00007f48199c6420, 0x00007f48199c6ad0]
Event: 5.247 Thread 0x00007f479404d550 nmethod 2425 0x00007f48199c6e90 code [0x00007f48199c7140, 0x00007f48199c7f50]
Event: 5.247 Thread 0x00007f48301530d0 nmethod 2427 0x00007f48199c8790 code [0x00007f48199c8980, 0x00007f48199c8ea0]
Event: 5.247 Thread 0x00007f47940136f0 nmethod 2235 0x00007f48211f2610 code [0x00007f48211f28e0, 0x00007f48211f5778]
Event: 5.248 Thread 0x00007f4754003960 nmethod 2234 0x00007f48211f7890 code [0x00007f48211f7b80, 0x00007f48211fb598]
Event: 5.248 Thread 0x00007f4754004af0 nmethod 2195 0x00007f48211fe110 code [0x00007f48211fe480, 0x00007f4821202a48]
Event: 5.248 Thread 0x00007f479404d550 2429       3       org.apache.kafka.common.utils.AbstractIterator::hasNext (58 bytes)
Event: 5.248 Thread 0x00007f475412f130 2430       4       org.apache.kafka.clients.producer.internals.ProducerBatch$Thunk::<init> (15 bytes)
Event: 5.248 Thread 0x00007f479404d550 nmethod 2429 0x00007f48199c9190 code [0x00007f48199c9380, 0x00007f48199c96d0]
Event: 5.249 Thread 0x00007f479404d550 2431       3       org.apache.kafka.clients.producer.internals.ProducerBatch::tryAppend (149 bytes)
Event: 5.249 Thread 0x00007f479404d550 nmethod 2431 0x00007f48199c9890 code [0x00007f48199c9ae0, 0x00007f48199ca410]
Event: 5.249 Thread 0x00007f475412f130 nmethod 2430 0x00007f4821207d90 code [0x00007f4821207f00, 0x00007f4821208138]
Event: 5.249 Thread 0x00007f475412f130 2432       4       org.apache.kafka.clients.producer.internals.RecordAccumulator$RecordAppendResult::<init> (26 bytes)
Event: 5.249 Thread 0x00007f477c0ab830 2433       3       org.apache.kafka.common.utils.LogContext$LocationIgnorantKafkaLogger::isDebugEnabled (10 bytes)
Event: 5.249 Thread 0x00007f477c0ab830 nmethod 2433 0x00007f48199ca810 code [0x00007f48199ca9c0, 0x00007f48199cab80]
Event: 5.250 Thread 0x00007f475412f130 nmethod 2432 0x00007f4821208190 code [0x00007f4821208300, 0x00007f4821208458]
Event: 5.252 Thread 0x00007f475412f130 2434       4       org.apache.kafka.clients.producer.internals.ProducerBatch::tryAppend (149 bytes)

GC Heap History (6 events):
Event: 0.442 GC heap before
{Heap before GC invocations=0 (full 0):
 garbage-first heap   total 129024K, used 23472K [0x0000000085200000, 0x0000000100000000)
  region size 1024K, 23 young (23552K), 0 survivors (0K)
 Metaspace       used 7539K, committed 7744K, reserved 1114112K
  class space    used 743K, committed 832K, reserved 1048576K
}
Event: 0.445 GC heap after
{Heap after GC invocations=1 (full 0):
 garbage-first heap   total 129024K, used 5727K [0x0000000085200000, 0x0000000100000000)
  region size 1024K, 3 young (3072K), 3 survivors (3072K)
 Metaspace       used 7539K, committed 7744K, reserved 1114112K
  class space    used 743K, committed 832K, reserved 1048576K
}
Event: 5.108 GC heap before
{Heap before GC invocations=1 (full 0):
 garbage-first heap   total 129024K, used 44639K [0x0000000085200000, 0x0000000100000000)
  region size 1024K, 41 young (41984K), 3 survivors (3072K)
 Metaspace       used 16836K, committed 17152K, reserved 1114112K
  class space    used 1691K, committed 1856K, reserved 1048576K
}
Event: 5.112 GC heap after
{Heap after GC invocations=2 (full 0):
 garbage-first heap   total 129024K, used 8878K [0x0000000085200000, 0x0000000100000000)
  region size 1024K, 6 young (6144K), 6 survivors (6144K)
 Metaspace       used 16836K, committed 17152K, reserved 1114112K
  class space    used 1691K, committed 1856K, reserved 1048576K
}
Event: 5.225 GC heap before
{Heap before GC invocations=2 (full 0):
 garbage-first heap   total 129024K, used 78510K [0x0000000085200000, 0x0000000100000000)
  region size 1024K, 74 young (75776K), 6 survivors (6144K)
 Metaspace       used 16979K, committed 17280K, reserved 1114112K
  class space    used 1692K, committed 1856K, reserved 1048576K
}
Event: 5.245 GC heap after
{Heap after GC invocations=3 (full 0):
 garbage-first heap   total 129024K, used 23097K [0x0000000085200000, 0x0000000100000000)
  region size 1024K, 10 young (10240K), 10 survivors (10240K)
 Metaspace       used 16979K, committed 17280K, reserved 1114112K
  class space    used 1692K, committed 1856K, reserved 1048576K
}

Dll operation events (12 events):
Event: 0.001 Loaded shared library /usr/lib/jvm/java-17-openjdk-amd64/lib/libjava.so
Event: 0.023 Loaded shared library /usr/lib/jvm/java-17-openjdk-amd64/lib/libjsvml.so
Event: 0.041 Loaded shared library /usr/lib/jvm/java-17-openjdk-amd64/lib/libzip.so
Event: 0.044 Loaded shared library /usr/lib/jvm/java-17-openjdk-amd64/lib/libnio.so
Event: 0.044 Loaded shared library /usr/lib/jvm/java-17-openjdk-amd64/lib/libjimage.so
Event: 0.109 Loaded shared library /usr/lib/jvm/java-17-openjdk-amd64/lib/libverify.so
Event: 0.219 Loaded shared library /usr/lib/jvm/java-17-openjdk-amd64/lib/libmanagement.so
Event: 0.229 Loaded shared library /usr/lib/jvm/java-17-openjdk-amd64/lib/libmanagement_ext.so
Event: 0.261 Loaded shared library /usr/lib/jvm/java-17-openjdk-amd64/lib/libnet.so
Event: 0.553 Loaded shared library /usr/lib/jvm/java-17-openjdk-amd64/lib/libextnet.so
Event: 5.078 Loaded shared library /tmp/liblz4-java-14189619218199932027.so
Event: 5.092 Loaded shared library /usr/lib/libsharedmemory.so

Deoptimization events (20 events):
Event: 5.210 Thread 0x00007f4830019ee0 Uncommon trap: trap_request=0xffffffde fr.pc=0x00007f48211dfbb0 relative=0x0000000000000110
Event: 5.210 Thread 0x00007f4830019ee0 Uncommon trap: reason=class_check action=maybe_recompile pc=0x00007f48211dfbb0 method=jdk.internal.misc.Unsafe.allocateUninitializedArray(Ljava/lang/Class;I)Ljava/lang/Object; @ 51 c2
Event: 5.210 Thread 0x00007f4830019ee0 DEOPT PACKING pc=0x00007f48211dfbb0 sp=0x00007f4837b94650
Event: 5.210 Thread 0x00007f4830019ee0 DEOPT UNPACKING pc=0x00007f4820a1a699 sp=0x00007f4837b945f8 mode 2
Event: 5.210 Thread 0x00007f4830019ee0 Uncommon trap: trap_request=0xffffffde fr.pc=0x00007f48211dfbb0 relative=0x0000000000000110
Event: 5.210 Thread 0x00007f4830019ee0 Uncommon trap: reason=class_check action=maybe_recompile pc=0x00007f48211dfbb0 method=jdk.internal.misc.Unsafe.allocateUninitializedArray(Ljava/lang/Class;I)Ljava/lang/Object; @ 51 c2
Event: 5.210 Thread 0x00007f4830019ee0 DEOPT PACKING pc=0x00007f48211dfbb0 sp=0x00007f4837b94650
Event: 5.210 Thread 0x00007f4830019ee0 DEOPT UNPACKING pc=0x00007f4820a1a699 sp=0x00007f4837b945f8 mode 2
Event: 5.210 Thread 0x00007f4830019ee0 Uncommon trap: trap_request=0xffffffde fr.pc=0x00007f48211dfbb0 relative=0x0000000000000110
Event: 5.210 Thread 0x00007f4830019ee0 Uncommon trap: reason=class_check action=maybe_recompile pc=0x00007f48211dfbb0 method=jdk.internal.misc.Unsafe.allocateUninitializedArray(Ljava/lang/Class;I)Ljava/lang/Object; @ 51 c2
Event: 5.210 Thread 0x00007f4830019ee0 DEOPT PACKING pc=0x00007f48211dfbb0 sp=0x00007f4837b94650
Event: 5.210 Thread 0x00007f4830019ee0 DEOPT UNPACKING pc=0x00007f4820a1a699 sp=0x00007f4837b945f8 mode 2
Event: 5.210 Thread 0x00007f4830019ee0 Uncommon trap: trap_request=0xffffffde fr.pc=0x00007f48211dfbb0 relative=0x0000000000000110
Event: 5.210 Thread 0x00007f4830019ee0 Uncommon trap: reason=class_check action=maybe_recompile pc=0x00007f48211dfbb0 method=jdk.internal.misc.Unsafe.allocateUninitializedArray(Ljava/lang/Class;I)Ljava/lang/Object; @ 51 c2
Event: 5.210 Thread 0x00007f4830019ee0 DEOPT PACKING pc=0x00007f48211dfbb0 sp=0x00007f4837b94650
Event: 5.210 Thread 0x00007f4830019ee0 DEOPT UNPACKING pc=0x00007f4820a1a699 sp=0x00007f4837b945f8 mode 2
Event: 5.249 Thread 0x00007f4830019ee0 Uncommon trap: trap_request=0xffffff45 fr.pc=0x00007f4821200cf8 relative=0x0000000000002878
Event: 5.249 Thread 0x00007f4830019ee0 Uncommon trap: reason=unstable_if action=reinterpret pc=0x00007f4821200cf8 method=org.apache.kafka.common.compress.Lz4BlockOutputStream.write([BII)V @ 24 c2
Event: 5.249 Thread 0x00007f4830019ee0 DEOPT PACKING pc=0x00007f4821200cf8 sp=0x00007f4837b94210
Event: 5.249 Thread 0x00007f4830019ee0 DEOPT UNPACKING pc=0x00007f4820a1a699 sp=0x00007f4837b93ce0 mode 2

Classes loaded (20 events):
Event: 5.078 Loading class java/lang/ProcessEnvironment
Event: 5.078 Loading class java/lang/ProcessEnvironment done
Event: 5.078 Loading class java/lang/ProcessEnvironment$Variable
Event: 5.078 Loading class java/lang/ProcessEnvironment$ExternalData
Event: 5.078 Loading class java/lang/ProcessEnvironment$ExternalData done
Event: 5.078 Loading class java/lang/ProcessEnvironment$Variable done
Event: 5.078 Loading class java/lang/ProcessEnvironment$Value
Event: 5.078 Loading class java/lang/ProcessEnvironment$Value done
Event: 5.078 Loading class java/lang/ProcessEnvironment$StringEnvironment
Event: 5.078 Loading class java/lang/ProcessEnvironment$StringEnvironment done
Event: 5.078 Loading class java/io/DeleteOnExitHook
Event: 5.078 Loading class java/io/DeleteOnExitHook done
Event: 5.078 Loading class java/io/DeleteOnExitHook$1
Event: 5.078 Loading class java/io/DeleteOnExitHook$1 done
Event: 5.088 Loading class java/util/zip/CRC32C
Event: 5.088 Loading class java/util/zip/CRC32C done
Event: 5.096 Loading class jdk/internal/access/foreign/MemorySegmentProxy
Event: 5.096 Loading class jdk/internal/access/foreign/MemorySegmentProxy done
Event: 5.162 Loading class jdk/internal/misc/ScopedMemoryAccess$Scope
Event: 5.162 Loading class jdk/internal/misc/ScopedMemoryAccess$Scope done

Classes unloaded (0 events):
No events

Classes redefined (0 events):
No events

Internal exceptions (20 events):
Event: 0.313 Thread 0x00007f4830165c70 Exception <a 'java/lang/NoSuchMethodError'{0x000000008bf45378}: 'java.lang.Object java.lang.invoke.DirectMethodHandle$Holder.invokeInterface(java.lang.Object, java.lang.Object)'> (0x000000008bf45378) 
thrown [./src/hotspot/share/interpreter/linkResolver.cpp, line 758]
Event: 0.324 Thread 0x00007f4830165c70 Exception <a 'java/lang/NoSuchMethodError'{0x000000008bfdb640}: 'void java.lang.invoke.DirectMethodHandle$Holder.invokeStatic(java.lang.Object, java.lang.Object, java.lang.Object, java.lang.Object)'> (0x000000008bfdb640) 
thrown [./src/hotspot/share/interpreter/linkResolver.cpp, line 758]
Event: 0.399 Thread 0x00007f4830165c70 Exception <a 'java/lang/NoSuchMethodError'{0x000000008ba8ec90}: 'int java.lang.invoke.DirectMethodHandle$Holder.invokeSpecial(java.lang.Object, java.lang.Object, java.lang.Object, java.lang.Object)'> (0x000000008ba8ec90) 
thrown [./src/hotspot/share/interpreter/linkResolver.cpp, line 758]
Event: 0.547 Thread 0x00007f4830165c70 Exception <a 'java/lang/NoSuchMethodError'{0x000000008bee3f38}: 'int java.lang.invoke.DirectMethodHandle$Holder.invokeStaticInit(java.lang.Object, java.lang.Object, java.lang.Object)'> (0x000000008bee3f38) 
thrown [./src/hotspot/share/interpreter/linkResolver.cpp, line 758]
Event: 0.574 Thread 0x00007f4830165c70 Exception <a 'java/lang/NoSuchMethodError'{0x000000008bbb6750}: 'java.lang.Object java.lang.invoke.DirectMethodHandle$Holder.newInvokeSpecial(java.lang.Object, java.lang.Object, long)'> (0x000000008bbb6750) 
thrown [./src/hotspot/share/interpreter/linkResolver.cpp, line 758]
Event: 0.574 Thread 0x00007f4830165c70 Exception <a 'java/lang/NoSuchMethodError'{0x000000008bbba2c0}: 'java.lang.Object java.lang.invoke.Invokers$Holder.linkToTargetMethod(java.lang.Object, long, java.lang.Object)'> (0x000000008bbba2c0) 
thrown [./src/hotspot/share/interpreter/linkResolver.cpp, line 758]
Event: 0.575 Thread 0x00007f4830165c70 Exception <a 'java/lang/NoSuchMethodError'{0x000000008bbc43a0}: 'java.lang.Object java.lang.invoke.DirectMethodHandle$Holder.newInvokeSpecial(java.lang.Object, long, long)'> (0x000000008bbc43a0) 
thrown [./src/hotspot/share/interpreter/linkResolver.cpp, line 758]
Event: 0.575 Thread 0x00007f4830165c70 Exception <a 'java/lang/NoSuchMethodError'{0x000000008bbc8be0}: 'int java.lang.invoke.DirectMethodHandle$Holder.invokeVirtual(java.lang.Object, java.lang.Object)'> (0x000000008bbc8be0) 
thrown [./src/hotspot/share/interpreter/linkResolver.cpp, line 758]
Event: 0.576 Thread 0x00007f4830165c70 Exception <a 'java/lang/NoSuchMethodError'{0x000000008bbde158}: 'void java.lang.invoke.DirectMethodHandle$Holder.invokeSpecial(java.lang.Object, java.lang.Object, java.lang.Object)'> (0x000000008bbde158) 
thrown [./src/hotspot/share/interpreter/linkResolver.cpp, line 758]
Event: 0.579 Thread 0x00007f4830165c70 Exception <a 'java/lang/NoSuchMethodError'{0x000000008ba22c68}: 'java.lang.Object java.lang.invoke.DirectMethodHandle$Holder.newInvokeSpecial(java.lang.Object, long)'> (0x000000008ba22c68) 
thrown [./src/hotspot/share/interpreter/linkResolver.cpp, line 758]
Event: 0.625 Thread 0x00007f4830165c70 Exception <a 'java/lang/NoSuchMethodError'{0x000000008b3d0220}: 'void java.lang.invoke.DirectMethodHandle$Holder.invokeStatic(java.lang.Object, int, java.lang.Object)'> (0x000000008b3d0220) 
thrown [./src/hotspot/share/interpreter/linkResolver.cpp, line 758]
Event: 0.630 Thread 0x00007f4830165c70 Exception <a 'java/lang/NoSuchMethodError'{0x000000008b21b648}: 'java.lang.Object java.lang.invoke.DirectMethodHandle$Holder.invokeInterface(java.lang.Object, java.lang.Object, java.lang.Object)'> (0x000000008b21b648) 
thrown [./src/hotspot/share/interpreter/linkResolver.cpp, line 758]
Event: 0.640 Thread 0x00007f4830165c70 Exception <a 'java/lang/NoSuchMethodError'{0x000000008b2ccf40}: 'java.lang.Object java.lang.invoke.Invokers$Holder.invokeExact_MT(java.lang.Object, java.lang.Object, java.lang.Object, java.lang.Object, java.lang.Object, java.lang.Object)'> (0x000000008b2ccf40) 
thrown [./src/hotspot/share/interpreter/linkResolver.cpp, line 758]
Event: 0.640 Thread 0x00007f4830165c70 Exception <a 'java/lang/NoSuchMethodError'{0x000000008b2df7f0}: 'java.lang.Object java.lang.invoke.DirectMethodHandle$Holder.invokeVirtual(java.lang.Object, java.lang.Object, java.lang.Object)'> (0x000000008b2df7f0) 
thrown [./src/hotspot/share/interpreter/linkResolver.cpp, line 758]
Event: 3.653 Thread 0x00007f4830165c70 Exception <a 'java/lang/NoSuchMethodError'{0x000000008b1db8b8}: 'void java.lang.invoke.DirectMethodHandle$Holder.invokeStatic(java.lang.Object, java.lang.Object, java.lang.Object, java.lang.Object, java.lang.Object, java.lang.Object)'> (0x000000008b1db8b8) 
thrown [./src/hotspot/share/interpreter/linkResolver.cpp, line 758]
Event: 3.677 Thread 0x00007f4830165c70 Exception <a 'java/lang/NoSuchMethodError'{0x000000008b0bd148}: 'java.lang.Object java.lang.invoke.DirectMethodHandle$Holder.invokeVirtual(java.lang.Object, java.lang.Object, int)'> (0x000000008b0bd148) 
thrown [./src/hotspot/share/interpreter/linkResolver.cpp, line 758]
Event: 4.196 Thread 0x00007f4830165c70 Exception <a 'java/lang/NoSuchMethodError'{0x000000008af90ac8}: 'java.lang.Object java.lang.invoke.DirectMethodHandle$Holder.invokeSpecial(java.lang.Object, java.lang.Object, int, java.lang.Object, java.lang.Object)'> (0x000000008af90ac8) 
thrown [./src/hotspot/share/interpreter/linkResolver.cpp, line 758]
Event: 5.057 Thread 0x00007f4830019ee0 Exception <a 'java/lang/NoSuchMethodError'{0x000000008ac20b88}: 'double java.lang.invoke.DirectMethodHandle$Holder.invokeStatic(java.lang.Object, java.lang.Object, java.lang.Object, long)'> (0x000000008ac20b88) 
thrown [./src/hotspot/share/interpreter/linkResolver.cpp, line 758]
Event: 5.059 Thread 0x00007f4830019ee0 Exception <a 'java/lang/NoSuchMethodError'{0x000000008ac50fc8}: 'java.lang.Object java.lang.invoke.DirectMethodHandle$Holder.invokeSpecial(java.lang.Object, java.lang.Object, int, long)'> (0x000000008ac50fc8) 
thrown [./src/hotspot/share/interpreter/linkResolver.cpp, line 758]
Event: 5.060 Thread 0x00007f4830019ee0 Exception <a 'java/lang/NoSuchMethodError'{0x000000008ac9dd88}: 'java.lang.Object java.lang.invoke.DirectMethodHandle$Holder.newInvokeSpecial(java.lang.Object, java.lang.Object, int)'> (0x000000008ac9dd88) 
thrown [./src/hotspot/share/interpreter/linkResolver.cpp, line 758]

VM Operations (20 events):
Event: 2.573 Executing VM operation: Cleanup
Event: 2.573 Executing VM operation: Cleanup done
Event: 3.573 Executing VM operation: Cleanup
Event: 3.573 Executing VM operation: Cleanup done
Event: 3.657 Executing VM operation: HandshakeAllThreads
Event: 3.657 Executing VM operation: HandshakeAllThreads done
Event: 4.658 Executing VM operation: Cleanup
Event: 4.658 Executing VM operation: Cleanup done
Event: 5.069 Executing VM operation: HandshakeAllThreads
Event: 5.070 Executing VM operation: HandshakeAllThreads done
Event: 5.070 Executing VM operation: HandshakeAllThreads
Event: 5.070 Executing VM operation: HandshakeAllThreads done
Event: 5.081 Executing VM operation: HandshakeAllThreads
Event: 5.081 Executing VM operation: HandshakeAllThreads done
Event: 5.088 Executing VM operation: HandshakeAllThreads
Event: 5.088 Executing VM operation: HandshakeAllThreads done
Event: 5.108 Executing VM operation: G1CollectForAllocation
Event: 5.112 Executing VM operation: G1CollectForAllocation done
Event: 5.225 Executing VM operation: G1CollectForAllocation
Event: 5.245 Executing VM operation: G1CollectForAllocation done

Memory protections (20 events):
Event: 0.027 Protecting memory [0x00007f47ba9fb000,0x00007f47ba9ff000] with protection modes 0
Event: 0.027 Protecting memory [0x00007f47ba8fa000,0x00007f47ba8fe000] with protection modes 0
Event: 0.030 Protecting memory [0x00007f47ba7f9000,0x00007f47ba7fd000] with protection modes 0
Event: 0.032 Protecting memory [0x00007f47ba5f7000,0x00007f47ba5fb000] with protection modes 0
Event: 0.037 Protecting memory [0x00007f47ba4f6000,0x00007f47ba4fa000] with protection modes 0
Event: 0.040 Protecting memory [0x00007f47ba3f5000,0x00007f47ba3f9000] with protection modes 0
Event: 0.040 Protecting memory [0x00007f47ba2f4000,0x00007f47ba2f8000] with protection modes 0
Event: 0.054 Protecting memory [0x00007f47ba1f3000,0x00007f47ba1f7000] with protection modes 0
Event: 0.054 Protecting memory [0x00007f47ba0f2000,0x00007f47ba0f6000] with protection modes 0
Event: 0.055 Protecting memory [0x00007f47b9ff1000,0x00007f47b9ff5000] with protection modes 0
Event: 0.633 Protecting memory [0x00007f47b9bed000,0x00007f47b9bf1000] with protection modes 0
Event: 5.053 Protecting memory [0x00007f47b9ff1000,0x00007f47b9ff5000] with protection modes 0
Event: 5.057 Protecting memory [0x00007f47ba1f3000,0x00007f47ba1f7000] with protection modes 0
Event: 5.094 Protecting memory [0x00007f47ba0f2000,0x00007f47ba0f6000] with protection modes 0
Event: 5.097 Protecting memory [0x00007f47b9aec000,0x00007f47b9af0000] with protection modes 0
Event: 5.105 Protecting memory [0x00007f47b9700000,0x00007f47b9704000] with protection modes 0
Event: 5.106 Protecting memory [0x00007f47b95ff000,0x00007f47b9603000] with protection modes 0
Event: 5.107 Protecting memory [0x00007f47b94fe000,0x00007f47b9502000] with protection modes 0
Event: 5.107 Protecting memory [0x00007f47b93fd000,0x00007f47b9401000] with protection modes 0
Event: 5.125 Protecting memory [0x00007f47b8ef8000,0x00007f47b8efc000] with protection modes 0

Nmethod flushes (0 events):
No events

Events (20 events):
Event: 0.032 Thread 0x00007f4830019ee0 Thread added: 0x00007f483015fc40
Event: 0.036 Thread 0x00007f4830019ee0 Thread added: 0x00007f4830165c70
Event: 0.040 Thread 0x00007f48301530d0 Thread added: 0x00007f479404c3d0
Event: 0.040 Thread 0x00007f48301530d0 Thread added: 0x00007f479404d550
Event: 0.054 Thread 0x00007f4830151b90 Thread added: 0x00007f47a00cf150
Event: 0.054 Thread 0x00007f4830151b90 Thread added: 0x00007f47a00d02f0
Event: 0.055 Thread 0x00007f4830151b90 Thread added: 0x00007f47a00d1470
Event: 0.633 Thread 0x00007f4830165c70 Thread added: 0x00007f47885fb380
Event: 0.884 Thread 0x00007f47a00d02f0 Thread exited: 0x00007f47a00d02f0
Event: 0.985 Thread 0x00007f47a00cf150 Thread exited: 0x00007f47a00cf150
Event: 1.185 Thread 0x00007f47a00d1470 Thread exited: 0x00007f47a00d1470
Event: 5.053 Thread 0x00007f48301530d0 Thread added: 0x00007f47940136f0
Event: 5.057 Thread 0x00007f4830019ee0 Thread added: 0x00007f48301acd10
Event: 5.094 Thread 0x00007f479404c3d0 Thread added: 0x00007f477c0ab830
Event: 5.097 Thread 0x00007f479404d550 Thread added: 0x00007f47800ff8a0
Event: 5.105 Thread 0x00007f47800ff8a0 Thread added: 0x00007f4760001e80
Event: 5.106 Thread 0x00007f4830151b90 Thread added: 0x00007f47a00d13c0
Event: 5.107 Thread 0x00007f4760001e80 Thread added: 0x00007f4754003960
Event: 5.107 Thread 0x00007f4760001e80 Thread added: 0x00007f4754004af0
Event: 5.125 Thread 0x00007f4760001e80 Thread added: 0x00007f475412f130


Dynamic libraries:
85200000-8ce00000 rw-p 00000000 00:00 0 
8ce00000-ffe00000 ---p 00000000 00:00 0 
ffe00000-ffe75000 rw-p 00c78000 08:20 95595                              /usr/lib/jvm/java-17-openjdk-amd64/lib/server/classes.jsa
ffe75000-fff00000 rw-p 00000000 00:00 0 
fff00000-fff77000 rw-p 00c01000 08:20 95595                              /usr/lib/jvm/java-17-openjdk-amd64/lib/server/classes.jsa
fff77000-100000000 rw-p 00000000 00:00 0 
55c3bfbbd000-55c3bfbbe000 r--p 00000000 08:20 95441                      /usr/lib/jvm/java-17-openjdk-amd64/bin/java
55c3bfbbe000-55c3bfbbf000 r-xp 00001000 08:20 95441                      /usr/lib/jvm/java-17-openjdk-amd64/bin/java
55c3bfbbf000-55c3bfbc0000 r--p 00002000 08:20 95441                      /usr/lib/jvm/java-17-openjdk-amd64/bin/java
55c3bfbc0000-55c3bfbc1000 r--p 00002000 08:20 95441                      /usr/lib/jvm/java-17-openjdk-amd64/bin/java
55c3bfbc1000-55c3bfbc2000 rw-p 00003000 08:20 95441                      /usr/lib/jvm/java-17-openjdk-amd64/bin/java
55c3d0d2c000-55c3d0d74000 rw-p 00000000 00:00 0                          [heap]
7f471c000000-7f471c021000 rw-p 00000000 00:00 0 
7f471c021000-7f4720000000 ---p 00000000 00:00 0 
7f4724000000-7f4724021000 rw-p 00000000 00:00 0 
7f4724021000-7f4728000000 ---p 00000000 00:00 0 
7f4728000000-7f4728021000 rw-p 00000000 00:00 0 
7f4728021000-7f472c000000 ---p 00000000 00:00 0 
7f472c000000-7f472c021000 rw-p 00000000 00:00 0 
7f472c021000-7f4730000000 ---p 00000000 00:00 0 
7f4730000000-7f4730021000 rw-p 00000000 00:00 0 
7f4730021000-7f4734000000 ---p 00000000 00:00 0 
7f4734000000-7f47346c4000 rw-p 00000000 00:00 0 
7f47346c4000-7f4738000000 ---p 00000000 00:00 0 
7f4738000000-7f4738021000 rw-p 00000000 00:00 0 
7f4738021000-7f473c000000 ---p 00000000 00:00 0 
7f473c000000-7f473c021000 rw-p 00000000 00:00 0 
7f473c021000-7f4740000000 ---p 00000000 00:00 0 
7f4740000000-7f4740021000 rw-p 00000000 00:00 0 
7f4740021000-7f4744000000 ---p 00000000 00:00 0 
7f4744000000-7f4744021000 rw-p 00000000 00:00 0 
7f4744021000-7f4748000000 ---p 00000000 00:00 0 
7f4748000000-7f4748021000 rw-p 00000000 00:00 0 
7f4748021000-7f474c000000 ---p 00000000 00:00 0 
7f474c000000-7f474c700000 rw-p 00000000 00:00 0 
7f474c700000-7f4750000000 ---p 00000000 00:00 0 
7f4750000000-7f4750664000 rw-p 00000000 00:00 0 
7f4750664000-7f4754000000 ---p 00000000 00:00 0 
7f4754000000-7f47548e6000 rw-p 00000000 00:00 0 
7f47548e6000-7f4758000000 ---p 00000000 00:00 0 
7f4758000000-7f475872b000 rw-p 00000000 00:00 0 
7f475872b000-7f475c000000 ---p 00000000 00:00 0 
7f475c000000-7f475c021000 rw-p 00000000 00:00 0 
7f475c021000-7f4760000000 ---p 00000000 00:00 0 
7f4760000000-7f4760641000 rw-p 00000000 00:00 0 
7f4760641000-7f4764000000 ---p 00000000 00:00 0 
7f4764000000-7f4764021000 rw-p 00000000 00:00 0 
7f4764021000-7f4768000000 ---p 00000000 00:00 0 
7f4768000000-7f4768021000 rw-p 00000000 00:00 0 
7f4768021000-7f476c000000 ---p 00000000 00:00 0 
7f476c000000-7f476c93c000 rw-p 00000000 00:00 0 
7f476c93c000-7f4770000000 ---p 00000000 00:00 0 
7f4770000000-7f4770021000 rw-p 00000000 00:00 0 
7f4770021000-7f4774000000 ---p 00000000 00:00 0 
7f4774000000-7f4774370000 rw-p 00000000 00:00 0 
7f4774370000-7f4778000000 ---p 00000000 00:00 0 
7f4778000000-7f4778291000 rw-p 00000000 00:00 0 
7f4778291000-7f477c000000 ---p 00000000 00:00 0 
7f477c000000-7f477c247000 rw-p 00000000 00:00 0 
7f477c247000-7f4780000000 ---p 00000000 00:00 0 
7f4780000000-7f478020c000 rw-p 00000000 00:00 0 
7f478020c000-7f4784000000 ---p 00000000 00:00 0 
7f4784000000-7f4784021000 rw-p 00000000 00:00 0 
7f4784021000-7f4788000000 ---p 00000000 00:00 0 
7f4788000000-7f4788627000 rw-p 00000000 00:00 0 
7f4788627000-7f478c000000 ---p 00000000 00:00 0 
7f478c000000-7f478c021000 rw-p 00000000 00:00 0 
7f478c021000-7f4790000000 ---p 00000000 00:00 0 
7f4790000000-7f4790021000 rw-p 00000000 00:00 0 
7f4790021000-7f4794000000 ---p 00000000 00:00 0 
7f4794000000-7f47941f2000 rw-p 00000000 00:00 0 
7f47941f2000-7f4798000000 ---p 00000000 00:00 0 
7f4798000000-7f4798021000 rw-p 00000000 00:00 0 
7f4798021000-7f479c000000 ---p 00000000 00:00 0 
7f479c000000-7f479c021000 rw-p 00000000 00:00 0 
7f479c021000-7f47a0000000 ---p 00000000 00:00 0 
7f47a0000000-7f47a081e000 rw-p 00000000 00:00 0 
7f47a081e000-7f47a4000000 ---p 00000000 00:00 0 
7f47a4000000-7f47a4021000 rw-p 00000000 00:00 0 
7f47a4021000-7f47a8000000 ---p 00000000 00:00 0 
7f47a8000000-7f47a8021000 rw-p 00000000 00:00 0 
7f47a8021000-7f47ac000000 ---p 00000000 00:00 0 
7f47ac000000-7f47ac021000 rw-p 00000000 00:00 0 
7f47ac021000-7f47b0000000 ---p 00000000 00:00 0 
7f47b0000000-7f47b0021000 rw-p 00000000 00:00 0 
7f47b0021000-7f47b4000000 ---p 00000000 00:00 0 
7f47b4000000-7f47b4021000 rw-p 00000000 00:00 0 
7f47b4021000-7f47b8000000 ---p 00000000 00:00 0 
7f47b82ad000-7f47b868f000 rw-p 00000000 00:00 0 
7f47b868f000-7f47b8690000 ---p 00000000 00:00 0 
7f47b8690000-7f47b8790000 rw-p 00000000 00:00 0 
7f47b8790000-7f47b8791000 ---p 00000000 00:00 0 
7f47b8791000-7f47b8891000 rw-p 00000000 00:00 0 
7f47b8891000-7f47b8892000 ---p 00000000 00:00 0 
7f47b8892000-7f47b8992000 rw-p 00000000 00:00 0 
7f47b8992000-7f47b8993000 ---p 00000000 00:00 0 
7f47b8993000-7f47b8a93000 rw-p 00000000 00:00 0 
7f47b8a93000-7f47b8a94000 ---p 00000000 00:00 0 
7f47b8a94000-7f47b8b94000 rw-p 00000000 00:00 0 
7f47b8df6000-7f47b8df7000 ---p 00000000 00:00 0 
7f47b8df7000-7f47b8ef7000 rw-p 00000000 00:00 0 
7f47b8ef7000-7f47b8ef8000 ---p 00000000 00:00 0 
7f47b8ef8000-7f47b8efc000 ---p 00000000 00:00 0 
7f47b8efc000-7f47b8ff8000 rw-p 00000000 00:00 0 
7f47b8ff8000-7f47b8ff9000 ---p 00000000 00:00 0 
7f47b8ff9000-7f47b90f9000 rw-p 00000000 00:00 0 
7f47b90f9000-7f47b90fa000 ---p 00000000 00:00 0 
7f47b90fa000-7f47b91fa000 rw-p 00000000 00:00 0 
7f47b91fa000-7f47b91fb000 ---p 00000000 00:00 0 
7f47b91fb000-7f47b92fb000 rw-p 00000000 00:00 0 
7f47b92fb000-7f47b92fc000 ---p 00000000 00:00 0 
7f47b92fc000-7f47b93fc000 rw-p 00000000 00:00 0 
7f47b93fc000-7f47b93fd000 ---p 00000000 00:00 0 
7f47b93fd000-7f47b9401000 ---p 00000000 00:00 0 
7f47b9401000-7f47b94fd000 rw-p 00000000 00:00 0 
7f47b94fd000-7f47b94fe000 ---p 00000000 00:00 0 
7f47b94fe000-7f47b9502000 ---p 00000000 00:00 0 
7f47b9502000-7f47b95fe000 rw-p 00000000 00:00 0 
7f47b95fe000-7f47b95ff000 ---p 00000000 00:00 0 
7f47b95ff000-7f47b9603000 ---p 00000000 00:00 0 
7f47b9603000-7f47b96ff000 rw-p 00000000 00:00 0 
7f47b96ff000-7f47b9700000 ---p 00000000 00:00 0 
7f47b9700000-7f47b9704000 ---p 00000000 00:00 0 
7f47b9704000-7f47b9800000 rw-p 00000000 00:00 0 
7f47b9800000-7f47b9824000 r-xp 00000000 08:20 104284                     /tmp/liblz4-java-14189619218199932027.so
7f47b9824000-7f47b9a23000 ---p 00024000 08:20 104284                     /tmp/liblz4-java-14189619218199932027.so
7f47b9a23000-7f47b9a24000 rw-p 00023000 08:20 104284                     /tmp/liblz4-java-14189619218199932027.so
7f47b9aeb000-7f47b9aec000 ---p 00000000 00:00 0 
7f47b9aec000-7f47b9af0000 ---p 00000000 00:00 0 
7f47b9af0000-7f47b9bec000 rw-p 00000000 00:00 0 
7f47b9bec000-7f47b9bed000 ---p 00000000 00:00 0 
7f47b9bed000-7f47b9bf1000 ---p 00000000 00:00 0 
7f47b9bf1000-7f47b9ced000 rw-p 00000000 00:00 0 
7f47b9ced000-7f47b9cee000 ---p 00000000 00:00 0 
7f47b9cee000-7f47b9dee000 rw-p 00000000 00:00 0 
7f47b9dee000-7f47b9def000 ---p 00000000 00:00 0 
7f47b9def000-7f47b9eef000 rw-p 00000000 00:00 0 
7f47b9eef000-7f47b9ef0000 ---p 00000000 00:00 0 
7f47b9ef0000-7f47b9ff0000 rw-p 00000000 00:00 0 
7f47b9ff0000-7f47b9ff1000 ---p 00000000 00:00 0 
7f47b9ff1000-7f47b9ff5000 ---p 00000000 00:00 0 
7f47b9ff5000-7f47ba0f1000 rw-p 00000000 00:00 0 
7f47ba0f1000-7f47ba0f2000 ---p 00000000 00:00 0 
7f47ba0f2000-7f47ba0f6000 ---p 00000000 00:00 0 
7f47ba0f6000-7f47ba1f2000 rw-p 00000000 00:00 0 
7f47ba1f2000-7f47ba1f3000 ---p 00000000 00:00 0 
7f47ba1f3000-7f47ba1f7000 ---p 00000000 00:00 0 
7f47ba1f7000-7f47ba2f3000 rw-p 00000000 00:00 0 
7f47ba2f3000-7f47ba2f4000 ---p 00000000 00:00 0 
7f47ba2f4000-7f47ba2f8000 ---p 00000000 00:00 0 
7f47ba2f8000-7f47ba3f4000 rw-p 00000000 00:00 0 
7f47ba3f4000-7f47ba3f5000 ---p 00000000 00:00 0 
7f47ba3f5000-7f47ba3f9000 ---p 00000000 00:00 0 
7f47ba3f9000-7f47ba4f5000 rw-p 00000000 00:00 0 
7f47ba4f5000-7f47ba4f6000 ---p 00000000 00:00 0 
7f47ba4f6000-7f47ba4fa000 ---p 00000000 00:00 0 
7f47ba4fa000-7f47ba5f6000 rw-p 00000000 00:00 0 
7f47ba5f6000-7f47ba5f7000 ---p 00000000 00:00 0 
7f47ba5f7000-7f47ba5fb000 ---p 00000000 00:00 0 
7f47ba5fb000-7f47ba6f7000 rw-p 00000000 00:00 0 
7f47ba6f7000-7f47ba6f8000 ---p 00000000 00:00 0 
7f47ba6f8000-7f47ba7f8000 rw-p 00000000 00:00 0 
7f47ba7f8000-7f47ba7f9000 ---p 00000000 00:00 0 
7f47ba7f9000-7f47ba7fd000 ---p 00000000 00:00 0 
7f47ba7fd000-7f47ba8f9000 rw-p 00000000 00:00 0 
7f47ba8f9000-7f47ba8fa000 ---p 00000000 00:00 0 
7f47ba8fa000-7f47ba8fe000 ---p 00000000 00:00 0 
7f47ba8fe000-7f47ba9fa000 rw-p 00000000 00:00 0 
7f47ba9fa000-7f47ba9fb000 ---p 00000000 00:00 0 
7f47ba9fb000-7f47ba9ff000 ---p 00000000 00:00 0 
7f47ba9ff000-7f47baafb000 rw-p 00000000 00:00 0 
7f47baafb000-7f47baafc000 ---p 00000000 00:00 0 
7f47baafc000-7f47bab00000 ---p 00000000 00:00 0 
7f47bab00000-7f47babfc000 rw-p 00000000 00:00 0 
7f47babfc000-7f47babfd000 ---p 00000000 00:00 0 
7f47babfd000-7f47bac01000 ---p 00000000 00:00 0 
7f47bac01000-7f47bacfd000 rw-p 00000000 00:00 0 
7f47bacfd000-7f47bacfe000 ---p 00000000 00:00 0 
7f47bacfe000-7f47bad02000 ---p 00000000 00:00 0 
7f47bad02000-7f47badfe000 rw-p 00000000 00:00 0 
7f47badfe000-7f47badff000 ---p 00000000 00:00 0 
7f47badff000-7f47bae03000 ---p 00000000 00:00 0 
7f47bae03000-7f47baeff000 rw-p 00000000 00:00 0 
7f47baeff000-7f47baf00000 ---p 00000000 00:00 0 
7f47baf00000-7f47baf04000 ---p 00000000 00:00 0 
7f47baf04000-7f47bb400000 rw-p 00000000 00:00 0 
7f47bb400000-7f47bbd00000 rw-p 00000000 00:00 0 
7f47bbd00000-7f47bbe00000 rw-p 00000000 00:00 0 
7f47bbe00000-7f47bbf10000 rw-p 00000000 00:00 0 
7f47bbf10000-7f47bf000000 ---p 00000000 00:00 0 
7f47bf000000-7f47bfbc9000 rw-p 00001000 08:20 95595                      /usr/lib/jvm/java-17-openjdk-amd64/lib/server/classes.jsa
7f47bfbc9000-7f47c0000000 ---p 00000000 00:00 0 
7f47c0000000-7f47c0040000 rw-p 00000000 00:00 0 
7f47c0040000-7f47c00c0000 rw-p 00000000 00:00 0 
7f47c00c0000-7f47c01d0000 rw-p 00000000 00:00 0 
7f47c01d0000-7f4800000000 ---p 00000000 00:00 0 
7f4800000000-7f4800021000 rw-p 00000000 00:00 0 
7f4800021000-7f4804000000 ---p 00000000 00:00 0 
7f4804000000-7f4804021000 rw-p 00000000 00:00 0 
7f4804021000-7f4808000000 ---p 00000000 00:00 0 
7f4808000000-7f4808021000 rw-p 00000000 00:00 0 
7f4808021000-7f480c000000 ---p 00000000 00:00 0 
7f480c000000-7f480c021000 rw-p 00000000 00:00 0 
7f480c021000-7f4810000000 ---p 00000000 00:00 0 
7f4810000000-7f4810021000 rw-p 00000000 00:00 0 
7f4810021000-7f4814000000 ---p 00000000 00:00 0 
7f4814006000-7f4814020000 rw-s 00000000 00:42 2                          /dev/shm/kafka_shared_memory
7f4814020000-7f4814021000 r--p 00000000 08:20 29424                      /usr/lib/libsharedmemory.so
7f4814021000-7f4814022000 r-xp 00001000 08:20 29424                      /usr/lib/libsharedmemory.so
7f4814022000-7f4814023000 r--p 00002000 08:20 29424                      /usr/lib/libsharedmemory.so
7f4814023000-7f4814024000 r--p 00002000 08:20 29424                      /usr/lib/libsharedmemory.so
7f4814024000-7f4814025000 rw-p 00003000 08:20 29424                      /usr/lib/libsharedmemory.so
7f4814025000-7f4814026000 r--p 00000000 08:20 95563                      /usr/lib/jvm/java-17-openjdk-amd64/lib/libextnet.so
7f4814026000-7f4814027000 r-xp 00001000 08:20 95563                      /usr/lib/jvm/java-17-openjdk-amd64/lib/libextnet.so
7f4814027000-7f4814028000 r--p 00002000 08:20 95563                      /usr/lib/jvm/java-17-openjdk-amd64/lib/libextnet.so
7f4814028000-7f4814029000 r--p 00002000 08:20 95563                      /usr/lib/jvm/java-17-openjdk-amd64/lib/libextnet.so
7f4814029000-7f481402a000 rw-p 00003000 08:20 95563                      /usr/lib/jvm/java-17-openjdk-amd64/lib/libextnet.so
7f481402a000-7f481402c000 r--p 00000000 08:20 95581                      /usr/lib/jvm/java-17-openjdk-amd64/lib/libmanagement_ext.so
7f481402c000-7f481402f000 r-xp 00002000 08:20 95581                      /usr/lib/jvm/java-17-openjdk-amd64/lib/libmanagement_ext.so
7f481402f000-7f4814030000 r--p 00005000 08:20 95581                      /usr/lib/jvm/java-17-openjdk-amd64/lib/libmanagement_ext.so
7f4814030000-7f4814031000 ---p 00006000 08:20 95581                      /usr/lib/jvm/java-17-openjdk-amd64/lib/libmanagement_ext.so
7f4814031000-7f4814032000 r--p 00006000 08:20 95581                      /usr/lib/jvm/java-17-openjdk-amd64/lib/libmanagement_ext.so
7f4814032000-7f4814033000 rw-p 00007000 08:20 95581                      /usr/lib/jvm/java-17-openjdk-amd64/lib/libmanagement_ext.so
7f4814033000-7f4814035000 r--p 00000000 08:20 95579                      /usr/lib/jvm/java-17-openjdk-amd64/lib/libmanagement.so
7f4814035000-7f4814036000 r-xp 00002000 08:20 95579                      /usr/lib/jvm/java-17-openjdk-amd64/lib/libmanagement.so
7f4814036000-7f4814037000 r--p 00003000 08:20 95579                      /usr/lib/jvm/java-17-openjdk-amd64/lib/libmanagement.so
7f4814037000-7f4814038000 r--p 00003000 08:20 95579                      /usr/lib/jvm/java-17-openjdk-amd64/lib/libmanagement.so
7f4814038000-7f4814039000 rw-p 00004000 08:20 95579                      /usr/lib/jvm/java-17-openjdk-amd64/lib/libmanagement.so
7f4814039000-7f481403d000 r--p 00000000 08:20 95590                      /usr/lib/jvm/java-17-openjdk-amd64/lib/libverify.so
7f481403d000-7f4814044000 r-xp 00004000 08:20 95590                      /usr/lib/jvm/java-17-openjdk-amd64/lib/libverify.so
7f4814044000-7f4814046000 r--p 0000b000 08:20 95590                      /usr/lib/jvm/java-17-openjdk-amd64/lib/libverify.so
7f4814046000-7f4814048000 r--p 0000c000 08:20 95590                      /usr/lib/jvm/java-17-openjdk-amd64/lib/libverify.so
7f4814048000-7f4814049000 rw-p 0000e000 08:20 95590                      /usr/lib/jvm/java-17-openjdk-amd64/lib/libverify.so
7f4814049000-7f481407a000 rw-p 00000000 00:00 0 
7f481407a000-7f481407e000 r--p 00000000 08:20 95583                      /usr/lib/jvm/java-17-openjdk-amd64/lib/libnet.so
7f481407e000-7f481408d000 r-xp 00004000 08:20 95583                      /usr/lib/jvm/java-17-openjdk-amd64/lib/libnet.so
7f481408d000-7f4814091000 r--p 00013000 08:20 95583                      /usr/lib/jvm/java-17-openjdk-amd64/lib/libnet.so
7f4814091000-7f4814092000 r--p 00016000 08:20 95583                      /usr/lib/jvm/java-17-openjdk-amd64/lib/libnet.so
7f4814092000-7f4814093000 rw-p 00017000 08:20 95583                      /usr/lib/jvm/java-17-openjdk-amd64/lib/libnet.so
7f4814093000-7f481409a000 r--p 00000000 08:20 95584                      /usr/lib/jvm/java-17-openjdk-amd64/lib/libnio.so
7f481409a000-7f48140a4000 r-xp 00007000 08:20 95584                      /usr/lib/jvm/java-17-openjdk-amd64/lib/libnio.so
7f48140a4000-7f48140a8000 r--p 00011000 08:20 95584                      /usr/lib/jvm/java-17-openjdk-amd64/lib/libnio.so
7f48140a8000-7f48140a9000 ---p 00015000 08:20 95584                      /usr/lib/jvm/java-17-openjdk-amd64/lib/libnio.so
7f48140a9000-7f48140aa000 r--p 00015000 08:20 95584                      /usr/lib/jvm/java-17-openjdk-amd64/lib/libnio.so
7f48140aa000-7f48140ab000 rw-p 00016000 08:20 95584                      /usr/lib/jvm/java-17-openjdk-amd64/lib/libnio.so
7f48140ab000-7f48140ac000 ---p 00000000 00:00 0 
7f48140ac000-7f48140b0000 ---p 00000000 00:00 0 
7f48140b0000-7f48141ac000 rw-p 00000000 00:00 0 
7f48141ac000-7f48141ad000 ---p 00000000 00:00 0 
7f48141ad000-7f48142ad000 rw-p 00000000 00:00 0 
7f48142ad000-7f48142b2000 r--p 00000000 08:20 95577                      /usr/lib/jvm/java-17-openjdk-amd64/lib/libjsvml.so
7f48142b2000-7f48142f3000 r-xp 00005000 08:20 95577                      /usr/lib/jvm/java-17-openjdk-amd64/lib/libjsvml.so
7f48142f3000-7f481437c000 r--p 00046000 08:20 95577                      /usr/lib/jvm/java-17-openjdk-amd64/lib/libjsvml.so
7f481437c000-7f481437d000 r--p 000ce000 08:20 95577                      /usr/lib/jvm/java-17-openjdk-amd64/lib/libjsvml.so
7f481437d000-7f481437e000 rw-p 000cf000 08:20 95577                      /usr/lib/jvm/java-17-openjdk-amd64/lib/libjsvml.so
7f481437e000-7f481449b000 rw-p 00000000 00:00 0 
7f481449b000-7f481449c000 ---p 00000000 00:00 0 
7f481449c000-7f481459c000 rw-p 00000000 00:00 0 
7f481459c000-7f481459d000 ---p 00000000 00:00 0 
7f481459d000-7f48173aa000 rw-p 00000000 00:00 0 
7f48173aa000-7f48173ab000 ---p 00000000 00:00 0 
7f48173ab000-7f48174ab000 rw-p 00000000 00:00 0 
7f48174ab000-7f48174ac000 ---p 00000000 00:00 0 
7f48174ac000-7f48175ac000 rw-p 00000000 00:00 0 
7f48175ac000-7f48175ad000 ---p 00000000 00:00 0 
7f48175ad000-7f481789d000 rw-p 00000000 00:00 0 
7f481789d000-7f481955d000 ---p 00000000 00:00 0 
7f481955d000-7f4819565000 rw-p 00000000 00:00 0 
7f4819565000-7f48199d5000 rwxp 00000000 00:00 0 
7f48199d5000-7f48209c4000 ---p 00000000 00:00 0 
7f48209c4000-7f4820d34000 rwxp 00000000 00:00 0 
7f4820d34000-7f4821105000 ---p 00000000 00:00 0 
7f4821105000-7f4821375000 rwxp 00000000 00:00 0 
7f4821375000-7f4828565000 ---p 00000000 00:00 0 
7f4828565000-7f4830000000 r--s 00000000 08:20 95592                      /usr/lib/jvm/java-17-openjdk-amd64/lib/modules
7f4830000000-7f483022d000 rw-p 00000000 00:00 0 
7f483022d000-7f4834000000 ---p 00000000 00:00 0 
7f4834003000-7f4834004000 rw-s 00000000 00:42 3                          /dev/shm/sem.kafka_semaphore
7f4834004000-7f4834006000 r--p 00000000 08:20 95591                      /usr/lib/jvm/java-17-openjdk-amd64/lib/libzip.so
7f4834006000-7f483400b000 r-xp 00002000 08:20 95591                      /usr/lib/jvm/java-17-openjdk-amd64/lib/libzip.so
7f483400b000-7f483400d000 r--p 00007000 08:20 95591                      /usr/lib/jvm/java-17-openjdk-amd64/lib/libzip.so
7f483400d000-7f483400e000 r--p 00008000 08:20 95591                      /usr/lib/jvm/java-17-openjdk-amd64/lib/libzip.so
7f483400e000-7f483400f000 rw-p 00009000 08:20 95591                      /usr/lib/jvm/java-17-openjdk-amd64/lib/libzip.so
7f483400f000-7f4834066000 r--p 00000000 08:20 2331                       /usr/lib/locale/C.utf8/LC_CTYPE
7f4834066000-7f4834067000 r--p 00000000 08:20 2338                       /usr/lib/locale/C.utf8/LC_NUMERIC
7f4834067000-7f4834068000 r--p 00000000 08:20 2341                       /usr/lib/locale/C.utf8/LC_TIME
7f4834068000-7f4834069000 r--p 00000000 08:20 2330                       /usr/lib/locale/C.utf8/LC_COLLATE
7f4834069000-7f483406a000 r--p 00000000 08:20 2336                       /usr/lib/locale/C.utf8/LC_MONETARY
7f483406a000-7f483406b000 r--p 00000000 08:20 2335                       /usr/lib/locale/C.utf8/LC_MESSAGES/SYS_LC_MESSAGES
7f483406b000-7f483406c000 r--p 00000000 08:20 2339                       /usr/lib/locale/C.utf8/LC_PAPER
7f483406c000-7f483406d000 r--p 00000000 08:20 2337                       /usr/lib/locale/C.utf8/LC_NAME
7f483406d000-7f4834074000 r--s 00000000 08:20 109409                     /usr/lib/x86_64-linux-gnu/gconv/gconv-modules.cache
7f4834074000-7f4834321000 rw-p 00000000 00:00 0 
7f4834321000-7f4835fe1000 ---p 00000000 00:00 0 
7f4835fe1000-7f4836027000 rw-p 00000000 00:00 0 
7f4836027000-7f48363bf000 ---p 00000000 00:00 0 
7f48363bf000-7f48363fe000 rw-p 00000000 00:00 0 
7f48363fe000-7f4836796000 ---p 00000000 00:00 0 
7f4836796000-7f48367d5000 rw-p 00000000 00:00 0 
7f48367d5000-7f4836b6d000 ---p 00000000 00:00 0 
7f4836b6d000-7f4837880000 rw-p 00000000 00:00 0 
7f4837880000-7f4837964000 ---p 00000000 00:00 0 
7f4837964000-7f483796d000 rw-p 00000000 00:00 0 
7f483796d000-7f4837a4d000 ---p 00000000 00:00 0 
7f4837a4d000-7f4837a54000 rw-p 00000000 00:00 0 
7f4837a54000-7f4837a5c000 ---p 00000000 00:00 0 
7f4837a5c000-7f4837a68000 r--p 00000000 08:20 95570                      /usr/lib/jvm/java-17-openjdk-amd64/lib/libjava.so
7f4837a68000-7f4837a7c000 r-xp 0000c000 08:20 95570                      /usr/lib/jvm/java-17-openjdk-amd64/lib/libjava.so
7f4837a7c000-7f4837a82000 r--p 00020000 08:20 95570                      /usr/lib/jvm/java-17-openjdk-amd64/lib/libjava.so
7f4837a82000-7f4837a83000 r--p 00025000 08:20 95570                      /usr/lib/jvm/java-17-openjdk-amd64/lib/libjava.so
7f4837a83000-7f4837a84000 rw-p 00026000 08:20 95570                      /usr/lib/jvm/java-17-openjdk-amd64/lib/libjava.so
7f4837a84000-7f4837a85000 rw-p 00000000 00:00 0 
7f4837a85000-7f4837a8d000 rw-s 00000000 08:20 104287                     /tmp/hsperfdata_hyesu/24005
7f4837a8d000-7f4837a8f000 r--p 00000000 08:20 95573                      /usr/lib/jvm/java-17-openjdk-amd64/lib/libjimage.so
7f4837a8f000-7f4837a92000 r-xp 00002000 08:20 95573                      /usr/lib/jvm/java-17-openjdk-amd64/lib/libjimage.so
7f4837a92000-7f4837a93000 r--p 00005000 08:20 95573                      /usr/lib/jvm/java-17-openjdk-amd64/lib/libjimage.so
7f4837a93000-7f4837a94000 ---p 00006000 08:20 95573                      /usr/lib/jvm/java-17-openjdk-amd64/lib/libjimage.so
7f4837a94000-7f4837a95000 r--p 00006000 08:20 95573                      /usr/lib/jvm/java-17-openjdk-amd64/lib/libjimage.so
7f4837a95000-7f4837a96000 rw-p 00007000 08:20 95573                      /usr/lib/jvm/java-17-openjdk-amd64/lib/libjimage.so
7f4837a96000-7f4837a9a000 ---p 00000000 00:00 0 
7f4837a9a000-7f4837b96000 rw-p 00000000 00:00 0 
7f4837b96000-7f4837b99000 r--p 00000000 08:20 6042                       /usr/lib/x86_64-linux-gnu/libgcc_s.so.1
7f4837b99000-7f4837bb0000 r-xp 00003000 08:20 6042                       /usr/lib/x86_64-linux-gnu/libgcc_s.so.1
7f4837bb0000-7f4837bb4000 r--p 0001a000 08:20 6042                       /usr/lib/x86_64-linux-gnu/libgcc_s.so.1
7f4837bb4000-7f4837bb5000 r--p 0001d000 08:20 6042                       /usr/lib/x86_64-linux-gnu/libgcc_s.so.1
7f4837bb5000-7f4837bb6000 rw-p 0001e000 08:20 6042                       /usr/lib/x86_64-linux-gnu/libgcc_s.so.1
7f4837bb6000-7f4837bc4000 r--p 00000000 08:20 109146                     /usr/lib/x86_64-linux-gnu/libm.so.6
7f4837bc4000-7f4837c40000 r-xp 0000e000 08:20 109146                     /usr/lib/x86_64-linux-gnu/libm.so.6
7f4837c40000-7f4837c9b000 r--p 0008a000 08:20 109146                     /usr/lib/x86_64-linux-gnu/libm.so.6
7f4837c9b000-7f4837c9c000 r--p 000e4000 08:20 109146                     /usr/lib/x86_64-linux-gnu/libm.so.6
7f4837c9c000-7f4837c9d000 rw-p 000e5000 08:20 109146                     /usr/lib/x86_64-linux-gnu/libm.so.6
7f4837c9d000-7f4837d37000 r--p 00000000 08:20 6030                       /usr/lib/x86_64-linux-gnu/libstdc++.so.6.0.30
7f4837d37000-7f4837e48000 r-xp 0009a000 08:20 6030                       /usr/lib/x86_64-linux-gnu/libstdc++.so.6.0.30
7f4837e48000-7f4837eb7000 r--p 001ab000 08:20 6030                       /usr/lib/x86_64-linux-gnu/libstdc++.so.6.0.30
7f4837eb7000-7f4837eb8000 ---p 0021a000 08:20 6030                       /usr/lib/x86_64-linux-gnu/libstdc++.so.6.0.30
7f4837eb8000-7f4837ec3000 r--p 0021a000 08:20 6030                       /usr/lib/x86_64-linux-gnu/libstdc++.so.6.0.30
7f4837ec3000-7f4837ec6000 rw-p 00225000 08:20 6030                       /usr/lib/x86_64-linux-gnu/libstdc++.so.6.0.30
7f4837ec6000-7f4837ec9000 rw-p 00000000 00:00 0 
7f4837ec9000-7f483811a000 r--p 00000000 08:20 95598                      /usr/lib/jvm/java-17-openjdk-amd64/lib/server/libjvm.so
7f483811a000-7f4838ef5000 r-xp 00251000 08:20 95598                      /usr/lib/jvm/java-17-openjdk-amd64/lib/server/libjvm.so
7f4838ef5000-7f4839177000 r--p 0102c000 08:20 95598                      /usr/lib/jvm/java-17-openjdk-amd64/lib/server/libjvm.so
7f4839177000-7f4839178000 ---p 012ae000 08:20 95598                      /usr/lib/jvm/java-17-openjdk-amd64/lib/server/libjvm.so
7f4839178000-7f4839230000 r--p 012ae000 08:20 95598                      /usr/lib/jvm/java-17-openjdk-amd64/lib/server/libjvm.so
7f4839230000-7f4839265000 rw-p 01366000 08:20 95598                      /usr/lib/jvm/java-17-openjdk-amd64/lib/server/libjvm.so
7f4839265000-7f48392c2000 rw-p 00000000 00:00 0 
7f48392c2000-7f48392ea000 r--p 00000000 08:20 109143                     /usr/lib/x86_64-linux-gnu/libc.so.6
7f48392ea000-7f483947f000 r-xp 00028000 08:20 109143                     /usr/lib/x86_64-linux-gnu/libc.so.6
7f483947f000-7f48394d7000 r--p 001bd000 08:20 109143                     /usr/lib/x86_64-linux-gnu/libc.so.6
7f48394d7000-7f48394d8000 ---p 00215000 08:20 109143                     /usr/lib/x86_64-linux-gnu/libc.so.6
7f48394d8000-7f48394dc000 r--p 00215000 08:20 109143                     /usr/lib/x86_64-linux-gnu/libc.so.6
7f48394dc000-7f48394de000 rw-p 00219000 08:20 109143                     /usr/lib/x86_64-linux-gnu/libc.so.6
7f48394de000-7f48394eb000 rw-p 00000000 00:00 0 
7f48394eb000-7f48394ed000 r--p 00000000 08:20 95574                      /usr/lib/jvm/java-17-openjdk-amd64/lib/libjli.so
7f48394ed000-7f48394f7000 r-xp 00002000 08:20 95574                      /usr/lib/jvm/java-17-openjdk-amd64/lib/libjli.so
7f48394f7000-7f48394fa000 r--p 0000c000 08:20 95574                      /usr/lib/jvm/java-17-openjdk-amd64/lib/libjli.so
7f48394fa000-7f48394fb000 r--p 0000e000 08:20 95574                      /usr/lib/jvm/java-17-openjdk-amd64/lib/libjli.so
7f48394fb000-7f48394fc000 rw-p 0000f000 08:20 95574                      /usr/lib/jvm/java-17-openjdk-amd64/lib/libjli.so
7f48394fc000-7f48394fe000 r--p 00000000 08:20 6844                       /usr/lib/x86_64-linux-gnu/libz.so.1.2.11
7f48394fe000-7f483950f000 r-xp 00002000 08:20 6844                       /usr/lib/x86_64-linux-gnu/libz.so.1.2.11
7f483950f000-7f4839515000 r--p 00013000 08:20 6844                       /usr/lib/x86_64-linux-gnu/libz.so.1.2.11
7f4839515000-7f4839516000 ---p 00019000 08:20 6844                       /usr/lib/x86_64-linux-gnu/libz.so.1.2.11
7f4839516000-7f4839517000 r--p 00019000 08:20 6844                       /usr/lib/x86_64-linux-gnu/libz.so.1.2.11
7f4839517000-7f4839518000 rw-p 0001a000 08:20 6844                       /usr/lib/x86_64-linux-gnu/libz.so.1.2.11
7f4839518000-7f4839519000 r--p 00000000 08:20 2329                       /usr/lib/locale/C.utf8/LC_ADDRESS
7f4839519000-7f483951a000 r--p 00000000 08:20 2340                       /usr/lib/locale/C.utf8/LC_TELEPHONE
7f483951a000-7f483951b000 r--p 00000000 08:20 2333                       /usr/lib/locale/C.utf8/LC_MEASUREMENT
7f483951b000-7f483951c000 r--p 00000000 08:20 2332                       /usr/lib/locale/C.utf8/LC_IDENTIFICATION
7f483951c000-7f483951d000 ---p 00000000 00:00 0 
7f483951d000-7f483951e000 r--p 00000000 00:00 0 
7f483951e000-7f4839520000 rw-p 00000000 00:00 0 
7f4839520000-7f4839522000 r--p 00000000 08:20 109140                     /usr/lib/x86_64-linux-gnu/ld-linux-x86-64.so.2
7f4839522000-7f483954c000 r-xp 00002000 08:20 109140                     /usr/lib/x86_64-linux-gnu/ld-linux-x86-64.so.2
7f483954c000-7f4839557000 r--p 0002c000 08:20 109140                     /usr/lib/x86_64-linux-gnu/ld-linux-x86-64.so.2
7f4839557000-7f4839558000 ---p 00000000 00:00 0 
7f4839558000-7f483955a000 r--p 00037000 08:20 109140                     /usr/lib/x86_64-linux-gnu/ld-linux-x86-64.so.2
7f483955a000-7f483955c000 rw-p 00039000 08:20 109140                     /usr/lib/x86_64-linux-gnu/ld-linux-x86-64.so.2
7fff05535000-7fff05558000 rw-p 00000000 00:00 0                          [stack]
7fff055f1000-7fff055f5000 r--p 00000000 00:00 0                          [vvar]
7fff055f5000-7fff055f7000 r-xp 00000000 00:00 0                          [vdso]


VM Arguments:
jvm_args: -Dfile.encoding=UTF-8 -Duser.country -Duser.language=en -Duser.variant 
java_command: org.example.App Apps
java_class_path (initial): /home/hyesu/kafka-custom-test/app/build/classes/java/main:/home/hyesu/kafka-custom-test/app/build/resources/main:/home/hyesu/.m2/repository/org/apache/kafka/kafka_2.13/4.1.0-SNAPSHOT/kafka_2.13-4.1.0-SNAPSHOT.jar:/home/hyesu/.gradle/caches/modules-2/files-2.1/com.google.guava/guava/33.3.1-jre/852f8b363da0111e819460021ca693cacca3e8db/guava-33.3.1-jre.jar:/home/hyesu/.m2/repository/org/apache/kafka/kafka-server/4.1.0-SNAPSHOT/kafka-server-4.1.0-SNAPSHOT.jar:/home/hyesu/.m2/repository/org/apache/kafka/kafka-group-coordinator/4.1.0-SNAPSHOT/kafka-group-coordinator-4.1.0-SNAPSHOT.jar:/home/hyesu/.m2/repository/org/apache/kafka/kafka-transaction-coordinator/4.1.0-SNAPSHOT/kafka-transaction-coordinator-4.1.0-SNAPSHOT.jar:/home/hyesu/.m2/repository/org/apache/kafka/kafka-share-coordinator/4.1.0-SNAPSHOT/kafka-share-coordinator-4.1.0-SNAPSHOT.jar:/home/hyesu/.m2/repository/org/apache/kafka/kafka-coordinator-common/4.1.0-SNAPSHOT/kafka-coordinator-common-4.1.0-SNAPSHOT.jar:/home/hyesu/.m2/repository/org/apache/kafka/kafka-metadata/4.1.0-SNAPSHOT/kafka-metadata-4.1.0-SNAPSHOT.jar:/home/hyesu/.m2/repository/org/apache/kafka/kafka-storage/4.1.0-SNAPSHOT/kafka-storage-4.1.0-SNAPSHOT.jar:/home/hyesu/.m2/repository/org/apache/kafka/kafka-storage-api/4.1.0-SNAPSHOT/kafka-storage-api-4.1.0-SNAPSHOT.jar:/home/hyesu/.m2/repository/org/apache/kafka/kafka-raft/4.1.0-SNAPSHOT/kafka-raft-4.1.0-SNAPSHOT.jar:/home/hyesu/.m2/repository/org/apache/kafka/kafka-server-common/4.1.0-SNAPSHOT/kafka-server-common-4.1.0-SNAPSHOT.jar:/home/hyesu/.m2/repository/org/apache/kafka/kafka-group-coordinator-api/4.1.0-SNAPSHOT/kafka-group-coordinator-api-4.1.0-SNAPSHOT.jar:/home/hyesu/.m2/repository/org/apache/kafka/kafka-tools-api/4.1.0-SNAPSHOT/kafka-tools-api-4.1.0-SNAPSHOT.jar:/home/hyesu/.gradle/caches/modules-2/files-2.1/net.sourceforge.argparse4j/argparse4j/0.7.0/6f0621d0c3888de39e0f06d01f37ba53a798e657/argparse4j-0.7.0.jar:/home/hyesu/.gradle/caches/modules-2/files-2.1/com
Launcher Type: SUN_STANDARD

[Global flags]
     intx CICompilerCount                          = 12                                        {product} {ergonomic}
     uint ConcGCThreads                            = 3                                         {product} {ergonomic}
     uint G1ConcRefinementThreads                  = 13                                        {product} {ergonomic}
   size_t G1HeapRegionSize                         = 1048576                                   {product} {ergonomic}
    uintx GCDrainStackTargetSize                   = 64                                        {product} {ergonomic}
   size_t InitialHeapSize                          = 130023424                                 {product} {ergonomic}
   size_t MarkStackSize                            = 4194304                                   {product} {ergonomic}
   size_t MaxHeapSize                              = 2061500416                                {product} {ergonomic}
   size_t MaxNewSize                               = 1236271104                                {product} {ergonomic}
   size_t MinHeapDeltaBytes                        = 1048576                                   {product} {ergonomic}
   size_t MinHeapSize                              = 8388608                                   {product} {ergonomic}
    uintx NonNMethodCodeHeapSize                   = 7602480                                {pd product} {ergonomic}
    uintx NonProfiledCodeHeapSize                  = 122027880                              {pd product} {ergonomic}
    uintx ProfiledCodeHeapSize                     = 122027880                              {pd product} {ergonomic}
    uintx ReservedCodeCacheSize                    = 251658240                              {pd product} {ergonomic}
     bool SegmentedCodeCache                       = true                                      {product} {ergonomic}
   size_t SoftMaxHeapSize                          = 2061500416                             {manageable} {ergonomic}
     bool UseCompressedClassPointers               = true                           {product lp64_product} {ergonomic}
     bool UseCompressedOops                        = true                           {product lp64_product} {ergonomic}
     bool UseG1GC                                  = true                                      {product} {ergonomic}

Logging:
Log output configuration:
 #0: stdout all=warning uptime,level,tags
 #1: stderr all=off uptime,level,tags

Environment Variables:
JAVA_HOME=/usr/lib/jvm/java-17-openjdk-amd64
PATH=/opt/gradle/gradle-8.12.1/bin:/usr/lib/jvm/java-17-openjdk-amd64/bin:/usr/local/sbin:/usr/local/bin:/usr/sbin:/usr/bin:/sbin:/bin:/usr/games:/usr/local/games:/usr/lib/wsl/lib:/mnt/c/Program Files/Amazon Corretto/jdk11.0.24_8/bin:/mnt/c/Program Files/Common Files/Oracle/Java/javapath:/mnt/c/Program Files (x86)/Common Files/Oracle/Java/javapath:/mnt/c/WINDOWS/system32:/mnt/c/WINDOWS:/mnt/c/WINDOWS/System32/Wbem:/mnt/c/WINDOWS/System32/WindowsPowerShell/v1.0/:/mnt/c/WINDOWS/System32/OpenSSH/:/mnt/c/Program Files (x86)/dotnet/:/mnt/c/Program Files/openssl-0.9.8k_X64/bin:/mnt/c/Program Files/Java/jdk-1.8/bin:/mnt/c/Program Files/MySQL/MySQL Server 8.0/bin:/mnt/c/Program Files/Docker/Docker/resources/bin:/mnt/c/Users/guest1/AppData/Local/Programs/Git/cmd:/mnt/c/Program Files/Git/cmd:/mnt/c/Program Files/PuTTY/:/mnt/c/Apache24/bin:/mnt/c/src/flutter/bin:/mnt/c/Program Files/OpenSSL-Win64/bin:/mnt/c/Users/guest1/AppData/Local/Programs/Python/Python312/Scripts:/mnt/c/Users/guest1/AppData/Local/Programs/Python/Python312:/mnt/c/Program Files/dotnet/:/mnt/c/Program Files/Amazon/AWSCLIV2/:/mnt/c/mingw64/bin:/mnt/c/Users/guest1/Desktop/test/kafka/build/native:/mnt/c/Users/guest1/AppData/Local/Programs/Python/Python312/Scripts/:/mnt/c/Users/guest1/AppData/Local/Programs/Python/Python312/:/mnt/c/Users/guest1/AppData/Local/Microsoft/WindowsApps:/mnt/c/Users/guest1/AppData/Local/Programs/Microsoft VS Code/bin:/mnt/c/Users/guest1/src/flutter/flutter/bin:/mnt/c/Users/guest1/.dotnet/tools:/mnt/c/Users/guest1/AppData/Local/Coursier/data/bin:/snap/bin
SHELL=/bin/bash
DISPLAY=:0
HOSTTYPE=x86_64
LANG=C.UTF-8
TERM=xterm-256color

Active Locale:
LC_ALL=C.UTF-8
LC_COLLATE=C.UTF-8
LC_CTYPE=C.UTF-8
LC_MESSAGES=C.UTF-8
LC_MONETARY=C.UTF-8
LC_NUMERIC=C.UTF-8
LC_TIME=C.UTF-8

Signal Handlers:
   SIGSEGV: crash_handler in libjvm.so, mask=11100100010111111101111111111110, flags=SA_RESTART|SA_SIGINFO, unblocked
    SIGBUS: crash_handler in libjvm.so, mask=11100100010111111101111111111110, flags=SA_RESTART|SA_SIGINFO, unblocked
    SIGFPE: crash_handler in libjvm.so, mask=11100100010111111101111111111110, flags=SA_RESTART|SA_SIGINFO, unblocked
   SIGPIPE: javaSignalHandler in libjvm.so, mask=11100100010111111101111111111110, flags=SA_RESTART|SA_SIGINFO, blocked
   SIGXFSZ: javaSignalHandler in libjvm.so, mask=11100100010111111101111111111110, flags=SA_RESTART|SA_SIGINFO, blocked
    SIGILL: crash_handler in libjvm.so, mask=11100100010111111101111111111110, flags=SA_RESTART|SA_SIGINFO, unblocked
   SIGUSR2: SR_handler in libjvm.so, mask=00100000000000000000000000000000, flags=SA_RESTART|SA_SIGINFO, blocked
    SIGHUP: UserHandler in libjvm.so, mask=11100100010111111101111111111110, flags=SA_RESTART|SA_SIGINFO, blocked
    SIGINT: UserHandler in libjvm.so, mask=11100100010111111101111111111110, flags=SA_RESTART|SA_SIGINFO, blocked
   SIGTERM: UserHandler in libjvm.so, mask=11100100010111111101111111111110, flags=SA_RESTART|SA_SIGINFO, blocked
   SIGQUIT: UserHandler in libjvm.so, mask=11100100010111111101111111111110, flags=SA_RESTART|SA_SIGINFO, blocked
   SIGTRAP: crash_handler in libjvm.so, mask=11100100010111111101111111111110, flags=SA_RESTART|SA_SIGINFO, unblocked


Periodic native trim disabled


---------------  S Y S T E M  ---------------

OS:
DISTRIB_ID=Ubuntu
DISTRIB_RELEASE=22.04
DISTRIB_CODENAME=jammy
DISTRIB_DESCRIPTION="Ubuntu 22.04.1 LTS"
uname: Linux 5.15.167.4-microsoft-standard-WSL2 #1 SMP Tue Nov 5 00:21:55 UTC 2024 x86_64
OS uptime: 0 days 17:37 hours
libc: glibc 2.35 NPTL 2.35 
rlimit (soft/hard): STACK 8192k/infinity , CORE 0k/infinity , NPROC 31422/31422 , NOFILE 1048576/1048576 , AS infinity/infinity , CPU infinity/infinity , DATA infinity/infinity , FSIZE infinity/infinity , MEMLOCK 65536k/65536k
load average: 0.03 0.13 0.29

/proc/meminfo:
MemTotal:        8051028 kB
MemFree:         1784080 kB
MemAvailable:    1794092 kB
Buffers:           29660 kB
Cached:           143980 kB
SwapCached:        14032 kB
Active:           141576 kB
Inactive:        5627336 kB
Active(anon):      11924 kB
Inactive(anon):  5585824 kB
Active(file):     129652 kB
Inactive(file):    41512 kB
Unevictable:           0 kB
Mlocked:               0 kB
SwapTotal:       2097152 kB
SwapFree:        1972640 kB
Dirty:               528 kB
Writeback:             0 kB
AnonPages:       5574148 kB
Mapped:            73020 kB
Shmem:              2476 kB
KReclaimable:     109328 kB
Slab:             175688 kB
SReclaimable:     109328 kB
SUnreclaim:        66360 kB
KernelStack:       10736 kB
PageTables:        23772 kB
NFS_Unstable:          0 kB
Bounce:                0 kB
WritebackTmp:          0 kB
CommitLimit:     6122664 kB
Committed_AS:    6335932 kB
VmallocTotal:   34359738367 kB
VmallocUsed:       31192 kB
VmallocChunk:          0 kB
Percpu:             4416 kB
AnonHugePages:   4792320 kB
ShmemHugePages:        0 kB
ShmemPmdMapped:        0 kB
FileHugePages:         0 kB
FilePmdMapped:         0 kB
HugePages_Total:       0
HugePages_Free:        0
HugePages_Rsvd:        0
HugePages_Surp:        0
Hugepagesize:       2048 kB
Hugetlb:               0 kB
DirectMap4k:       19456 kB
DirectMap2M:     5138432 kB
DirectMap1G:    12582912 kB

/sys/kernel/mm/transparent_hugepage/enabled: [always] madvise never
/sys/kernel/mm/transparent_hugepage/hpage_pmd_size: 2097152
/sys/kernel/mm/transparent_hugepage/defrag (defrag/compaction efforts parameter): always defer defer+madvise [madvise] never

Process Memory:
Virtual Size: 6617036K (peak: 6681032K)
Resident Set Size: 239444K (peak: 241276K) (anon: 216320K, file: 23016K, shmem: 108K)
Swapped out: 0K
C-Heap outstanding allocations: 88315K, retained: 25744K
glibc malloc tunables: (default)

/proc/sys/kernel/threads-max (system-wide limit on the number of threads): 62845
/proc/sys/vm/max_map_count (maximum number of memory map areas a process may have): 65530
/proc/sys/vm/swappiness (control to define how aggressively the kernel swaps out anonymous memory): 60
/proc/sys/kernel/pid_max (system-wide limit on number of process identifiers): 32768

container (cgroup) information:
container_type: cgroupv1
cpu_cpuset_cpus: 0-15
cpu_memory_nodes: 0
active_processor_count: 16
cpu_quota: no quota
cpu_period: 100000
cpu_shares: no shares
memory_limit_in_bytes: unlimited
memory_and_swap_limit_in_bytes: unlimited
memory_soft_limit_in_bytes: unlimited
memory_usage_in_bytes: 5749112 k
memory_max_usage_in_bytes: unlimited
kernel_memory_usage_in_bytes: unlimited
kernel_memory_max_usage_in_bytes: unlimited
kernel_memory_limit_in_bytes: unlimited
maximum number of tasks: not supported
current number of tasks: not supported

Hyper-V virtualization detected
Steal ticks since vm start: 0
Steal ticks percentage since vm start:  0.000

CPU: total 16 (initial active 16) (8 cores per cpu, 2 threads per core) family 6 model 151 stepping 2 microcode 0xffffffff, cx8, cmov, fxsr, ht, mmx, 3dnowpref, sse, sse2, sse3, ssse3, sse4.1, sse4.2, popcnt, lzcnt, tsc, tscinvbit, avx, avx2, aes, erms, clmul, bmi1, bmi2, adx, sha, fma, vzeroupper, clflush, clflushopt, clwb, hv
CPU Model and flags from /proc/cpuinfo:
model name	: 12th Gen Intel(R) Core(TM) i5-12600KF
flags		: fpu vme de pse tsc msr pae mce cx8 apic sep mtrr pge mca cmov pat pse36 clflush mmx fxsr sse sse2 ss ht syscall nx pdpe1gb rdtscp lm constant_tsc rep_good nopl xtopology tsc_reliable nonstop_tsc cpuid pni pclmulqdq vmx ssse3 fma cx16 pcid sse4_1 sse4_2 x2apic movbe popcnt tsc_deadline_timer aes xsave avx f16c rdrand hypervisor lahf_lm abm 3dnowprefetch invpcid_single ssbd ibrs ibpb stibp ibrs_enhanced tpr_shadow vnmi ept vpid ept_ad fsgsbase tsc_adjust bmi1 avx2 smep bmi2 erms invpcid rdseed adx smap clflushopt clwb sha_ni xsaveopt xsavec xgetbv1 xsaves avx_vnni umip waitpkg gfni vaes vpclmulqdq rdpid movdiri movdir64b fsrm md_clear serialize flush_l1d arch_capabilities

Online cpus: 0-15
Offline cpus: 
BIOS frequency limitation: <Not Available>
Frequency switch latency (ns): <Not Available>
Available cpu frequencies: <Not Available>
Current governor: <Not Available>
Core performance/turbo boost: <Not Available>

Memory: 4k page, physical 8051028k(1784080k free), swap 2097152k(1972640k free)
Page Sizes: 4k

vm_info: OpenJDK 64-Bit Server VM (17.0.13+11-Ubuntu-2ubuntu122.04) for linux-amd64 JRE (17.0.13+11-Ubuntu-2ubuntu122.04), built on Oct 22 2024 06:38:45 by "buildd" with gcc 11.4.0

END.
