#
# A fatal error has been detected by the Java Runtime Environment:
#
#  SIGSEGV (0xb) at pc=0x00007fa03f55baca, pid=9612, tid=9686
#
# JRE version: OpenJDK Runtime Environment (17.0.13+11) (build 17.0.13+11-Ubuntu-2ubuntu122.04)
# Java VM: OpenJDK 64-Bit Server VM (17.0.13+11-Ubuntu-2ubuntu122.04, mixed mode, sharing, tiered, compressed oops, compressed class ptrs, g1 gc, linux-amd64)
# Problematic frame:
# C  [libc.so.6+0x1a0aca]
#
# Core dump will be written. Default location: Core dumps may be processed with "/wsl-capture-crash %t %E %p %s" (or dumping to /home/hyesu/kafka-custom-test/app/core.9612)
#
# If you would like to submit a bug report, please visit:
#   https://bugs.launchpad.net/ubuntu/+source/openjdk-17
# The crash happened outside the Java Virtual Machine in native code.
# See problematic frame for where to report the bug.
#

---------------  S U M M A R Y ------------

Command Line: -Dfile.encoding=UTF-8 -Duser.country -Duser.language=en -Duser.variant org.example.App Apps

Host: 12th Gen Intel(R) Core(TM) i5-12600KF, 16 cores, 7G, Ubuntu 22.04.1 LTS
Time: Tue Mar 18 23:32:14 2025 KST elapsed time: 5.125353 seconds (0d 0h 0m 5s)

---------------  T H R E A D  ---------------

Current thread (0x00007fa038026d70):  JavaThread "kafka-producer-network-thread | producer-1" daemon [_thread_in_native, id=9686, stack(0x00007fa00c900000,0x00007fa00ca00000)]

Stack: [0x00007fa00c900000,0x00007fa00ca00000],  sp=0x00007fa00c9fe4b8,  free space=1017k
Native frames: (J=compiled Java code, j=interpreted, Vv=VM code, C=native code)
C  [libc.so.6+0x1a0aca]
C  [libsharedmemory.so+0x173b]  Java_org_apache_kafka_clients_producer_SharedMemoryManager_writeSharedMemoryByBuffer+0x7e
j  org.apache.kafka.clients.producer.SharedMemoryManager.writeSharedMemoryByBuffer(Ljava/nio/ByteBuffer;I)V+0
j  org.apache.kafka.clients.producer.internals.Sender.sendProduceRequest(JISILjava/util/List;)V+470
j  org.apache.kafka.clients.producer.internals.Sender.sendProduceRequests(Ljava/util/Map;J)V+68
j  org.apache.kafka.clients.producer.internals.Sender.sendProducerData(J)J+589
j  org.apache.kafka.clients.producer.internals.Sender.runOnce()V+136
j  org.apache.kafka.clients.producer.internals.Sender.run()V+35
j  java.lang.Thread.run()V+11 java.base@17.0.13
v  ~StubRoutines::call_stub
V  [libjvm.so+0x864d15]  JavaCalls::call_helper(JavaValue*, methodHandle const&, JavaCallArguments*, JavaThread*)+0x355
V  [libjvm.so+0x866632]  JavaCalls::call_virtual(JavaValue*, Handle, Klass*, Symbol*, Symbol*, JavaThread*)+0x1d2
V  [libjvm.so+0x93dcf6]  thread_entry(JavaThread*, JavaThread*)+0xb6
V  [libjvm.so+0xf1d60d]  JavaThread::thread_main_inner()+0x20d
V  [libjvm.so+0xf2126d]  Thread::call_run()+0xbd
V  [libjvm.so+0xc98bfb]  thread_native_entry(Thread*)+0xeb

Java frames: (J=compiled Java code, j=interpreted, Vv=VM code)
j  org.apache.kafka.clients.producer.SharedMemoryManager.writeSharedMemoryByBuffer(Ljava/nio/ByteBuffer;I)V+0
j  org.apache.kafka.clients.producer.internals.Sender.sendProduceRequest(JISILjava/util/List;)V+470
j  org.apache.kafka.clients.producer.internals.Sender.sendProduceRequests(Ljava/util/Map;J)V+68
j  org.apache.kafka.clients.producer.internals.Sender.sendProducerData(J)J+589
j  org.apache.kafka.clients.producer.internals.Sender.runOnce()V+136
j  org.apache.kafka.clients.producer.internals.Sender.run()V+35
j  java.lang.Thread.run()V+11 java.base@17.0.13
v  ~StubRoutines::call_stub

siginfo: si_signo: 11 (SIGSEGV), si_code: 2 (SEGV_ACCERR), si_addr: 0x00007fa01c01a000

Registers:
RAX=0x00007fa01c018c04, RBX=0x00007fa00500a290, RCX=0x0000000000000602, RDX=0x00000000000019fe
RSP=0x00007fa00c9fe4b8, RBP=0x00007fa00c9fe520, RSI=0x00007f9f6004ca70, RDI=0x00007fa01c01a000
R8 =0x00007fa01c018c04, R9 =0x0000000088e80000, R10=0x0000000000000010, R11=0x000000000000000e
R12=0x0000000000000000, R13=0x00007fa00500a290, R14=0x00007fa00c9fe5f0, R15=0x00007fa038026d70
RIP=0x00007fa03f55baca, EFLAGS=0x0000000000010202, CSGSFS=0x002b000000000033, ERR=0x0000000000000007
  TRAPNO=0x000000000000000e


Register to memory mapping:

RAX=0x00007fa01c018c04 points into unknown readable memory: 00 09 1c 02
RBX={method} {0x00007fa00500a290} 'writeSharedMemoryByBuffer' '(Ljava/nio/ByteBuffer;I)V' in 'org/apache/kafka/clients/producer/SharedMemoryManager'
RCX=0x0000000000000602 is an unknown value
RDX=0x00000000000019fe is an unknown value
RSP=0x00007fa00c9fe4b8 is pointing into the stack for thread: 0x00007fa038026d70
RBP=0x00007fa00c9fe520 is pointing into the stack for thread: 0x00007fa038026d70
RSI=0x00007f9f6004ca70 points into unknown readable memory: 0xb2150c15180f021c | 1c 02 0f 18 15 0c 15 b2
RDI=0x00007fa01c01a000: <offset 0x0000000000000000> in /usr/lib/jvm/java-17-openjdk-amd64/lib/libmanagement_ext.so at 0x00007fa01c01a000
R8 =0x00007fa01c018c04 points into unknown readable memory: 00 09 1c 02
R9 =0x0000000088e80000 is an oop: java.nio.DirectByteBuffer 
{0x0000000088e80000} - klass: 'java/nio/DirectByteBuffer'
 - ---- fields (total size 8 words):
 - private 'mark' 'I' @12  -1 (ffffffff)
 - 'address' 'J' @16  140322487449200 (6004b670 7f9f)
 - private 'position' 'I' @24  0
 - private 'limit' 'I' @28  6658 (1a02)
 - private 'capacity' 'I' @32  6658 (1a02)
 - final 'segment' 'Ljdk/internal/access/foreign/MemorySegmentProxy;' @36  NULL (0)
 - final 'offset' 'I' @40  0
 - 'isReadOnly' 'Z' @44  false
 - 'bigEndian' 'Z' @45  true
 - 'nativeByteOrder' 'Z' @46  false
 - final 'hb' '[B' @48  NULL (0)
 - private final 'isSync' 'Z' @47  false
 - private final 'fd' 'Ljava/io/FileDescriptor;' @52  NULL (0)
 - private final 'att' 'Ljava/lang/Object;' @56  NULL (0)
 - private final 'cleaner' 'Ljdk/internal/ref/Cleaner;' @60  a 'jdk/internal/ref/Cleaner'{0x0000000088e80060} (88e80060)
R10=0x0000000000000010 is an unknown value
R11=0x000000000000000e is an unknown value
R12=0x0 is NULL
R13={method} {0x00007fa00500a290} 'writeSharedMemoryByBuffer' '(Ljava/nio/ByteBuffer;I)V' in 'org/apache/kafka/clients/producer/SharedMemoryManager'
R14=0x00007fa00c9fe5f0 is pointing into the stack for thread: 0x00007fa038026d70
R15=0x00007fa038026d70 is a thread


Top of Stack: (sp=0x00007fa00c9fe4b8)
0x00007fa00c9fe4b8:   00007fa01c5ae693 00007fa00c9fe5a8
0x00007fa00c9fe4c8:   00001a0221a275b4 00007f9f6004b670
0x00007fa00c9fe4d8:   00007fa01c000000 00007fa00500a290
0x00007fa00c9fe4e8:   090036e8000019fe 00007fa01c019000
0x00007fa00c9fe4f8:   311f1518090036e7 00007fa01c019008
0x00007fa00c9fe508:   090036e8150c1518 00007f9f6004b674
0x00007fa00c9fe518:   8a248a5cd0509d00 00007fa00c9fe560
0x00007fa00c9fe528:   00007fa01c5ae73b 00001a0288e80000
0x00007fa00c9fe538:   00007fa00c9fe5f0 00007fa00c9fe5d8
0x00007fa00c9fe548:   00007fa038027020 00007f9fbf3b7d10
0x00007fa00c9fe558:   00007f9f6004b670 00007fa00c9fe5c8
0x00007fa00c9fe568:   00007fa0289d15ba 0000000000000000
0x00007fa00c9fe578:   00007fa00c9fe590 00007fa00c9fe580
0x00007fa00c9fe588:   0000000000000000 00007fa00c9fe5f0
0x00007fa00c9fe598:   00007fa00500a428 0000000000000000
0x00007fa00c9fe5a8:   000000008ba055d8 00007fa00500a290
0x00007fa00c9fe5b8:   0000000000000000 00007fa00c9fe5e8
0x00007fa00c9fe5c8:   00007fa00c9fe640 00007fa0289cd260
0x00007fa00c9fe5d8:   000000008ba055d8 00007fa0289ceff8
0x00007fa00c9fe5e8:   0000000000001a02 0000000088e80000
0x00007fa00c9fe5f8:   00007fa00c9fe5f8 00007fa004ec8a06
0x00007fa00c9fe608:   00007fa00c9fe710 00007fa004ed1c98
0x00007fa00c9fe618:   0000000000000000 000000008bea1898
0x00007fa00c9fe628:   00007fa004ec8ba0 00007fa00c9fe5e8
0x00007fa00c9fe638:   00007fa00c9fe6e0 00007fa00c9fe760
0x00007fa00c9fe648:   00007fa0289cd260 000000008a8e8378
0x00007fa00c9fe658:   0000000000000003 0000000000000003
0x00007fa00c9fe668:   000000008a8e83c0 0000000088e80000
0x00007fa00c9fe678:   0000000000001a02 000000008a8e83e0
0x00007fa00c9fe688:   000000008a8e83e0 000000008a8e7f88
0x00007fa00c9fe698:   000000008a8e7f60 000000008a8e7e30
0x00007fa00c9fe6a8:   000000008a8e7e18 000000008a8e7de8 

Instructions: (pc=0x00007fa03f55baca)
0x00007fa03f55b9ca:   7e 60 c5 7e 6f 44 16 e0 48 29 fe 48 83 e1 e0 48
0x00007fa03f55b9da:   01 ce 0f 1f 40 00 c5 fe 6f 4e 60 c5 fe 6f 56 40
0x00007fa03f55b9ea:   c5 fe 6f 5e 20 c5 fe 6f 26 48 83 c6 80 c5 fd 7f
0x00007fa03f55b9fa:   49 60 c5 fd 7f 51 40 c5 fd 7f 59 20 c5 fd 7f 21
0x00007fa03f55ba0a:   48 83 c1 80 48 39 cf 72 cd c5 fe 7f 07 c5 fe 7f
0x00007fa03f55ba1a:   6f 20 c5 fe 7f 77 40 c5 fe 7f 7f 60 c5 7e 7f 44
0x00007fa03f55ba2a:   3a e0 c5 f8 77 c3 66 66 2e 0f 1f 84 00 00 00 00
0x00007fa03f55ba3a:   00 0f 1f 44 00 00 c5 fe 6f 4e 20 f7 c1 00 0e 00
0x00007fa03f55ba4a:   00 75 68 49 89 c9 48 8d 4c 16 ff 48 83 ce 3f 4a
0x00007fa03f55ba5a:   8d 7c 0e 01 48 29 f1 48 ff c6 f3 a4 c4 c1 7e 7f
0x00007fa03f55ba6a:   00 c4 c1 7e 7f 48 20 c5 f8 77 c3 66 66 2e 0f 1f
0x00007fa03f55ba7a:   84 00 00 00 00 00 48 89 f9 48 29 f1 48 39 d1 0f
0x00007fa03f55ba8a:   82 21 ff ff ff 49 89 f8 48 3b 15 07 0b 08 00 73
0x00007fa03f55ba9a:   45 f7 05 f3 0a 08 00 01 00 00 00 74 99 83 f9 c0
0x00007fa03f55baaa:   0f 87 7b fe ff ff c5 fe 6f 4e 20 48 29 fe 48 83
0x00007fa03f55baba:   c7 3f 49 8d 0c 10 48 83 e7 c0 48 01 fe 48 29 f9
0x00007fa03f55baca:   f3 a4 c4 c1 7e 7f 00 c4 c1 7e 7f 48 20 c5 f8 77
0x00007fa03f55bada:   c3 0f 1f 44 00 00 48 3b 15 11 99 07 00 0f 82 24
0x00007fa03f55baea:   fe ff ff 48 f7 d9 48 39 ca 0f 87 32 fe ff ff c5
0x00007fa03f55bafa:   fe 6f 4e 20 c5 fe 7f 07 c5 fe 7f 4f 20 49 89 f8
0x00007fa03f55bb0a:   49 83 e0 3f 49 83 e8 40 4c 29 c6 4c 29 c7 4c 01
0x00007fa03f55bb1a:   c2 f7 d1 f7 c1 00 0f 00 00 0f 84 87 01 00 00 49
0x00007fa03f55bb2a:   89 d2 49 c1 ea 04 4c 3b 15 71 0a 08 00 0f 83 73
0x00007fa03f55bb3a:   01 00 00 81 e2 ff 1f 00 00 49 c1 ea 09 66 0f 1f
0x00007fa03f55bb4a:   84 00 00 00 00 00 b9 20 00 00 00 0f 18 8e 80 00
0x00007fa03f55bb5a:   00 00 0f 18 8e c0 00 00 00 0f 18 8e 00 01 00 00
0x00007fa03f55bb6a:   0f 18 8e 40 01 00 00 0f 18 8e 80 10 00 00 0f 18
0x00007fa03f55bb7a:   8e c0 10 00 00 0f 18 8e 00 11 00 00 0f 18 8e 40
0x00007fa03f55bb8a:   11 00 00 c5 fe 6f 06 c5 fe 6f 4e 20 c5 fe 6f 56
0x00007fa03f55bb9a:   40 c5 fe 6f 5e 60 c5 fe 6f a6 00 10 00 00 c5 fe
0x00007fa03f55bbaa:   6f ae 20 10 00 00 c5 fe 6f b6 40 10 00 00 c5 fe
0x00007fa03f55bbba:   6f be 60 10 00 00 48 83 ee 80 c5 fd e7 07 c5 fd 


Stack slot to memory mapping:
stack at sp + 0 slots: 0x00007fa01c5ae693: buffer_try_enqueue+0x0000000000000179 in /usr/lib/libsharedmemory.so at 0x00007fa01c5ad000
stack at sp + 1 slots: 0x00007fa00c9fe5a8 is pointing into the stack for thread: 0x00007fa038026d70
stack at sp + 2 slots: 0x00001a0221a275b4 is an unknown value
stack at sp + 3 slots: 0x00007f9f6004b670 points into unknown readable memory: 0x0c000000fe190000 | 00 00 19 fe 00 00 00 0c
stack at sp + 4 slots: 0x00007fa01c000000 points into unknown readable memory: 0x0c00000000001209 | 09 12 00 00 00 00 00 0c
stack at sp + 5 slots: {method} {0x00007fa00500a290} 'writeSharedMemoryByBuffer' '(Ljava/nio/ByteBuffer;I)V' in 'org/apache/kafka/clients/producer/SharedMemoryManager'
stack at sp + 6 slots: 0x090036e8000019fe is an unknown value
stack at sp + 7 slots: 0x00007fa01c019000 points into unknown readable memory: 0x006a45080214321f | 1f 32 14 02 08 45 6a 00


---------------  P R O C E S S  ---------------

Threads class SMR info:
_java_thread_list=0x00007f9f78078f60, length=23, elements={
0x00007fa038019ee0, 0x00007fa038144560, 0x00007fa038145950, 0x00007fa03814d970,
0x00007fa03814ed30, 0x00007fa038150150, 0x00007fa038151b90, 0x00007fa0381530d0,
0x00007fa038154550, 0x00007fa03815ccd0, 0x00007fa03815faf0, 0x00007f9f9804c3f0,
0x00007f9f8c5f9e70, 0x00007f9f800bb5e0, 0x00007fa038026d70, 0x00007f9f80032f10,
0x00007f9fa4395960, 0x00007f9f80035a70, 0x00007f9fa429a570, 0x00007f9f7c146770,
0x00007f9f781f8000, 0x00007f9f78077080, 0x00007f9f78077f70
}

Java Threads: ( => current thread )
  0x00007fa038019ee0 JavaThread "main" [_thread_in_Java, id=9613, stack(0x00007fa03db8f000,0x00007fa03dc8f000)]
  0x00007fa038144560 JavaThread "Reference Handler" daemon [_thread_blocked, id=9620, stack(0x00007fa01c1bd000,0x00007fa01c2bd000)]
  0x00007fa038145950 JavaThread "Finalizer" daemon [_thread_blocked, id=9621, stack(0x00007fa01c0bc000,0x00007fa01c1bc000)]
  0x00007fa03814d970 JavaThread "Signal Dispatcher" daemon [_thread_blocked, id=9622, stack(0x00007fa00df00000,0x00007fa00e000000)]
  0x00007fa03814ed30 JavaThread "Service Thread" daemon [_thread_blocked, id=9623, stack(0x00007fa00ddff000,0x00007fa00deff000)]
  0x00007fa038150150 JavaThread "Monitor Deflation Thread" daemon [_thread_blocked, id=9624, stack(0x00007fa00dcfe000,0x00007fa00ddfe000)]
  0x00007fa038151b90 JavaThread "C2 CompilerThread0" daemon [_thread_in_native, id=9625, stack(0x00007fa00dbfd000,0x00007fa00dcfd000)]
  0x00007fa0381530d0 JavaThread "C1 CompilerThread0" daemon [_thread_blocked, id=9626, stack(0x00007fa00dafc000,0x00007fa00dbfc000)]
  0x00007fa038154550 JavaThread "Sweeper thread" daemon [_thread_blocked, id=9627, stack(0x00007fa00d9fb000,0x00007fa00dafb000)]
  0x00007fa03815ccd0 JavaThread "Notification Thread" daemon [_thread_blocked, id=9628, stack(0x00007fa00d8fa000,0x00007fa00d9fa000)]
  0x00007fa03815faf0 JavaThread "Common-Cleaner" daemon [_thread_blocked, id=9630, stack(0x00007fa00d6f8000,0x00007fa00d7f8000)]
  0x00007f9f9804c3f0 JavaThread "C1 CompilerThread1" daemon [_thread_blocked, id=9633, stack(0x00007fa00d4f6000,0x00007fa00d5f6000)]
  0x00007f9f8c5f9e70 JavaThread "kafka-coordinator-heartbeat-thread | test-group80426975936778" daemon [_thread_blocked, id=9646, stack(0x00007fa00cdef000,0x00007fa00ceef000)]
  0x00007f9f800bb5e0 JavaThread "C2 CompilerThread1" daemon [_thread_in_native, id=9685, stack(0x00007fa00d1f3000,0x00007fa00d2f3000)]
=>0x00007fa038026d70 JavaThread "kafka-producer-network-thread | producer-1" daemon [_thread_in_native, id=9686, stack(0x00007fa00c900000,0x00007fa00ca00000)]
  0x00007f9f80032f10 JavaThread "C2 CompilerThread2" daemon [_thread_in_native, id=9687, stack(0x00007fa00c7ff000,0x00007fa00c8ff000)]
  0x00007f9fa4395960 JavaThread "C1 CompilerThread2" daemon [_thread_blocked, id=9688, stack(0x00007fa00c6fe000,0x00007fa00c7fe000)]
  0x00007f9f80035a70 JavaThread "C1 CompilerThread3" daemon [_thread_blocked, id=9689, stack(0x00007fa00d3f5000,0x00007fa00d4f5000)]
  0x00007f9fa429a570 JavaThread "C2 CompilerThread3" daemon [_thread_in_native, id=9690, stack(0x00007fa00d2f4000,0x00007fa00d3f4000)]
  0x00007f9f7c146770 JavaThread "C2 CompilerThread4" daemon [_thread_in_native, id=9691, stack(0x00007fa00c1f9000,0x00007fa00c2f9000)]
  0x00007f9f781f8000 JavaThread "C2 CompilerThread5" daemon [_thread_in_native, id=9692, stack(0x00007fa00d5f7000,0x00007fa00d6f7000)]
  0x00007f9f78077080 JavaThread "C2 CompilerThread6" daemon [_thread_in_native, id=9693, stack(0x00007fa00ccee000,0x00007fa00cdee000)]
  0x00007f9f78077f70 JavaThread "C2 CompilerThread7" daemon [_thread_in_native, id=9694, stack(0x00007fa00c0f8000,0x00007fa00c1f8000)]

Other Threads:
  0x00007fa0381405d0 VMThread "VM Thread" [stack: 0x00007fa01c2be000,0x00007fa01c3be000] [id=9619]
  0x00007fa03815e530 WatcherThread [stack: 0x00007fa00d7f9000,0x00007fa00d8f9000] [id=9629]
  0x00007fa038075470 GCTaskThread "GC Thread#0" [stack: 0x00007fa01d6f5000,0x00007fa01d7f5000] [id=9614]
  0x00007f9fb8006c70 GCTaskThread "GC Thread#1" [stack: 0x00007fa00d0f2000,0x00007fa00d1f2000] [id=9637]
  0x00007f9fb8007680 GCTaskThread "GC Thread#2" [stack: 0x00007fa00cff1000,0x00007fa00d0f1000] [id=9638]
  0x00007f9fb8008090 GCTaskThread "GC Thread#3" [stack: 0x00007fa00cef0000,0x00007fa00cff0000] [id=9639]
  0x00007f9fb800d2d0 GCTaskThread "GC Thread#4" [stack: 0x00007fa00c5fd000,0x00007fa00c6fd000] [id=9671]
  0x00007f9fb800dad0 GCTaskThread "GC Thread#5" [stack: 0x00007fa00c4fc000,0x00007fa00c5fc000] [id=9672]
  0x00007f9fb8010b90 GCTaskThread "GC Thread#6" [stack: 0x00007fa00c3fb000,0x00007fa00c4fb000] [id=9673]
  0x00007f9fb8011560 GCTaskThread "GC Thread#7" [stack: 0x00007fa00c2fa000,0x00007fa00c3fa000] [id=9674]
  0x00007fa038086060 ConcurrentGCThread "G1 Main Marker" [stack: 0x00007fa01d5f4000,0x00007fa01d6f4000] [id=9615]
  0x00007fa038086fd0 ConcurrentGCThread "G1 Conc#0" [stack: 0x00007fa01d4f3000,0x00007fa01d5f3000] [id=9616]
  0x00007fa0381120a0 ConcurrentGCThread "G1 Refine#0" [stack: 0x00007fa01c6e5000,0x00007fa01c7e5000] [id=9617]
  0x00007fa038112fa0 ConcurrentGCThread "G1 Service" [stack: 0x00007fa01c5e4000,0x00007fa01c6e4000] [id=9618]

Threads with active compile tasks:
C2 CompilerThread0     5139 2580       4       org.apache.kafka.clients.producer.internals.RecordAccumulator::tryAppend (121 bytes)
C2 CompilerThread1     5139 2559       4       org.apache.kafka.clients.producer.internals.ProducerBatch::tryAppend (149 bytes)
C2 CompilerThread2     5139 2630       4       org.apache.kafka.common.record.MemoryRecordsBuilder::appendWithOffset (14 bytes)
C2 CompilerThread3     5139 2624   !   4       org.apache.kafka.clients.producer.internals.RecordAccumulator::append (480 bytes)
C2 CompilerThread4     5139 2611   !   4       org.apache.kafka.clients.producer.KafkaProducer::doSend (641 bytes)
C2 CompilerThread5     5139 2631   !   4       org.apache.kafka.common.record.MemoryRecordsBuilder::appendWithOffset (212 bytes)
C2 CompilerThread6     5139 2629       4       org.apache.kafka.common.record.MemoryRecordsBuilder::append (15 bytes)
C2 CompilerThread7     5139 2594       4       org.apache.kafka.common.record.MemoryRecordsBuilder::append (17 bytes)

VM state: not at safepoint (normal execution)

VM Mutex/Monitor currently owned by a thread: None

Heap address: 0x0000000085200000, size: 1966 MB, Compressed Oops mode: 32-bit

CDS archive(s) mapped at: [0x00007f9fbf000000-0x00007f9fbfbc9000-0x00007f9fbfbc9000), size 12357632, SharedBaseAddress: 0x00007f9fbf000000, ArchiveRelocationMode: 1.
Compressed class space mapped at: 0x00007f9fc0000000-0x00007fa000000000, reserved size: 1073741824
Narrow klass base: 0x00007f9fbf000000, Narrow klass shift: 0, Narrow klass range: 0x100000000

GC Precious Log:
 CPUs: 16 total, 16 available
 Memory: 7862M
 Large Page Support: Disabled
 NUMA Support: Disabled
 Compressed Oops: Enabled (32-bit)
 Heap Region Size: 1M
 Heap Min Capacity: 8M
 Heap Initial Capacity: 124M
 Heap Max Capacity: 1966M
 Pre-touch: Disabled
 Parallel Workers: 13
 Concurrent Workers: 3
 Concurrent Refinement Workers: 13
 Periodic GC: Disabled

Heap:
 garbage-first heap   total 129024K, used 78242K [0x0000000085200000, 0x0000000100000000)
  region size 1024K, 73 young (74752K), 5 survivors (5120K)
 Metaspace       used 17219K, committed 17472K, reserved 1114112K
  class space    used 1709K, committed 1856K, reserved 1048576K

Heap Regions: E=young(eden), S=young(survivor), O=old, HS=humongous(starts), HC=humongous(continues), CS=collection set, F=free, OA=open archive, CA=closed archive, TAMS=top-at-mark-start (previous, next)
|   0|0x0000000085200000, 0x0000000085300000, 0x0000000085300000|100%| O|  |TAMS 0x0000000085200000, 0x0000000085200000| Untracked 
|   1|0x0000000085300000, 0x000000008538aa00, 0x0000000085400000| 54%| O|  |TAMS 0x0000000085300000, 0x0000000085300000| Untracked 
|   2|0x0000000085400000, 0x0000000085500000, 0x0000000085500000|100%|HS|  |TAMS 0x0000000085400000, 0x0000000085400000| Complete 
|   3|0x0000000085500000, 0x0000000085600000, 0x0000000085600000|100%|HC|  |TAMS 0x0000000085500000, 0x0000000085500000| Complete 
|   4|0x0000000085600000, 0x0000000085600000, 0x0000000085700000|  0%| F|  |TAMS 0x0000000085600000, 0x0000000085600000| Untracked 
|   5|0x0000000085700000, 0x0000000085700000, 0x0000000085800000|  0%| F|  |TAMS 0x0000000085700000, 0x0000000085700000| Untracked 
|   6|0x0000000085800000, 0x0000000085800000, 0x0000000085900000|  0%| F|  |TAMS 0x0000000085800000, 0x0000000085800000| Untracked 
|   7|0x0000000085900000, 0x0000000085900000, 0x0000000085a00000|  0%| F|  |TAMS 0x0000000085900000, 0x0000000085900000| Untracked 
|   8|0x0000000085a00000, 0x0000000085a00000, 0x0000000085b00000|  0%| F|  |TAMS 0x0000000085a00000, 0x0000000085a00000| Untracked 
|   9|0x0000000085b00000, 0x0000000085b00000, 0x0000000085c00000|  0%| F|  |TAMS 0x0000000085b00000, 0x0000000085b00000| Untracked 
|  10|0x0000000085c00000, 0x0000000085c00000, 0x0000000085d00000|  0%| F|  |TAMS 0x0000000085c00000, 0x0000000085c00000| Untracked 
|  11|0x0000000085d00000, 0x0000000085d00000, 0x0000000085e00000|  0%| F|  |TAMS 0x0000000085d00000, 0x0000000085d00000| Untracked 
|  12|0x0000000085e00000, 0x0000000085e00000, 0x0000000085f00000|  0%| F|  |TAMS 0x0000000085e00000, 0x0000000085e00000| Untracked 
|  13|0x0000000085f00000, 0x0000000085f00000, 0x0000000086000000|  0%| F|  |TAMS 0x0000000085f00000, 0x0000000085f00000| Untracked 
|  14|0x0000000086000000, 0x0000000086000000, 0x0000000086100000|  0%| F|  |TAMS 0x0000000086000000, 0x0000000086000000| Untracked 
|  15|0x0000000086100000, 0x0000000086100000, 0x0000000086200000|  0%| F|  |TAMS 0x0000000086100000, 0x0000000086100000| Untracked 
|  16|0x0000000086200000, 0x0000000086200000, 0x0000000086300000|  0%| F|  |TAMS 0x0000000086200000, 0x0000000086200000| Untracked 
|  17|0x0000000086300000, 0x0000000086300000, 0x0000000086400000|  0%| F|  |TAMS 0x0000000086300000, 0x0000000086300000| Untracked 
|  18|0x0000000086400000, 0x0000000086400000, 0x0000000086500000|  0%| F|  |TAMS 0x0000000086400000, 0x0000000086400000| Untracked 
|  19|0x0000000086500000, 0x0000000086500000, 0x0000000086600000|  0%| F|  |TAMS 0x0000000086500000, 0x0000000086500000| Untracked 
|  20|0x0000000086600000, 0x0000000086600000, 0x0000000086700000|  0%| F|  |TAMS 0x0000000086600000, 0x0000000086600000| Untracked 
|  21|0x0000000086700000, 0x0000000086700000, 0x0000000086800000|  0%| F|  |TAMS 0x0000000086700000, 0x0000000086700000| Untracked 
|  22|0x0000000086800000, 0x0000000086800000, 0x0000000086900000|  0%| F|  |TAMS 0x0000000086800000, 0x0000000086800000| Untracked 
|  23|0x0000000086900000, 0x0000000086900000, 0x0000000086a00000|  0%| F|  |TAMS 0x0000000086900000, 0x0000000086900000| Untracked 
|  24|0x0000000086a00000, 0x0000000086a00000, 0x0000000086b00000|  0%| F|  |TAMS 0x0000000086a00000, 0x0000000086a00000| Untracked 
|  25|0x0000000086b00000, 0x0000000086b00000, 0x0000000086c00000|  0%| F|  |TAMS 0x0000000086b00000, 0x0000000086b00000| Untracked 
|  26|0x0000000086c00000, 0x0000000086c00000, 0x0000000086d00000|  0%| F|  |TAMS 0x0000000086c00000, 0x0000000086c00000| Untracked 
|  27|0x0000000086d00000, 0x0000000086d00000, 0x0000000086e00000|  0%| F|  |TAMS 0x0000000086d00000, 0x0000000086d00000| Untracked 
|  28|0x0000000086e00000, 0x0000000086e00000, 0x0000000086f00000|  0%| F|  |TAMS 0x0000000086e00000, 0x0000000086e00000| Untracked 
|  29|0x0000000086f00000, 0x0000000086f00000, 0x0000000087000000|  0%| F|  |TAMS 0x0000000086f00000, 0x0000000086f00000| Untracked 
|  30|0x0000000087000000, 0x0000000087000000, 0x0000000087100000|  0%| F|  |TAMS 0x0000000087000000, 0x0000000087000000| Untracked 
|  31|0x0000000087100000, 0x0000000087100000, 0x0000000087200000|  0%| F|  |TAMS 0x0000000087100000, 0x0000000087100000| Untracked 
|  32|0x0000000087200000, 0x0000000087200000, 0x0000000087300000|  0%| F|  |TAMS 0x0000000087200000, 0x0000000087200000| Untracked 
|  33|0x0000000087300000, 0x0000000087300000, 0x0000000087400000|  0%| F|  |TAMS 0x0000000087300000, 0x0000000087300000| Untracked 
|  34|0x0000000087400000, 0x0000000087400000, 0x0000000087500000|  0%| F|  |TAMS 0x0000000087400000, 0x0000000087400000| Untracked 
|  35|0x0000000087500000, 0x0000000087500000, 0x0000000087600000|  0%| F|  |TAMS 0x0000000087500000, 0x0000000087500000| Untracked 
|  36|0x0000000087600000, 0x0000000087600000, 0x0000000087700000|  0%| F|  |TAMS 0x0000000087600000, 0x0000000087600000| Untracked 
|  37|0x0000000087700000, 0x0000000087700000, 0x0000000087800000|  0%| F|  |TAMS 0x0000000087700000, 0x0000000087700000| Untracked 
|  38|0x0000000087800000, 0x0000000087800000, 0x0000000087900000|  0%| F|  |TAMS 0x0000000087800000, 0x0000000087800000| Untracked 
|  39|0x0000000087900000, 0x0000000087900000, 0x0000000087a00000|  0%| F|  |TAMS 0x0000000087900000, 0x0000000087900000| Untracked 
|  40|0x0000000087a00000, 0x0000000087a00000, 0x0000000087b00000|  0%| F|  |TAMS 0x0000000087a00000, 0x0000000087a00000| Untracked 
|  41|0x0000000087b00000, 0x0000000087b00000, 0x0000000087c00000|  0%| F|  |TAMS 0x0000000087b00000, 0x0000000087b00000| Untracked 
|  42|0x0000000087c00000, 0x0000000087c00000, 0x0000000087d00000|  0%| F|  |TAMS 0x0000000087c00000, 0x0000000087c00000| Untracked 
|  43|0x0000000087d00000, 0x0000000087d00000, 0x0000000087e00000|  0%| F|  |TAMS 0x0000000087d00000, 0x0000000087d00000| Untracked 
|  44|0x0000000087e00000, 0x0000000087e00000, 0x0000000087f00000|  0%| F|  |TAMS 0x0000000087e00000, 0x0000000087e00000| Untracked 
|  45|0x0000000087f00000, 0x0000000087f00000, 0x0000000088000000|  0%| F|  |TAMS 0x0000000087f00000, 0x0000000087f00000| Untracked 
|  46|0x0000000088000000, 0x0000000088000000, 0x0000000088100000|  0%| F|  |TAMS 0x0000000088000000, 0x0000000088000000| Untracked 
|  47|0x0000000088100000, 0x0000000088100000, 0x0000000088200000|  0%| F|  |TAMS 0x0000000088100000, 0x0000000088100000| Untracked 
|  48|0x0000000088200000, 0x0000000088200000, 0x0000000088300000|  0%| F|  |TAMS 0x0000000088200000, 0x0000000088200000| Untracked 
|  49|0x0000000088300000, 0x0000000088300000, 0x0000000088400000|  0%| F|  |TAMS 0x0000000088300000, 0x0000000088300000| Untracked 
|  50|0x0000000088400000, 0x0000000088400000, 0x0000000088500000|  0%| F|  |TAMS 0x0000000088400000, 0x0000000088400000| Untracked 
|  51|0x0000000088500000, 0x0000000088600000, 0x0000000088600000|100%| E|  |TAMS 0x0000000088500000, 0x0000000088500000| Complete 
|  52|0x0000000088600000, 0x0000000088700000, 0x0000000088700000|100%| E|CS|TAMS 0x0000000088600000, 0x0000000088600000| Complete 
|  53|0x0000000088700000, 0x0000000088800000, 0x0000000088800000|100%| E|CS|TAMS 0x0000000088700000, 0x0000000088700000| Complete 
|  54|0x0000000088800000, 0x0000000088900000, 0x0000000088900000|100%| E|CS|TAMS 0x0000000088800000, 0x0000000088800000| Complete 
|  55|0x0000000088900000, 0x0000000088a00000, 0x0000000088a00000|100%| E|CS|TAMS 0x0000000088900000, 0x0000000088900000| Complete 
|  56|0x0000000088a00000, 0x0000000088b00000, 0x0000000088b00000|100%| E|CS|TAMS 0x0000000088a00000, 0x0000000088a00000| Complete 
|  57|0x0000000088b00000, 0x0000000088c00000, 0x0000000088c00000|100%| E|CS|TAMS 0x0000000088b00000, 0x0000000088b00000| Complete 
|  58|0x0000000088c00000, 0x0000000088d00000, 0x0000000088d00000|100%| E|CS|TAMS 0x0000000088c00000, 0x0000000088c00000| Complete 
|  59|0x0000000088d00000, 0x0000000088e00000, 0x0000000088e00000|100%| E|CS|TAMS 0x0000000088d00000, 0x0000000088d00000| Complete 
|  60|0x0000000088e00000, 0x0000000088f00000, 0x0000000088f00000|100%| E|CS|TAMS 0x0000000088e00000, 0x0000000088e00000| Complete 
|  61|0x0000000088f00000, 0x0000000089000000, 0x0000000089000000|100%| E|CS|TAMS 0x0000000088f00000, 0x0000000088f00000| Complete 
|  62|0x0000000089000000, 0x0000000089100000, 0x0000000089100000|100%| E|CS|TAMS 0x0000000089000000, 0x0000000089000000| Complete 
|  63|0x0000000089100000, 0x0000000089200000, 0x0000000089200000|100%| E|CS|TAMS 0x0000000089100000, 0x0000000089100000| Complete 
|  64|0x0000000089200000, 0x0000000089300000, 0x0000000089300000|100%| E|CS|TAMS 0x0000000089200000, 0x0000000089200000| Complete 
|  65|0x0000000089300000, 0x0000000089400000, 0x0000000089400000|100%| E|CS|TAMS 0x0000000089300000, 0x0000000089300000| Complete 
|  66|0x0000000089400000, 0x0000000089500000, 0x0000000089500000|100%| E|CS|TAMS 0x0000000089400000, 0x0000000089400000| Complete 
|  67|0x0000000089500000, 0x0000000089600000, 0x0000000089600000|100%| E|CS|TAMS 0x0000000089500000, 0x0000000089500000| Complete 
|  68|0x0000000089600000, 0x0000000089700000, 0x0000000089700000|100%| E|CS|TAMS 0x0000000089600000, 0x0000000089600000| Complete 
|  69|0x0000000089700000, 0x0000000089800000, 0x0000000089800000|100%| E|CS|TAMS 0x0000000089700000, 0x0000000089700000| Complete 
|  70|0x0000000089800000, 0x0000000089900000, 0x0000000089900000|100%| E|CS|TAMS 0x0000000089800000, 0x0000000089800000| Complete 
|  71|0x0000000089900000, 0x0000000089a00000, 0x0000000089a00000|100%| E|CS|TAMS 0x0000000089900000, 0x0000000089900000| Complete 
|  72|0x0000000089a00000, 0x0000000089b00000, 0x0000000089b00000|100%| E|CS|TAMS 0x0000000089a00000, 0x0000000089a00000| Complete 
|  73|0x0000000089b00000, 0x0000000089c00000, 0x0000000089c00000|100%| E|CS|TAMS 0x0000000089b00000, 0x0000000089b00000| Complete 
|  74|0x0000000089c00000, 0x0000000089d00000, 0x0000000089d00000|100%| E|CS|TAMS 0x0000000089c00000, 0x0000000089c00000| Complete 
|  75|0x0000000089d00000, 0x0000000089e00000, 0x0000000089e00000|100%| E|CS|TAMS 0x0000000089d00000, 0x0000000089d00000| Complete 
|  76|0x0000000089e00000, 0x0000000089f00000, 0x0000000089f00000|100%| E|CS|TAMS 0x0000000089e00000, 0x0000000089e00000| Complete 
|  77|0x0000000089f00000, 0x0000000089ff2060, 0x000000008a000000| 94%| S|CS|TAMS 0x0000000089f00000, 0x0000000089f00000| Complete 
|  78|0x000000008a000000, 0x000000008a100000, 0x000000008a100000|100%| S|CS|TAMS 0x000000008a000000, 0x000000008a000000| Complete 
|  79|0x000000008a100000, 0x000000008a200000, 0x000000008a200000|100%| S|CS|TAMS 0x000000008a100000, 0x000000008a100000| Complete 
|  80|0x000000008a200000, 0x000000008a300000, 0x000000008a300000|100%| S|CS|TAMS 0x000000008a200000, 0x000000008a200000| Complete 
|  81|0x000000008a300000, 0x000000008a400000, 0x000000008a400000|100%| S|CS|TAMS 0x000000008a300000, 0x000000008a300000| Complete 
|  82|0x000000008a400000, 0x000000008a500000, 0x000000008a500000|100%| E|CS|TAMS 0x000000008a400000, 0x000000008a400000| Complete 
|  83|0x000000008a500000, 0x000000008a600000, 0x000000008a600000|100%| E|CS|TAMS 0x000000008a500000, 0x000000008a500000| Complete 
|  84|0x000000008a600000, 0x000000008a700000, 0x000000008a700000|100%| E|CS|TAMS 0x000000008a600000, 0x000000008a600000| Complete 
|  85|0x000000008a700000, 0x000000008a800000, 0x000000008a800000|100%| E|CS|TAMS 0x000000008a700000, 0x000000008a700000| Complete 
|  86|0x000000008a800000, 0x000000008a900000, 0x000000008a900000|100%| E|CS|TAMS 0x000000008a800000, 0x000000008a800000| Complete 
|  87|0x000000008a900000, 0x000000008aa00000, 0x000000008aa00000|100%| E|CS|TAMS 0x000000008a900000, 0x000000008a900000| Complete 
|  88|0x000000008aa00000, 0x000000008ab00000, 0x000000008ab00000|100%| E|CS|TAMS 0x000000008aa00000, 0x000000008aa00000| Complete 
|  89|0x000000008ab00000, 0x000000008ac00000, 0x000000008ac00000|100%| E|CS|TAMS 0x000000008ab00000, 0x000000008ab00000| Complete 
|  90|0x000000008ac00000, 0x000000008ad00000, 0x000000008ad00000|100%| E|CS|TAMS 0x000000008ac00000, 0x000000008ac00000| Complete 
|  91|0x000000008ad00000, 0x000000008ae00000, 0x000000008ae00000|100%| E|CS|TAMS 0x000000008ad00000, 0x000000008ad00000| Complete 
|  92|0x000000008ae00000, 0x000000008af00000, 0x000000008af00000|100%| E|CS|TAMS 0x000000008ae00000, 0x000000008ae00000| Complete 
|  93|0x000000008af00000, 0x000000008b000000, 0x000000008b000000|100%| E|CS|TAMS 0x000000008af00000, 0x000000008af00000| Complete 
|  94|0x000000008b000000, 0x000000008b100000, 0x000000008b100000|100%| E|CS|TAMS 0x000000008b000000, 0x000000008b000000| Complete 
|  95|0x000000008b100000, 0x000000008b200000, 0x000000008b200000|100%| E|CS|TAMS 0x000000008b100000, 0x000000008b100000| Complete 
|  96|0x000000008b200000, 0x000000008b300000, 0x000000008b300000|100%| E|CS|TAMS 0x000000008b200000, 0x000000008b200000| Complete 
|  97|0x000000008b300000, 0x000000008b400000, 0x000000008b400000|100%| E|CS|TAMS 0x000000008b300000, 0x000000008b300000| Complete 
|  98|0x000000008b400000, 0x000000008b500000, 0x000000008b500000|100%| E|CS|TAMS 0x000000008b400000, 0x000000008b400000| Complete 
|  99|0x000000008b500000, 0x000000008b600000, 0x000000008b600000|100%| E|CS|TAMS 0x000000008b500000, 0x000000008b500000| Complete 
| 100|0x000000008b600000, 0x000000008b700000, 0x000000008b700000|100%| E|CS|TAMS 0x000000008b600000, 0x000000008b600000| Complete 
| 101|0x000000008b700000, 0x000000008b800000, 0x000000008b800000|100%| E|CS|TAMS 0x000000008b700000, 0x000000008b700000| Complete 
| 102|0x000000008b800000, 0x000000008b900000, 0x000000008b900000|100%| E|CS|TAMS 0x000000008b800000, 0x000000008b800000| Complete 
| 103|0x000000008b900000, 0x000000008ba00000, 0x000000008ba00000|100%| E|CS|TAMS 0x000000008b900000, 0x000000008b900000| Complete 
| 104|0x000000008ba00000, 0x000000008bb00000, 0x000000008bb00000|100%| E|CS|TAMS 0x000000008ba00000, 0x000000008ba00000| Complete 
| 105|0x000000008bb00000, 0x000000008bc00000, 0x000000008bc00000|100%| E|CS|TAMS 0x000000008bb00000, 0x000000008bb00000| Complete 
| 106|0x000000008bc00000, 0x000000008bd00000, 0x000000008bd00000|100%| E|CS|TAMS 0x000000008bc00000, 0x000000008bc00000| Complete 
| 107|0x000000008bd00000, 0x000000008be00000, 0x000000008be00000|100%| E|CS|TAMS 0x000000008bd00000, 0x000000008bd00000| Complete 
| 108|0x000000008be00000, 0x000000008bf00000, 0x000000008bf00000|100%| E|CS|TAMS 0x000000008be00000, 0x000000008be00000| Complete 
| 109|0x000000008bf00000, 0x000000008c000000, 0x000000008c000000|100%| E|CS|TAMS 0x000000008bf00000, 0x000000008bf00000| Complete 
| 110|0x000000008c000000, 0x000000008c100000, 0x000000008c100000|100%| E|CS|TAMS 0x000000008c000000, 0x000000008c000000| Complete 
| 111|0x000000008c100000, 0x000000008c200000, 0x000000008c200000|100%| E|CS|TAMS 0x000000008c100000, 0x000000008c100000| Complete 
| 112|0x000000008c200000, 0x000000008c300000, 0x000000008c300000|100%| E|CS|TAMS 0x000000008c200000, 0x000000008c200000| Complete 
| 113|0x000000008c300000, 0x000000008c400000, 0x000000008c400000|100%| E|CS|TAMS 0x000000008c300000, 0x000000008c300000| Complete 
| 114|0x000000008c400000, 0x000000008c500000, 0x000000008c500000|100%| E|CS|TAMS 0x000000008c400000, 0x000000008c400000| Complete 
| 115|0x000000008c500000, 0x000000008c600000, 0x000000008c600000|100%| E|CS|TAMS 0x000000008c500000, 0x000000008c500000| Complete 
| 116|0x000000008c600000, 0x000000008c700000, 0x000000008c700000|100%| E|CS|TAMS 0x000000008c600000, 0x000000008c600000| Complete 
| 117|0x000000008c700000, 0x000000008c800000, 0x000000008c800000|100%| E|CS|TAMS 0x000000008c700000, 0x000000008c700000| Complete 
| 118|0x000000008c800000, 0x000000008c900000, 0x000000008c900000|100%| E|CS|TAMS 0x000000008c800000, 0x000000008c800000| Complete 
| 119|0x000000008c900000, 0x000000008ca00000, 0x000000008ca00000|100%| E|CS|TAMS 0x000000008c900000, 0x000000008c900000| Complete 
| 120|0x000000008ca00000, 0x000000008cb00000, 0x000000008cb00000|100%| E|CS|TAMS 0x000000008ca00000, 0x000000008ca00000| Complete 
| 121|0x000000008cb00000, 0x000000008cc00000, 0x000000008cc00000|100%| E|CS|TAMS 0x000000008cb00000, 0x000000008cb00000| Complete 
| 122|0x000000008cc00000, 0x000000008cd00000, 0x000000008cd00000|100%| E|CS|TAMS 0x000000008cc00000, 0x000000008cc00000| Complete 
| 123|0x000000008cd00000, 0x000000008ce00000, 0x000000008ce00000|100%| E|CS|TAMS 0x000000008cd00000, 0x000000008cd00000| Complete 
|1964|0x00000000ffe00000, 0x00000000ffe75000, 0x00000000fff00000| 45%|OA|  |TAMS 0x00000000ffe00000, 0x00000000ffe00000| Untracked 
|1965|0x00000000fff00000, 0x00000000fff77000, 0x0000000100000000| 46%|CA|  |TAMS 0x00000000fff00000, 0x00000000fff00000| Untracked 

Card table byte_map: [0x00007fa03c4b9000,0x00007fa03c890000] _byte_map_base: 0x00007fa03c090000

Marking Bits (Prev, Next): (CMBitMap*) 0x00007fa038075f00, (CMBitMap*) 0x00007fa038075f40
 Prev Bits: [0x00007fa01f6ad000, 0x00007fa021565000)
 Next Bits: [0x00007fa01d7f5000, 0x00007fa01f6ad000)

Polling page: 0x00007fa03f615000

Metaspace:

Usage:
  Non-class:     15.15 MB used.
      Class:      1.67 MB used.
       Both:     16.82 MB used.

Virtual space:
  Non-class space:       64.00 MB reserved,      15.25 MB ( 24%) committed,  1 nodes.
      Class space:        1.00 GB reserved,       1.81 MB ( <1%) committed,  1 nodes.
             Both:        1.06 GB reserved,      17.06 MB (  2%) committed. 

Chunk freelists:
   Non-Class:  15.88 MB
       Class:  14.22 MB
        Both:  30.10 MB

MaxMetaspaceSize: unlimited
CompressedClassSpaceSize: 1.00 GB
Initial GC threshold: 21.00 MB
Current GC threshold: 21.00 MB
CDS: on
MetaspaceReclaimPolicy: balanced
 - commit_granule_bytes: 65536.
 - commit_granule_words: 8192.
 - virtual_space_node_default_size: 8388608.
 - enlarge_chunks_in_place: 1.
 - new_chunks_are_fully_committed: 0.
 - uncommit_free_chunks: 1.
 - use_allocation_guard: 0.
 - handle_deallocations: 1.


Internal statistics:

num_allocs_failed_limit: 0.
num_arena_births: 230.
num_arena_deaths: 0.
num_vsnodes_births: 2.
num_vsnodes_deaths: 0.
num_space_committed: 273.
num_space_uncommitted: 0.
num_chunks_returned_to_freelist: 0.
num_chunks_taken_from_freelist: 715.
num_chunk_merges: 0.
num_chunk_splits: 522.
num_chunks_enlarged: 423.
num_inconsistent_stats: 0.

CodeHeap 'non-profiled nmethods': size=119168Kb used=991Kb max_used=991Kb free=118176Kb
 bounds [0x00007fa029105000, 0x00007fa029375000, 0x00007fa030565000]
CodeHeap 'profiled nmethods': size=119164Kb used=5064Kb max_used=5064Kb free=114099Kb
 bounds [0x00007fa021565000, 0x00007fa021a65000, 0x00007fa0289c4000]
CodeHeap 'non-nmethods': size=7428Kb used=2949Kb max_used=2980Kb free=4479Kb
 bounds [0x00007fa0289c4000, 0x00007fa028cb4000, 0x00007fa029105000]
 total_blobs=3319 nmethods=2743 adapters=486
 compilation: enabled
              stopped_count=0, restarted_count=0
 full_count=0

Compilation events (20 events):
Event: 5.120 Thread 0x00007fa0381530d0 2758       3       org.apache.kafka.clients.producer.internals.ProducerBatch::hasLeaderChangedForTheOngoingRetry (36 bytes)
Event: 5.120 Thread 0x00007f9f80035a70 nmethod 2757 0x00007fa021a47f10 code [0x00007fa021a480a0, 0x00007fa021a481f0]
Event: 5.120 Thread 0x00007f9f80035a70 2759       3       org.apache.kafka.clients.producer.internals.ProducerBatch::waitedTimeMs (11 bytes)
Event: 5.120 Thread 0x00007fa0381530d0 nmethod 2758 0x00007fa021a48290 code [0x00007fa021a48440, 0x00007fa021a486d0]
Event: 5.120 Thread 0x00007fa0381530d0 2760       3       org.apache.kafka.clients.producer.internals.RecordAccumulator::shouldBackoff (152 bytes)
Event: 5.120 Thread 0x00007f9f80035a70 nmethod 2759 0x00007fa021a48790 code [0x00007fa021a48940, 0x00007fa021a48af0]
Event: 5.120 Thread 0x00007f9fa4395960 nmethod 2755 0x00007fa021a48b90 code [0x00007fa021a48dc0, 0x00007fa021a49630]
Event: 5.121 Thread 0x00007f9fa4395960 2761   !   3       org.apache.kafka.common.record.RecordBatchIterator::makeNext (46 bytes)
Event: 5.121 Thread 0x00007f9f80035a70 2762       3       org.apache.kafka.common.record.ByteBufferLogInputStream::nextBatch (5 bytes)
Event: 5.122 Thread 0x00007f9f9804c3f0 nmethod 2756 0x00007fa021a49910 code [0x00007fa021a49c40, 0x00007fa021a4b950]
Event: 5.122 Thread 0x00007fa0381530d0 nmethod 2760 0x00007fa021a4c010 code [0x00007fa021a4c2a0, 0x00007fa021a4d230]
Event: 5.122 Thread 0x00007fa0381530d0 2763       3       org.apache.kafka.common.record.ByteBufferLogInputStream::nextBatch (109 bytes)
Event: 5.122 Thread 0x00007f9f9804c3f0 2765       3       java.util.IdentityHashMap::put (137 bytes)
Event: 5.122 Thread 0x00007f9f80035a70 nmethod 2762 0x00007fa021a4d690 code [0x00007fa021a4d840, 0x00007fa021a4d980]
Event: 5.122 Thread 0x00007f9f80035a70 2764       3       org.apache.kafka.common.record.ByteBufferLogInputStream::nextBatchSize (171 bytes)
Event: 5.123 Thread 0x00007f9fa4395960 nmethod 2761 0x00007fa021a4da10 code [0x00007fa021a4dc20, 0x00007fa021a4e1a0]
Event: 5.123 Thread 0x00007f9fa4395960 2766       1       org.apache.kafka.common.requests.AbstractRequest$Builder::apiKey (5 bytes)
Event: 5.123 Thread 0x00007f9fa4395960 nmethod 2766 0x00007fa0291fc910 code [0x00007fa0291fcaa0, 0x00007fa0291fcb70]
Event: 5.123 Thread 0x00007f9f9804c3f0 nmethod 2765 0x00007fa021a4e410 code [0x00007fa021a4e640, 0x00007fa021a4f110]
Event: 5.124 Thread 0x00007fa0381530d0 nmethod 2763 0x00007fa021a4f490 code [0x00007fa021a4f6e0, 0x00007fa021a50010]

GC Heap History (4 events):
Event: 0.272 GC heap before
{Heap before GC invocations=0 (full 0):
 garbage-first heap   total 129024K, used 23472K [0x0000000085200000, 0x0000000100000000)
  region size 1024K, 23 young (23552K), 0 survivors (0K)
 Metaspace       used 7566K, committed 7744K, reserved 1114112K
  class space    used 745K, committed 832K, reserved 1048576K
}
Event: 0.274 GC heap after
{Heap after GC invocations=1 (full 0):
 garbage-first heap   total 129024K, used 5594K [0x0000000085200000, 0x0000000100000000)
  region size 1024K, 3 young (3072K), 3 survivors (3072K)
 Metaspace       used 7566K, committed 7744K, reserved 1114112K
  class space    used 745K, committed 832K, reserved 1048576K
}
Event: 3.565 GC heap before
{Heap before GC invocations=1 (full 0):
 garbage-first heap   total 129024K, used 47578K [0x0000000085200000, 0x0000000100000000)
  region size 1024K, 42 young (43008K), 3 survivors (3072K)
 Metaspace       used 16359K, committed 16640K, reserved 1114112K
  class space    used 1653K, committed 1792K, reserved 1048576K
}
Event: 3.569 GC heap after
{Heap after GC invocations=2 (full 0):
 garbage-first heap   total 129024K, used 9634K [0x0000000085200000, 0x0000000100000000)
  region size 1024K, 5 young (5120K), 5 survivors (5120K)
 Metaspace       used 16359K, committed 16640K, reserved 1114112K
  class space    used 1653K, committed 1792K, reserved 1048576K
}

Dll operation events (12 events):
Event: 0.001 Loaded shared library /usr/lib/jvm/java-17-openjdk-amd64/lib/libjava.so
Event: 0.008 Loaded shared library /usr/lib/jvm/java-17-openjdk-amd64/lib/libjsvml.so
Event: 0.023 Loaded shared library /usr/lib/jvm/java-17-openjdk-amd64/lib/libzip.so
Event: 0.024 Loaded shared library /usr/lib/jvm/java-17-openjdk-amd64/lib/libnio.so
Event: 0.025 Loaded shared library /usr/lib/jvm/java-17-openjdk-amd64/lib/libjimage.so
Event: 0.061 Loaded shared library /usr/lib/jvm/java-17-openjdk-amd64/lib/libverify.so
Event: 0.128 Loaded shared library /usr/lib/jvm/java-17-openjdk-amd64/lib/libmanagement.so
Event: 0.132 Loaded shared library /usr/lib/jvm/java-17-openjdk-amd64/lib/libmanagement_ext.so
Event: 0.148 Loaded shared library /usr/lib/jvm/java-17-openjdk-amd64/lib/libnet.so
Event: 0.373 Loaded shared library /usr/lib/jvm/java-17-openjdk-amd64/lib/libextnet.so
Event: 3.527 Loaded shared library /tmp/liblz4-java-5251896341511376064.so
Event: 5.056 Loaded shared library /usr/lib/libsharedmemory.so

Deoptimization events (20 events):
Event: 5.070 Thread 0x00007fa038019ee0 Uncommon trap: trap_request=0xffffffde fr.pc=0x00007fa0291d46b0 relative=0x0000000000000110
Event: 5.070 Thread 0x00007fa038019ee0 Uncommon trap: reason=class_check action=maybe_recompile pc=0x00007fa0291d46b0 method=jdk.internal.misc.Unsafe.allocateUninitializedArray(Ljava/lang/Class;I)Ljava/lang/Object; @ 51 c2
Event: 5.070 Thread 0x00007fa038019ee0 DEOPT PACKING pc=0x00007fa0291d46b0 sp=0x00007fa03dc89c70
Event: 5.071 Thread 0x00007fa038019ee0 DEOPT UNPACKING pc=0x00007fa028a1a699 sp=0x00007fa03dc89c18 mode 2
Event: 5.071 Thread 0x00007fa038019ee0 Uncommon trap: trap_request=0xffffffde fr.pc=0x00007fa0291d46b0 relative=0x0000000000000110
Event: 5.071 Thread 0x00007fa038019ee0 Uncommon trap: reason=class_check action=maybe_recompile pc=0x00007fa0291d46b0 method=jdk.internal.misc.Unsafe.allocateUninitializedArray(Ljava/lang/Class;I)Ljava/lang/Object; @ 51 c2
Event: 5.071 Thread 0x00007fa038019ee0 DEOPT PACKING pc=0x00007fa0291d46b0 sp=0x00007fa03dc89870
Event: 5.071 Thread 0x00007fa038019ee0 DEOPT UNPACKING pc=0x00007fa028a1a699 sp=0x00007fa03dc89818 mode 2
Event: 5.076 Thread 0x00007fa038026d70 Uncommon trap: trap_request=0xffffffde fr.pc=0x00007fa0291d46b0 relative=0x0000000000000110
Event: 5.076 Thread 0x00007fa038026d70 Uncommon trap: reason=class_check action=maybe_recompile pc=0x00007fa0291d46b0 method=jdk.internal.misc.Unsafe.allocateUninitializedArray(Ljava/lang/Class;I)Ljava/lang/Object; @ 51 c2
Event: 5.076 Thread 0x00007fa038026d70 DEOPT PACKING pc=0x00007fa0291d46b0 sp=0x00007fa00c9fe360
Event: 5.076 Thread 0x00007fa038026d70 DEOPT UNPACKING pc=0x00007fa028a1a699 sp=0x00007fa00c9fe308 mode 2
Event: 5.076 Thread 0x00007fa038026d70 Uncommon trap: trap_request=0xffffffde fr.pc=0x00007fa0291d46b0 relative=0x0000000000000110
Event: 5.076 Thread 0x00007fa038026d70 Uncommon trap: reason=class_check action=maybe_recompile pc=0x00007fa0291d46b0 method=jdk.internal.misc.Unsafe.allocateUninitializedArray(Ljava/lang/Class;I)Ljava/lang/Object; @ 51 c2
Event: 5.076 Thread 0x00007fa038026d70 DEOPT PACKING pc=0x00007fa0291d46b0 sp=0x00007fa00c9fe440
Event: 5.076 Thread 0x00007fa038026d70 DEOPT UNPACKING pc=0x00007fa028a1a699 sp=0x00007fa00c9fe3e8 mode 2
Event: 5.082 Thread 0x00007fa038019ee0 Uncommon trap: trap_request=0xffffff45 fr.pc=0x00007fa0291f0e48 relative=0x0000000000000228
Event: 5.082 Thread 0x00007fa038019ee0 Uncommon trap: reason=unstable_if action=reinterpret pc=0x00007fa0291f0e48 method=org.apache.kafka.common.utils.Utils.murmur2([B)I @ 145 c2
Event: 5.082 Thread 0x00007fa038019ee0 DEOPT PACKING pc=0x00007fa0291f0e48 sp=0x00007fa03dc8d410
Event: 5.082 Thread 0x00007fa038019ee0 DEOPT UNPACKING pc=0x00007fa028a1a699 sp=0x00007fa03dc8d390 mode 2

Classes loaded (20 events):
Event: 3.536 Loading class java/util/regex/Pattern$SliceS
Event: 3.536 Loading class java/util/regex/Pattern$SliceS done
Event: 3.539 Loading class jdk/internal/math/FormattedFloatingDecimal$Form
Event: 3.539 Loading class jdk/internal/math/FormattedFloatingDecimal$Form done
Event: 3.539 Loading class jdk/internal/math/FormattedFloatingDecimal
Event: 3.539 Loading class jdk/internal/math/FormattedFloatingDecimal done
Event: 3.539 Loading class jdk/internal/math/FormattedFloatingDecimal$1
Event: 3.539 Loading class jdk/internal/math/FormattedFloatingDecimal$1 done
Event: 3.539 Loading class jdk/internal/math/FormattedFloatingDecimal$2
Event: 3.539 Loading class jdk/internal/math/FormattedFloatingDecimal$2 done
Event: 3.548 Loading class jdk/internal/access/foreign/MemorySegmentProxy
Event: 3.548 Loading class jdk/internal/access/foreign/MemorySegmentProxy done
Event: 3.600 Loading class java/lang/Throwable$WrappedPrintStream
Event: 3.600 Loading class java/lang/Throwable$PrintStreamOrWriter
Event: 3.600 Loading class java/lang/Throwable$PrintStreamOrWriter done
Event: 3.600 Loading class java/lang/Throwable$WrappedPrintStream done
Event: 3.601 Loading class java/lang/StackTraceElement$HashedModules
Event: 3.601 Loading class java/lang/StackTraceElement$HashedModules done
Event: 5.044 Loading class java/io/DataOutputStream
Event: 5.044 Loading class java/io/DataOutputStream done

Classes unloaded (0 events):
No events

Classes redefined (0 events):
No events

Internal exceptions (20 events):
Event: 0.369 Thread 0x00007fa038165c20 Exception <a 'java/lang/NoSuchMethodError'{0x000000008bed2360}: 'int java.lang.invoke.DirectMethodHandle$Holder.invokeStaticInit(java.lang.Object, java.lang.Object, java.lang.Object)'> (0x000000008bed2360) 
thrown [./src/hotspot/share/interpreter/linkResolver.cpp, line 758]
Event: 0.392 Thread 0x00007fa038165c20 Exception <a 'java/lang/NoSuchMethodError'{0x000000008bba7518}: 'java.lang.Object java.lang.invoke.DirectMethodHandle$Holder.newInvokeSpecial(java.lang.Object, java.lang.Object, long)'> (0x000000008bba7518) 
thrown [./src/hotspot/share/interpreter/linkResolver.cpp, line 758]
Event: 0.392 Thread 0x00007fa038165c20 Exception <a 'java/lang/NoSuchMethodError'{0x000000008bbab088}: 'java.lang.Object java.lang.invoke.Invokers$Holder.linkToTargetMethod(java.lang.Object, long, java.lang.Object)'> (0x000000008bbab088) 
thrown [./src/hotspot/share/interpreter/linkResolver.cpp, line 758]
Event: 0.393 Thread 0x00007fa038165c20 Exception <a 'java/lang/NoSuchMethodError'{0x000000008bbb5168}: 'java.lang.Object java.lang.invoke.DirectMethodHandle$Holder.newInvokeSpecial(java.lang.Object, long, long)'> (0x000000008bbb5168) 
thrown [./src/hotspot/share/interpreter/linkResolver.cpp, line 758]
Event: 0.393 Thread 0x00007fa038165c20 Exception <a 'java/lang/NoSuchMethodError'{0x000000008bbb99a8}: 'int java.lang.invoke.DirectMethodHandle$Holder.invokeVirtual(java.lang.Object, java.lang.Object)'> (0x000000008bbb99a8) 
thrown [./src/hotspot/share/interpreter/linkResolver.cpp, line 758]
Event: 0.394 Thread 0x00007fa038165c20 Exception <a 'java/lang/NoSuchMethodError'{0x000000008bbcef20}: 'void java.lang.invoke.DirectMethodHandle$Holder.invokeSpecial(java.lang.Object, java.lang.Object, java.lang.Object)'> (0x000000008bbcef20) 
thrown [./src/hotspot/share/interpreter/linkResolver.cpp, line 758]
Event: 0.397 Thread 0x00007fa038165c20 Exception <a 'java/lang/NoSuchMethodError'{0x000000008ba13a18}: 'java.lang.Object java.lang.invoke.DirectMethodHandle$Holder.newInvokeSpecial(java.lang.Object, long)'> (0x000000008ba13a18) 
thrown [./src/hotspot/share/interpreter/linkResolver.cpp, line 758]
Event: 0.442 Thread 0x00007fa038165c20 Exception <a 'java/lang/NoSuchMethodError'{0x000000008b3bd4a0}: 'void java.lang.invoke.DirectMethodHandle$Holder.invokeStatic(java.lang.Object, int, java.lang.Object)'> (0x000000008b3bd4a0) 
thrown [./src/hotspot/share/interpreter/linkResolver.cpp, line 758]
Event: 0.447 Thread 0x00007fa038165c20 Exception <a 'java/lang/NoSuchMethodError'{0x000000008b207bd8}: 'java.lang.Object java.lang.invoke.DirectMethodHandle$Holder.invokeInterface(java.lang.Object, java.lang.Object, java.lang.Object)'> (0x000000008b207bd8) 
thrown [./src/hotspot/share/interpreter/linkResolver.cpp, line 758]
Event: 0.456 Thread 0x00007fa038165c20 Exception <a 'java/lang/NoSuchMethodError'{0x000000008b2ba538}: 'java.lang.Object java.lang.invoke.Invokers$Holder.invokeExact_MT(java.lang.Object, java.lang.Object, java.lang.Object, java.lang.Object, java.lang.Object, java.lang.Object)'> (0x000000008b2ba538) 
thrown [./src/hotspot/share/interpreter/linkResolver.cpp, line 758]
Event: 0.457 Thread 0x00007fa038165c20 Exception <a 'java/lang/NoSuchMethodError'{0x000000008b2ccde8}: 'java.lang.Object java.lang.invoke.DirectMethodHandle$Holder.invokeVirtual(java.lang.Object, java.lang.Object, java.lang.Object)'> (0x000000008b2ccde8) 
thrown [./src/hotspot/share/interpreter/linkResolver.cpp, line 758]
Event: 3.471 Thread 0x00007fa038165c20 Exception <a 'java/lang/NoSuchMethodError'{0x000000008b167a10}: 'void java.lang.invoke.DirectMethodHandle$Holder.invokeStatic(java.lang.Object, java.lang.Object, java.lang.Object, java.lang.Object, java.lang.Object, java.lang.Object)'> (0x000000008b167a10) 
thrown [./src/hotspot/share/interpreter/linkResolver.cpp, line 758]
Event: 3.493 Thread 0x00007fa038165c20 Exception <a 'java/lang/NoSuchMethodError'{0x000000008b0acfc8}: 'java.lang.Object java.lang.invoke.DirectMethodHandle$Holder.invokeVirtual(java.lang.Object, java.lang.Object, int)'> (0x000000008b0acfc8) 
thrown [./src/hotspot/share/interpreter/linkResolver.cpp, line 758]
Event: 3.509 Thread 0x00007fa038165c20 Exception <a 'java/lang/NoSuchMethodError'{0x000000008af8c758}: 'java.lang.Object java.lang.invoke.DirectMethodHandle$Holder.invokeSpecial(java.lang.Object, java.lang.Object, int, java.lang.Object, java.lang.Object)'> (0x000000008af8c758) 
thrown [./src/hotspot/share/interpreter/linkResolver.cpp, line 758]
Event: 3.591 Thread 0x00007fa038165c20 Implicit null exception at 0x00007fa0291a8937 to 0x00007fa0291a8d28
Event: 3.599 Thread 0x00007fa038165c20 Exception <a 'java/lang/NoSuchMethodError'{0x000000008c1ed670}: 'java.lang.Object java.lang.invoke.DirectMethodHandle$Holder.invokeSpecial(java.lang.Object, java.lang.Object, java.lang.Object, long, java.lang.Object)'> (0x000000008c1ed670) 
thrown [./src/hotspot/share/interpreter/linkResolver.cpp, line 758]
Event: 3.599 Thread 0x00007fa038165c20 Exception <a 'java/lang/NoSuchMethodError'{0x000000008c1f1240}: 'java.lang.Object java.lang.invoke.Invokers$Holder.linkToTargetMethod(java.lang.Object, long, java.lang.Object, java.lang.Object)'> (0x000000008c1f1240) 
thrown [./src/hotspot/share/interpreter/linkResolver.cpp, line 758]
Event: 5.038 Thread 0x00007fa038019ee0 Exception <a 'java/lang/NoSuchMethodError'{0x000000008bd2bc20}: 'double java.lang.invoke.DirectMethodHandle$Holder.invokeStatic(java.lang.Object, java.lang.Object, java.lang.Object, long)'> (0x000000008bd2bc20) 
thrown [./src/hotspot/share/interpreter/linkResolver.cpp, line 758]
Event: 5.040 Thread 0x00007fa038019ee0 Exception <a 'java/lang/NoSuchMethodError'{0x000000008bd5bc20}: 'java.lang.Object java.lang.invoke.DirectMethodHandle$Holder.invokeSpecial(java.lang.Object, java.lang.Object, int, long)'> (0x000000008bd5bc20) 
thrown [./src/hotspot/share/interpreter/linkResolver.cpp, line 758]
Event: 5.041 Thread 0x00007fa038019ee0 Exception <a 'java/lang/NoSuchMethodError'{0x000000008bd70458}: 'java.lang.Object java.lang.invoke.DirectMethodHandle$Holder.newInvokeSpecial(java.lang.Object, java.lang.Object, int)'> (0x000000008bd70458) 
thrown [./src/hotspot/share/interpreter/linkResolver.cpp, line 758]

VM Operations (20 events):
Event: 1.391 Executing VM operation: Cleanup
Event: 1.391 Executing VM operation: Cleanup done
Event: 2.391 Executing VM operation: Cleanup
Event: 2.391 Executing VM operation: Cleanup done
Event: 3.391 Executing VM operation: Cleanup
Event: 3.391 Executing VM operation: Cleanup done
Event: 3.475 Executing VM operation: HandshakeAllThreads
Event: 3.475 Executing VM operation: HandshakeAllThreads done
Event: 3.511 Executing VM operation: HandshakeAllThreads
Event: 3.511 Executing VM operation: HandshakeAllThreads done
Event: 3.520 Executing VM operation: HandshakeAllThreads
Event: 3.520 Executing VM operation: HandshakeAllThreads done
Event: 3.529 Executing VM operation: HandshakeAllThreads
Event: 3.529 Executing VM operation: HandshakeAllThreads done
Event: 3.536 Executing VM operation: HandshakeAllThreads
Event: 3.536 Executing VM operation: HandshakeAllThreads done
Event: 3.565 Executing VM operation: G1CollectForAllocation
Event: 3.569 Executing VM operation: G1CollectForAllocation done
Event: 4.569 Executing VM operation: Cleanup
Event: 4.570 Executing VM operation: Cleanup done

Memory protections (20 events):
Event: 0.032 Protecting memory [0x00007fa00d2f4000,0x00007fa00d2f8000] with protection modes 0
Event: 0.035 Protecting memory [0x00007fa00d1f3000,0x00007fa00d1f7000] with protection modes 0
Event: 0.450 Protecting memory [0x00007fa00cdef000,0x00007fa00cdf3000] with protection modes 0
Event: 3.533 Protecting memory [0x00007fa00d3f5000,0x00007fa00d3f9000] with protection modes 0
Event: 3.533 Protecting memory [0x00007fa00d2f4000,0x00007fa00d2f8000] with protection modes 0
Event: 3.538 Protecting memory [0x00007fa00d1f3000,0x00007fa00d1f7000] with protection modes 0
Event: 3.550 Protecting memory [0x00007fa00c900000,0x00007fa00c904000] with protection modes 0
Event: 3.554 Protecting memory [0x00007fa00c7ff000,0x00007fa00c803000] with protection modes 0
Event: 3.557 Protecting memory [0x00007fa00c6fe000,0x00007fa00c702000] with protection modes 0
Event: 3.576 Protecting memory [0x00007fa00c1f9000,0x00007fa00c1fd000] with protection modes 0
Event: 5.036 Protecting memory [0x00007fa00d1f3000,0x00007fa00d1f7000] with protection modes 0
Event: 5.039 Protecting memory [0x00007fa00c900000,0x00007fa00c904000] with protection modes 0
Event: 5.049 Protecting memory [0x00007fa00c7ff000,0x00007fa00c803000] with protection modes 0
Event: 5.050 Protecting memory [0x00007fa00c6fe000,0x00007fa00c702000] with protection modes 0
Event: 5.056 Protecting memory [0x00007fa00d3f5000,0x00007fa00d3f9000] with protection modes 0
Event: 5.066 Protecting memory [0x00007fa00d2f4000,0x00007fa00d2f8000] with protection modes 0
Event: 5.066 Protecting memory [0x00007fa00c1f9000,0x00007fa00c1fd000] with protection modes 0
Event: 5.079 Protecting memory [0x00007fa00d5f7000,0x00007fa00d5fb000] with protection modes 0
Event: 5.080 Protecting memory [0x00007fa00ccee000,0x00007fa00ccf2000] with protection modes 0
Event: 5.080 Protecting memory [0x00007fa00c0f8000,0x00007fa00c0fc000] with protection modes 0

Nmethod flushes (0 events):
No events

Events (20 events):
Event: 3.556 Thread 0x00007f9f800b8cf0 Thread added: 0x00007f9f781f9870
Event: 3.576 Thread 0x00007f9f9804c3f0 Thread added: 0x00007f9f800b3550
Event: 3.601 Thread 0x00007fa038165c20 Thread exited: 0x00007fa038165c20
Event: 4.282 Thread 0x00007f9f800b3550 Thread exited: 0x00007f9f800b3550
Event: 4.282 Thread 0x00007f9f800b8cf0 Thread exited: 0x00007f9f800b8cf0
Event: 4.283 Thread 0x00007f9f800b8110 Thread exited: 0x00007f9f800b8110
Event: 4.283 Thread 0x00007f9f781f9870 Thread exited: 0x00007f9f781f9870
Event: 4.383 Thread 0x00007f9f800bb690 Thread exited: 0x00007f9f800bb690
Event: 4.383 Thread 0x00007f9f781f80b0 Thread exited: 0x00007f9f781f80b0
Event: 4.483 Thread 0x00007f9f981a5170 Thread exited: 0x00007f9f981a5170
Event: 5.036 Thread 0x00007f9f9804c3f0 Thread added: 0x00007f9f800bb5e0
Event: 5.039 Thread 0x00007fa038019ee0 Thread added: 0x00007fa038026d70
Event: 5.049 Thread 0x00007f9f9804c3f0 Thread added: 0x00007f9f80032f10
Event: 5.050 Thread 0x00007fa038151b90 Thread added: 0x00007f9fa4395960
Event: 5.055 Thread 0x00007f9f9804c3f0 Thread added: 0x00007f9f80035a70
Event: 5.066 Thread 0x00007fa038151b90 Thread added: 0x00007f9fa429a570
Event: 5.066 Thread 0x00007f9f800bb5e0 Thread added: 0x00007f9f7c146770
Event: 5.079 Thread 0x00007f9fa429a570 Thread added: 0x00007f9f781f8000
Event: 5.080 Thread 0x00007f9fa429a570 Thread added: 0x00007f9f78077080
Event: 5.080 Thread 0x00007f9fa429a570 Thread added: 0x00007f9f78077f70


Dynamic libraries:
85200000-8ce00000 rw-p 00000000 00:00 0 
8ce00000-ffe00000 ---p 00000000 00:00 0 
ffe00000-ffe75000 rw-p 00c78000 08:20 95595                              /usr/lib/jvm/java-17-openjdk-amd64/lib/server/classes.jsa
ffe75000-fff00000 rw-p 00000000 00:00 0 
fff00000-fff77000 rw-p 00c01000 08:20 95595                              /usr/lib/jvm/java-17-openjdk-amd64/lib/server/classes.jsa
fff77000-100000000 rw-p 00000000 00:00 0 
5651fe3c8000-5651fe3c9000 r--p 00000000 08:20 95441                      /usr/lib/jvm/java-17-openjdk-amd64/bin/java
5651fe3c9000-5651fe3ca000 r-xp 00001000 08:20 95441                      /usr/lib/jvm/java-17-openjdk-amd64/bin/java
5651fe3ca000-5651fe3cb000 r--p 00002000 08:20 95441                      /usr/lib/jvm/java-17-openjdk-amd64/bin/java
5651fe3cb000-5651fe3cc000 r--p 00002000 08:20 95441                      /usr/lib/jvm/java-17-openjdk-amd64/bin/java
5651fe3cc000-5651fe3cd000 rw-p 00003000 08:20 95441                      /usr/lib/jvm/java-17-openjdk-amd64/bin/java
5652125ad000-5652125f5000 rw-p 00000000 00:00 0                          [heap]
7f9f40000000-7f9f405f8000 rw-p 00000000 00:00 0 
7f9f405f8000-7f9f44000000 ---p 00000000 00:00 0 
7f9f44000000-7f9f4464f000 rw-p 00000000 00:00 0 
7f9f4464f000-7f9f48000000 ---p 00000000 00:00 0 
7f9f48000000-7f9f48021000 rw-p 00000000 00:00 0 
7f9f48021000-7f9f4c000000 ---p 00000000 00:00 0 
7f9f4c000000-7f9f4c65d000 rw-p 00000000 00:00 0 
7f9f4c65d000-7f9f50000000 ---p 00000000 00:00 0 
7f9f50000000-7f9f50021000 rw-p 00000000 00:00 0 
7f9f50021000-7f9f54000000 ---p 00000000 00:00 0 
7f9f54000000-7f9f54021000 rw-p 00000000 00:00 0 
7f9f54021000-7f9f58000000 ---p 00000000 00:00 0 
7f9f58000000-7f9f583f5000 rw-p 00000000 00:00 0 
7f9f583f5000-7f9f5c000000 ---p 00000000 00:00 0 
7f9f5c000000-7f9f5c021000 rw-p 00000000 00:00 0 
7f9f5c021000-7f9f60000000 ---p 00000000 00:00 0 
7f9f60000000-7f9f60188000 rw-p 00000000 00:00 0 
7f9f60188000-7f9f64000000 ---p 00000000 00:00 0 
7f9f64000000-7f9f64780000 rw-p 00000000 00:00 0 
7f9f64780000-7f9f68000000 ---p 00000000 00:00 0 
7f9f68000000-7f9f68021000 rw-p 00000000 00:00 0 
7f9f68021000-7f9f6c000000 ---p 00000000 00:00 0 
7f9f6c000000-7f9f6c021000 rw-p 00000000 00:00 0 
7f9f6c021000-7f9f70000000 ---p 00000000 00:00 0 
7f9f70000000-7f9f70021000 rw-p 00000000 00:00 0 
7f9f70021000-7f9f74000000 ---p 00000000 00:00 0 
7f9f74000000-7f9f74021000 rw-p 00000000 00:00 0 
7f9f74021000-7f9f78000000 ---p 00000000 00:00 0 
7f9f78000000-7f9f78685000 rw-p 00000000 00:00 0 
7f9f78685000-7f9f7c000000 ---p 00000000 00:00 0 
7f9f7c000000-7f9f7c76e000 rw-p 00000000 00:00 0 
7f9f7c76e000-7f9f80000000 ---p 00000000 00:00 0 
7f9f80000000-7f9f80259000 rw-p 00000000 00:00 0 
7f9f80259000-7f9f84000000 ---p 00000000 00:00 0 
7f9f84000000-7f9f84254000 rw-p 00000000 00:00 0 
7f9f84254000-7f9f88000000 ---p 00000000 00:00 0 
7f9f88000000-7f9f88021000 rw-p 00000000 00:00 0 
7f9f88021000-7f9f8c000000 ---p 00000000 00:00 0 
7f9f8c000000-7f9f8cb9c000 rw-p 00000000 00:00 0 
7f9f8cb9c000-7f9f90000000 ---p 00000000 00:00 0 
7f9f90000000-7f9f90021000 rw-p 00000000 00:00 0 
7f9f90021000-7f9f94000000 ---p 00000000 00:00 0 
7f9f94000000-7f9f94021000 rw-p 00000000 00:00 0 
7f9f94021000-7f9f98000000 ---p 00000000 00:00 0 
7f9f98000000-7f9f982d6000 rw-p 00000000 00:00 0 
7f9f982d6000-7f9f9c000000 ---p 00000000 00:00 0 
7f9f9c000000-7f9f9c021000 rw-p 00000000 00:00 0 
7f9f9c021000-7f9fa0000000 ---p 00000000 00:00 0 
7f9fa0000000-7f9fa0021000 rw-p 00000000 00:00 0 
7f9fa0021000-7f9fa4000000 ---p 00000000 00:00 0 
7f9fa4000000-7f9fa4726000 rw-p 00000000 00:00 0 
7f9fa4726000-7f9fa8000000 ---p 00000000 00:00 0 
7f9fa8000000-7f9fa8021000 rw-p 00000000 00:00 0 
7f9fa8021000-7f9fac000000 ---p 00000000 00:00 0 
7f9fac000000-7f9fac021000 rw-p 00000000 00:00 0 
7f9fac021000-7f9fb0000000 ---p 00000000 00:00 0 
7f9fb0000000-7f9fb0021000 rw-p 00000000 00:00 0 
7f9fb0021000-7f9fb4000000 ---p 00000000 00:00 0 
7f9fb4000000-7f9fb4021000 rw-p 00000000 00:00 0 
7f9fb4021000-7f9fb8000000 ---p 00000000 00:00 0 
7f9fb8000000-7f9fb8021000 rw-p 00000000 00:00 0 
7f9fb8021000-7f9fbc000000 ---p 00000000 00:00 0 
7f9fbec1e000-7f9fbf000000 rw-p 00000000 00:00 0 
7f9fbf000000-7f9fbfbc9000 rw-p 00001000 08:20 95595                      /usr/lib/jvm/java-17-openjdk-amd64/lib/server/classes.jsa
7f9fbfbc9000-7f9fc0000000 ---p 00000000 00:00 0 
7f9fc0000000-7f9fc0040000 rw-p 00000000 00:00 0 
7f9fc0040000-7f9fc00c0000 rw-p 00000000 00:00 0 
7f9fc00c0000-7f9fc01d0000 rw-p 00000000 00:00 0 
7f9fc01d0000-7fa000000000 ---p 00000000 00:00 0 
7fa000000000-7fa000021000 rw-p 00000000 00:00 0 
7fa000021000-7fa004000000 ---p 00000000 00:00 0 
7fa004000000-7fa004400000 rw-p 00000000 00:00 0 
7fa004400000-7fa004d00000 rw-p 00000000 00:00 0 
7fa004d00000-7fa004e00000 rw-p 00000000 00:00 0 
7fa004e00000-7fa004f20000 rw-p 00000000 00:00 0 
7fa004f20000-7fa005000000 ---p 00000000 00:00 0 
7fa005000000-7fa005020000 rw-p 00000000 00:00 0 
7fa005020000-7fa008000000 ---p 00000000 00:00 0 
7fa008000000-7fa008021000 rw-p 00000000 00:00 0 
7fa008021000-7fa00c000000 ---p 00000000 00:00 0 
7fa00c0f7000-7fa00c0f8000 ---p 00000000 00:00 0 
7fa00c0f8000-7fa00c0fc000 ---p 00000000 00:00 0 
7fa00c0fc000-7fa00c1f8000 rw-p 00000000 00:00 0 
7fa00c1f8000-7fa00c1f9000 ---p 00000000 00:00 0 
7fa00c1f9000-7fa00c1fd000 ---p 00000000 00:00 0 
7fa00c1fd000-7fa00c2f9000 rw-p 00000000 00:00 0 
7fa00c2f9000-7fa00c2fa000 ---p 00000000 00:00 0 
7fa00c2fa000-7fa00c3fa000 rw-p 00000000 00:00 0 
7fa00c3fa000-7fa00c3fb000 ---p 00000000 00:00 0 
7fa00c3fb000-7fa00c4fb000 rw-p 00000000 00:00 0 
7fa00c4fb000-7fa00c4fc000 ---p 00000000 00:00 0 
7fa00c4fc000-7fa00c5fc000 rw-p 00000000 00:00 0 
7fa00c5fc000-7fa00c5fd000 ---p 00000000 00:00 0 
7fa00c5fd000-7fa00c6fd000 rw-p 00000000 00:00 0 
7fa00c6fd000-7fa00c6fe000 ---p 00000000 00:00 0 
7fa00c6fe000-7fa00c702000 ---p 00000000 00:00 0 
7fa00c702000-7fa00c7fe000 rw-p 00000000 00:00 0 
7fa00c7fe000-7fa00c7ff000 ---p 00000000 00:00 0 
7fa00c7ff000-7fa00c803000 ---p 00000000 00:00 0 
7fa00c803000-7fa00c8ff000 rw-p 00000000 00:00 0 
7fa00c8ff000-7fa00c900000 ---p 00000000 00:00 0 
7fa00c900000-7fa00c904000 ---p 00000000 00:00 0 
7fa00c904000-7fa00ca00000 rw-p 00000000 00:00 0 
7fa00ca00000-7fa00ca24000 r-xp 00000000 08:20 104381                     /tmp/liblz4-java-5251896341511376064.so
7fa00ca24000-7fa00cc23000 ---p 00024000 08:20 104381                     /tmp/liblz4-java-5251896341511376064.so
7fa00cc23000-7fa00cc24000 rw-p 00023000 08:20 104381                     /tmp/liblz4-java-5251896341511376064.so
7fa00cced000-7fa00ccee000 ---p 00000000 00:00 0 
7fa00ccee000-7fa00ccf2000 ---p 00000000 00:00 0 
7fa00ccf2000-7fa00cdee000 rw-p 00000000 00:00 0 
7fa00cdee000-7fa00cdef000 ---p 00000000 00:00 0 
7fa00cdef000-7fa00cdf3000 ---p 00000000 00:00 0 
7fa00cdf3000-7fa00ceef000 rw-p 00000000 00:00 0 
7fa00ceef000-7fa00cef0000 ---p 00000000 00:00 0 
7fa00cef0000-7fa00cff0000 rw-p 00000000 00:00 0 
7fa00cff0000-7fa00cff1000 ---p 00000000 00:00 0 
7fa00cff1000-7fa00d0f1000 rw-p 00000000 00:00 0 
7fa00d0f1000-7fa00d0f2000 ---p 00000000 00:00 0 
7fa00d0f2000-7fa00d1f2000 rw-p 00000000 00:00 0 
7fa00d1f2000-7fa00d1f3000 ---p 00000000 00:00 0 
7fa00d1f3000-7fa00d1f7000 ---p 00000000 00:00 0 
7fa00d1f7000-7fa00d2f3000 rw-p 00000000 00:00 0 
7fa00d2f3000-7fa00d2f4000 ---p 00000000 00:00 0 
7fa00d2f4000-7fa00d2f8000 ---p 00000000 00:00 0 
7fa00d2f8000-7fa00d3f4000 rw-p 00000000 00:00 0 
7fa00d3f4000-7fa00d3f5000 ---p 00000000 00:00 0 
7fa00d3f5000-7fa00d3f9000 ---p 00000000 00:00 0 
7fa00d3f9000-7fa00d4f5000 rw-p 00000000 00:00 0 
7fa00d4f5000-7fa00d4f6000 ---p 00000000 00:00 0 
7fa00d4f6000-7fa00d4fa000 ---p 00000000 00:00 0 
7fa00d4fa000-7fa00d5f6000 rw-p 00000000 00:00 0 
7fa00d5f6000-7fa00d5f7000 ---p 00000000 00:00 0 
7fa00d5f7000-7fa00d5fb000 ---p 00000000 00:00 0 
7fa00d5fb000-7fa00d6f7000 rw-p 00000000 00:00 0 
7fa00d6f7000-7fa00d6f8000 ---p 00000000 00:00 0 
7fa00d6f8000-7fa00d6fc000 ---p 00000000 00:00 0 
7fa00d6fc000-7fa00d7f8000 rw-p 00000000 00:00 0 
7fa00d7f8000-7fa00d7f9000 ---p 00000000 00:00 0 
7fa00d7f9000-7fa00d8f9000 rw-p 00000000 00:00 0 
7fa00d8f9000-7fa00d8fa000 ---p 00000000 00:00 0 
7fa00d8fa000-7fa00d8fe000 ---p 00000000 00:00 0 
7fa00d8fe000-7fa00d9fa000 rw-p 00000000 00:00 0 
7fa00d9fa000-7fa00d9fb000 ---p 00000000 00:00 0 
7fa00d9fb000-7fa00d9ff000 ---p 00000000 00:00 0 
7fa00d9ff000-7fa00dafb000 rw-p 00000000 00:00 0 
7fa00dafb000-7fa00dafc000 ---p 00000000 00:00 0 
7fa00dafc000-7fa00db00000 ---p 00000000 00:00 0 
7fa00db00000-7fa00dbfc000 rw-p 00000000 00:00 0 
7fa00dbfc000-7fa00dbfd000 ---p 00000000 00:00 0 
7fa00dbfd000-7fa00dc01000 ---p 00000000 00:00 0 
7fa00dc01000-7fa00dcfd000 rw-p 00000000 00:00 0 
7fa00dcfd000-7fa00dcfe000 ---p 00000000 00:00 0 
7fa00dcfe000-7fa00dd02000 ---p 00000000 00:00 0 
7fa00dd02000-7fa00ddfe000 rw-p 00000000 00:00 0 
7fa00ddfe000-7fa00ddff000 ---p 00000000 00:00 0 
7fa00ddff000-7fa00de03000 ---p 00000000 00:00 0 
7fa00de03000-7fa00deff000 rw-p 00000000 00:00 0 
7fa00deff000-7fa00df00000 ---p 00000000 00:00 0 
7fa00df00000-7fa00df04000 ---p 00000000 00:00 0 
7fa00df04000-7fa010000000 rw-p 00000000 00:00 0 
7fa010000000-7fa010021000 rw-p 00000000 00:00 0 
7fa010021000-7fa014000000 ---p 00000000 00:00 0 
7fa014000000-7fa014021000 rw-p 00000000 00:00 0 
7fa014021000-7fa018000000 ---p 00000000 00:00 0 
7fa018000000-7fa018021000 rw-p 00000000 00:00 0 
7fa018021000-7fa01c000000 ---p 00000000 00:00 0 
7fa01c000000-7fa01c01a000 rw-s 00000000 00:42 2                          /dev/shm/kafka_shared_memory
7fa01c01a000-7fa01c01c000 r--p 00000000 08:20 95581                      /usr/lib/jvm/java-17-openjdk-amd64/lib/libmanagement_ext.so
7fa01c01c000-7fa01c01f000 r-xp 00002000 08:20 95581                      /usr/lib/jvm/java-17-openjdk-amd64/lib/libmanagement_ext.so
7fa01c01f000-7fa01c020000 r--p 00005000 08:20 95581                      /usr/lib/jvm/java-17-openjdk-amd64/lib/libmanagement_ext.so
7fa01c020000-7fa01c021000 ---p 00006000 08:20 95581                      /usr/lib/jvm/java-17-openjdk-amd64/lib/libmanagement_ext.so
7fa01c021000-7fa01c022000 r--p 00006000 08:20 95581                      /usr/lib/jvm/java-17-openjdk-amd64/lib/libmanagement_ext.so
7fa01c022000-7fa01c023000 rw-p 00007000 08:20 95581                      /usr/lib/jvm/java-17-openjdk-amd64/lib/libmanagement_ext.so
7fa01c023000-7fa01c027000 r--p 00000000 08:20 95590                      /usr/lib/jvm/java-17-openjdk-amd64/lib/libverify.so
7fa01c027000-7fa01c02e000 r-xp 00004000 08:20 95590                      /usr/lib/jvm/java-17-openjdk-amd64/lib/libverify.so
7fa01c02e000-7fa01c030000 r--p 0000b000 08:20 95590                      /usr/lib/jvm/java-17-openjdk-amd64/lib/libverify.so
7fa01c030000-7fa01c032000 r--p 0000c000 08:20 95590                      /usr/lib/jvm/java-17-openjdk-amd64/lib/libverify.so
7fa01c032000-7fa01c033000 rw-p 0000e000 08:20 95590                      /usr/lib/jvm/java-17-openjdk-amd64/lib/libverify.so
7fa01c033000-7fa01c064000 rw-p 00000000 00:00 0 
7fa01c064000-7fa01c0bb000 r--p 00000000 08:20 2331                       /usr/lib/locale/C.utf8/LC_CTYPE
7fa01c0bb000-7fa01c0bc000 ---p 00000000 00:00 0 
7fa01c0bc000-7fa01c0c0000 ---p 00000000 00:00 0 
7fa01c0c0000-7fa01c1bc000 rw-p 00000000 00:00 0 
7fa01c1bc000-7fa01c1bd000 ---p 00000000 00:00 0 
7fa01c1bd000-7fa01c1c1000 ---p 00000000 00:00 0 
7fa01c1c1000-7fa01c2bd000 rw-p 00000000 00:00 0 
7fa01c2bd000-7fa01c2be000 ---p 00000000 00:00 0 
7fa01c2be000-7fa01c3be000 rw-p 00000000 00:00 0 
7fa01c3be000-7fa01c3c3000 r--p 00000000 08:20 95577                      /usr/lib/jvm/java-17-openjdk-amd64/lib/libjsvml.so
7fa01c3c3000-7fa01c404000 r-xp 00005000 08:20 95577                      /usr/lib/jvm/java-17-openjdk-amd64/lib/libjsvml.so
7fa01c404000-7fa01c48d000 r--p 00046000 08:20 95577                      /usr/lib/jvm/java-17-openjdk-amd64/lib/libjsvml.so
7fa01c48d000-7fa01c48e000 r--p 000ce000 08:20 95577                      /usr/lib/jvm/java-17-openjdk-amd64/lib/libjsvml.so
7fa01c48e000-7fa01c48f000 rw-p 000cf000 08:20 95577                      /usr/lib/jvm/java-17-openjdk-amd64/lib/libjsvml.so
7fa01c48f000-7fa01c5ac000 rw-p 00000000 00:00 0 
7fa01c5ad000-7fa01c5ae000 r--p 00000000 08:20 29424                      /usr/lib/libsharedmemory.so
7fa01c5ae000-7fa01c5af000 r-xp 00001000 08:20 29424                      /usr/lib/libsharedmemory.so
7fa01c5af000-7fa01c5b0000 r--p 00002000 08:20 29424                      /usr/lib/libsharedmemory.so
7fa01c5b0000-7fa01c5b1000 r--p 00002000 08:20 29424                      /usr/lib/libsharedmemory.so
7fa01c5b1000-7fa01c5b2000 rw-p 00003000 08:20 29424                      /usr/lib/libsharedmemory.so
7fa01c5b2000-7fa01c5b6000 r--p 00000000 08:20 95583                      /usr/lib/jvm/java-17-openjdk-amd64/lib/libnet.so
7fa01c5b6000-7fa01c5c5000 r-xp 00004000 08:20 95583                      /usr/lib/jvm/java-17-openjdk-amd64/lib/libnet.so
7fa01c5c5000-7fa01c5c9000 r--p 00013000 08:20 95583                      /usr/lib/jvm/java-17-openjdk-amd64/lib/libnet.so
7fa01c5c9000-7fa01c5ca000 r--p 00016000 08:20 95583                      /usr/lib/jvm/java-17-openjdk-amd64/lib/libnet.so
7fa01c5ca000-7fa01c5cb000 rw-p 00017000 08:20 95583                      /usr/lib/jvm/java-17-openjdk-amd64/lib/libnet.so
7fa01c5cb000-7fa01c5d2000 r--p 00000000 08:20 95584                      /usr/lib/jvm/java-17-openjdk-amd64/lib/libnio.so
7fa01c5d2000-7fa01c5dc000 r-xp 00007000 08:20 95584                      /usr/lib/jvm/java-17-openjdk-amd64/lib/libnio.so
7fa01c5dc000-7fa01c5e0000 r--p 00011000 08:20 95584                      /usr/lib/jvm/java-17-openjdk-amd64/lib/libnio.so
7fa01c5e0000-7fa01c5e1000 ---p 00015000 08:20 95584                      /usr/lib/jvm/java-17-openjdk-amd64/lib/libnio.so
7fa01c5e1000-7fa01c5e2000 r--p 00015000 08:20 95584                      /usr/lib/jvm/java-17-openjdk-amd64/lib/libnio.so
7fa01c5e2000-7fa01c5e3000 rw-p 00016000 08:20 95584                      /usr/lib/jvm/java-17-openjdk-amd64/lib/libnio.so
7fa01c5e3000-7fa01c5e4000 ---p 00000000 00:00 0 
7fa01c5e4000-7fa01c6e4000 rw-p 00000000 00:00 0 
7fa01c6e4000-7fa01c6e5000 ---p 00000000 00:00 0 
7fa01c6e5000-7fa01d4f2000 rw-p 00000000 00:00 0 
7fa01d4f2000-7fa01d4f3000 ---p 00000000 00:00 0 
7fa01d4f3000-7fa01d5f3000 rw-p 00000000 00:00 0 
7fa01d5f3000-7fa01d5f4000 ---p 00000000 00:00 0 
7fa01d5f4000-7fa01d6f4000 rw-p 00000000 00:00 0 
7fa01d6f4000-7fa01d6f5000 ---p 00000000 00:00 0 
7fa01d6f5000-7fa01d9e5000 rw-p 00000000 00:00 0 
7fa01d9e5000-7fa01f6a5000 ---p 00000000 00:00 0 
7fa01f6a5000-7fa01f89d000 rw-p 00000000 00:00 0 
7fa01f89d000-7fa02155d000 ---p 00000000 00:00 0 
7fa02155d000-7fa021565000 rw-p 00000000 00:00 0 
7fa021565000-7fa021a65000 rwxp 00000000 00:00 0 
7fa021a65000-7fa0289c4000 ---p 00000000 00:00 0 
7fa0289c4000-7fa028cb4000 rwxp 00000000 00:00 0 
7fa028cb4000-7fa029105000 ---p 00000000 00:00 0 
7fa029105000-7fa029375000 rwxp 00000000 00:00 0 
7fa029375000-7fa030565000 ---p 00000000 00:00 0 
7fa030565000-7fa038000000 r--s 00000000 08:20 95592                      /usr/lib/jvm/java-17-openjdk-amd64/lib/modules
7fa038000000-7fa0381a3000 rw-p 00000000 00:00 0 
7fa0381a3000-7fa03c000000 ---p 00000000 00:00 0 
7fa03c000000-7fa03c001000 rw-s 00000000 00:42 3                          /dev/shm/sem.kafka_semaphore
7fa03c001000-7fa03c002000 r--p 00000000 08:20 95563                      /usr/lib/jvm/java-17-openjdk-amd64/lib/libextnet.so
7fa03c002000-7fa03c003000 r-xp 00001000 08:20 95563                      /usr/lib/jvm/java-17-openjdk-amd64/lib/libextnet.so
7fa03c003000-7fa03c004000 r--p 00002000 08:20 95563                      /usr/lib/jvm/java-17-openjdk-amd64/lib/libextnet.so
7fa03c004000-7fa03c005000 r--p 00002000 08:20 95563                      /usr/lib/jvm/java-17-openjdk-amd64/lib/libextnet.so
7fa03c005000-7fa03c006000 rw-p 00003000 08:20 95563                      /usr/lib/jvm/java-17-openjdk-amd64/lib/libextnet.so
7fa03c006000-7fa03c008000 r--p 00000000 08:20 95579                      /usr/lib/jvm/java-17-openjdk-amd64/lib/libmanagement.so
7fa03c008000-7fa03c009000 r-xp 00002000 08:20 95579                      /usr/lib/jvm/java-17-openjdk-amd64/lib/libmanagement.so
7fa03c009000-7fa03c00a000 r--p 00003000 08:20 95579                      /usr/lib/jvm/java-17-openjdk-amd64/lib/libmanagement.so
7fa03c00a000-7fa03c00b000 r--p 00003000 08:20 95579                      /usr/lib/jvm/java-17-openjdk-amd64/lib/libmanagement.so
7fa03c00b000-7fa03c00c000 rw-p 00004000 08:20 95579                      /usr/lib/jvm/java-17-openjdk-amd64/lib/libmanagement.so
7fa03c00c000-7fa03c00e000 r--p 00000000 08:20 95591                      /usr/lib/jvm/java-17-openjdk-amd64/lib/libzip.so
7fa03c00e000-7fa03c013000 r-xp 00002000 08:20 95591                      /usr/lib/jvm/java-17-openjdk-amd64/lib/libzip.so
7fa03c013000-7fa03c015000 r--p 00007000 08:20 95591                      /usr/lib/jvm/java-17-openjdk-amd64/lib/libzip.so
7fa03c015000-7fa03c016000 r--p 00008000 08:20 95591                      /usr/lib/jvm/java-17-openjdk-amd64/lib/libzip.so
7fa03c016000-7fa03c017000 rw-p 00009000 08:20 95591                      /usr/lib/jvm/java-17-openjdk-amd64/lib/libzip.so
7fa03c017000-7fa03c018000 r--p 00000000 08:20 2338                       /usr/lib/locale/C.utf8/LC_NUMERIC
7fa03c018000-7fa03c019000 r--p 00000000 08:20 2341                       /usr/lib/locale/C.utf8/LC_TIME
7fa03c019000-7fa03c01a000 r--p 00000000 08:20 2330                       /usr/lib/locale/C.utf8/LC_COLLATE
7fa03c01a000-7fa03c01b000 r--p 00000000 08:20 2336                       /usr/lib/locale/C.utf8/LC_MONETARY
7fa03c01b000-7fa03c01c000 r--p 00000000 08:20 2335                       /usr/lib/locale/C.utf8/LC_MESSAGES/SYS_LC_MESSAGES
7fa03c01c000-7fa03c01d000 r--p 00000000 08:20 2339                       /usr/lib/locale/C.utf8/LC_PAPER
7fa03c01d000-7fa03c01e000 r--p 00000000 08:20 2337                       /usr/lib/locale/C.utf8/LC_NAME
7fa03c01e000-7fa03c025000 r--s 00000000 08:20 109409                     /usr/lib/x86_64-linux-gnu/gconv/gconv-modules.cache
7fa03c025000-7fa03c120000 rw-p 00000000 00:00 0 
7fa03c120000-7fa03c4b8000 ---p 00000000 00:00 0 
7fa03c4b8000-7fa03c4f7000 rw-p 00000000 00:00 0 
7fa03c4f7000-7fa03c88f000 ---p 00000000 00:00 0 
7fa03c88f000-7fa03c8ce000 rw-p 00000000 00:00 0 
7fa03c8ce000-7fa03cc66000 ---p 00000000 00:00 0 
7fa03cc66000-7fa03d979000 rw-p 00000000 00:00 0 
7fa03d979000-7fa03da5d000 ---p 00000000 00:00 0 
7fa03da5d000-7fa03da67000 rw-p 00000000 00:00 0 
7fa03da67000-7fa03db46000 ---p 00000000 00:00 0 
7fa03db46000-7fa03db4c000 rw-p 00000000 00:00 0 
7fa03db4c000-7fa03db55000 ---p 00000000 00:00 0 
7fa03db55000-7fa03db61000 r--p 00000000 08:20 95570                      /usr/lib/jvm/java-17-openjdk-amd64/lib/libjava.so
7fa03db61000-7fa03db75000 r-xp 0000c000 08:20 95570                      /usr/lib/jvm/java-17-openjdk-amd64/lib/libjava.so
7fa03db75000-7fa03db7b000 r--p 00020000 08:20 95570                      /usr/lib/jvm/java-17-openjdk-amd64/lib/libjava.so
7fa03db7b000-7fa03db7c000 r--p 00025000 08:20 95570                      /usr/lib/jvm/java-17-openjdk-amd64/lib/libjava.so
7fa03db7c000-7fa03db7d000 rw-p 00026000 08:20 95570                      /usr/lib/jvm/java-17-openjdk-amd64/lib/libjava.so
7fa03db7d000-7fa03db7e000 rw-p 00000000 00:00 0 
7fa03db7e000-7fa03db86000 rw-s 00000000 08:20 104091                     /tmp/hsperfdata_hyesu/9612
7fa03db86000-7fa03db88000 r--p 00000000 08:20 95573                      /usr/lib/jvm/java-17-openjdk-amd64/lib/libjimage.so
7fa03db88000-7fa03db8b000 r-xp 00002000 08:20 95573                      /usr/lib/jvm/java-17-openjdk-amd64/lib/libjimage.so
7fa03db8b000-7fa03db8c000 r--p 00005000 08:20 95573                      /usr/lib/jvm/java-17-openjdk-amd64/lib/libjimage.so
7fa03db8c000-7fa03db8d000 ---p 00006000 08:20 95573                      /usr/lib/jvm/java-17-openjdk-amd64/lib/libjimage.so
7fa03db8d000-7fa03db8e000 r--p 00006000 08:20 95573                      /usr/lib/jvm/java-17-openjdk-amd64/lib/libjimage.so
7fa03db8e000-7fa03db8f000 rw-p 00007000 08:20 95573                      /usr/lib/jvm/java-17-openjdk-amd64/lib/libjimage.so
7fa03db8f000-7fa03db93000 ---p 00000000 00:00 0 
7fa03db93000-7fa03dc8f000 rw-p 00000000 00:00 0 
7fa03dc8f000-7fa03dc92000 r--p 00000000 08:20 6042                       /usr/lib/x86_64-linux-gnu/libgcc_s.so.1
7fa03dc92000-7fa03dca9000 r-xp 00003000 08:20 6042                       /usr/lib/x86_64-linux-gnu/libgcc_s.so.1
7fa03dca9000-7fa03dcad000 r--p 0001a000 08:20 6042                       /usr/lib/x86_64-linux-gnu/libgcc_s.so.1
7fa03dcad000-7fa03dcae000 r--p 0001d000 08:20 6042                       /usr/lib/x86_64-linux-gnu/libgcc_s.so.1
7fa03dcae000-7fa03dcaf000 rw-p 0001e000 08:20 6042                       /usr/lib/x86_64-linux-gnu/libgcc_s.so.1
7fa03dcaf000-7fa03dcbd000 r--p 00000000 08:20 109146                     /usr/lib/x86_64-linux-gnu/libm.so.6
7fa03dcbd000-7fa03dd39000 r-xp 0000e000 08:20 109146                     /usr/lib/x86_64-linux-gnu/libm.so.6
7fa03dd39000-7fa03dd94000 r--p 0008a000 08:20 109146                     /usr/lib/x86_64-linux-gnu/libm.so.6
7fa03dd94000-7fa03dd95000 r--p 000e4000 08:20 109146                     /usr/lib/x86_64-linux-gnu/libm.so.6
7fa03dd95000-7fa03dd96000 rw-p 000e5000 08:20 109146                     /usr/lib/x86_64-linux-gnu/libm.so.6
7fa03dd96000-7fa03de30000 r--p 00000000 08:20 6030                       /usr/lib/x86_64-linux-gnu/libstdc++.so.6.0.30
7fa03de30000-7fa03df41000 r-xp 0009a000 08:20 6030                       /usr/lib/x86_64-linux-gnu/libstdc++.so.6.0.30
7fa03df41000-7fa03dfb0000 r--p 001ab000 08:20 6030                       /usr/lib/x86_64-linux-gnu/libstdc++.so.6.0.30
7fa03dfb0000-7fa03dfb1000 ---p 0021a000 08:20 6030                       /usr/lib/x86_64-linux-gnu/libstdc++.so.6.0.30
7fa03dfb1000-7fa03dfbc000 r--p 0021a000 08:20 6030                       /usr/lib/x86_64-linux-gnu/libstdc++.so.6.0.30
7fa03dfbc000-7fa03dfbf000 rw-p 00225000 08:20 6030                       /usr/lib/x86_64-linux-gnu/libstdc++.so.6.0.30
7fa03dfbf000-7fa03dfc2000 rw-p 00000000 00:00 0 
7fa03dfc2000-7fa03e213000 r--p 00000000 08:20 95598                      /usr/lib/jvm/java-17-openjdk-amd64/lib/server/libjvm.so
7fa03e213000-7fa03efee000 r-xp 00251000 08:20 95598                      /usr/lib/jvm/java-17-openjdk-amd64/lib/server/libjvm.so
7fa03efee000-7fa03f270000 r--p 0102c000 08:20 95598                      /usr/lib/jvm/java-17-openjdk-amd64/lib/server/libjvm.so
7fa03f270000-7fa03f271000 ---p 012ae000 08:20 95598                      /usr/lib/jvm/java-17-openjdk-amd64/lib/server/libjvm.so
7fa03f271000-7fa03f329000 r--p 012ae000 08:20 95598                      /usr/lib/jvm/java-17-openjdk-amd64/lib/server/libjvm.so
7fa03f329000-7fa03f35e000 rw-p 01366000 08:20 95598                      /usr/lib/jvm/java-17-openjdk-amd64/lib/server/libjvm.so
7fa03f35e000-7fa03f3bb000 rw-p 00000000 00:00 0 
7fa03f3bb000-7fa03f3e3000 r--p 00000000 08:20 109143                     /usr/lib/x86_64-linux-gnu/libc.so.6
7fa03f3e3000-7fa03f578000 r-xp 00028000 08:20 109143                     /usr/lib/x86_64-linux-gnu/libc.so.6
7fa03f578000-7fa03f5d0000 r--p 001bd000 08:20 109143                     /usr/lib/x86_64-linux-gnu/libc.so.6
7fa03f5d0000-7fa03f5d1000 ---p 00215000 08:20 109143                     /usr/lib/x86_64-linux-gnu/libc.so.6
7fa03f5d1000-7fa03f5d5000 r--p 00215000 08:20 109143                     /usr/lib/x86_64-linux-gnu/libc.so.6
7fa03f5d5000-7fa03f5d7000 rw-p 00219000 08:20 109143                     /usr/lib/x86_64-linux-gnu/libc.so.6
7fa03f5d7000-7fa03f5e4000 rw-p 00000000 00:00 0 
7fa03f5e4000-7fa03f5e6000 r--p 00000000 08:20 95574                      /usr/lib/jvm/java-17-openjdk-amd64/lib/libjli.so
7fa03f5e6000-7fa03f5f0000 r-xp 00002000 08:20 95574                      /usr/lib/jvm/java-17-openjdk-amd64/lib/libjli.so
7fa03f5f0000-7fa03f5f3000 r--p 0000c000 08:20 95574                      /usr/lib/jvm/java-17-openjdk-amd64/lib/libjli.so
7fa03f5f3000-7fa03f5f4000 r--p 0000e000 08:20 95574                      /usr/lib/jvm/java-17-openjdk-amd64/lib/libjli.so
7fa03f5f4000-7fa03f5f5000 rw-p 0000f000 08:20 95574                      /usr/lib/jvm/java-17-openjdk-amd64/lib/libjli.so
7fa03f5f5000-7fa03f5f7000 r--p 00000000 08:20 6844                       /usr/lib/x86_64-linux-gnu/libz.so.1.2.11
7fa03f5f7000-7fa03f608000 r-xp 00002000 08:20 6844                       /usr/lib/x86_64-linux-gnu/libz.so.1.2.11
7fa03f608000-7fa03f60e000 r--p 00013000 08:20 6844                       /usr/lib/x86_64-linux-gnu/libz.so.1.2.11
7fa03f60e000-7fa03f60f000 ---p 00019000 08:20 6844                       /usr/lib/x86_64-linux-gnu/libz.so.1.2.11
7fa03f60f000-7fa03f610000 r--p 00019000 08:20 6844                       /usr/lib/x86_64-linux-gnu/libz.so.1.2.11
7fa03f610000-7fa03f611000 rw-p 0001a000 08:20 6844                       /usr/lib/x86_64-linux-gnu/libz.so.1.2.11
7fa03f611000-7fa03f612000 r--p 00000000 08:20 2329                       /usr/lib/locale/C.utf8/LC_ADDRESS
7fa03f612000-7fa03f613000 r--p 00000000 08:20 2340                       /usr/lib/locale/C.utf8/LC_TELEPHONE
7fa03f613000-7fa03f614000 r--p 00000000 08:20 2333                       /usr/lib/locale/C.utf8/LC_MEASUREMENT
7fa03f614000-7fa03f615000 r--p 00000000 08:20 2332                       /usr/lib/locale/C.utf8/LC_IDENTIFICATION
7fa03f615000-7fa03f616000 ---p 00000000 00:00 0 
7fa03f616000-7fa03f617000 r--p 00000000 00:00 0 
7fa03f617000-7fa03f619000 rw-p 00000000 00:00 0 
7fa03f619000-7fa03f61b000 r--p 00000000 08:20 109140                     /usr/lib/x86_64-linux-gnu/ld-linux-x86-64.so.2
7fa03f61b000-7fa03f645000 r-xp 00002000 08:20 109140                     /usr/lib/x86_64-linux-gnu/ld-linux-x86-64.so.2
7fa03f645000-7fa03f650000 r--p 0002c000 08:20 109140                     /usr/lib/x86_64-linux-gnu/ld-linux-x86-64.so.2
7fa03f650000-7fa03f651000 ---p 00000000 00:00 0 
7fa03f651000-7fa03f653000 r--p 00037000 08:20 109140                     /usr/lib/x86_64-linux-gnu/ld-linux-x86-64.so.2
7fa03f653000-7fa03f655000 rw-p 00039000 08:20 109140                     /usr/lib/x86_64-linux-gnu/ld-linux-x86-64.so.2
7ffd98a68000-7ffd98a8b000 rw-p 00000000 00:00 0                          [stack]
7ffd98a96000-7ffd98a9a000 r--p 00000000 00:00 0                          [vvar]
7ffd98a9a000-7ffd98a9c000 r-xp 00000000 00:00 0                          [vdso]


VM Arguments:
jvm_args: -Dfile.encoding=UTF-8 -Duser.country -Duser.language=en -Duser.variant 
java_command: org.example.App Apps
java_class_path (initial): /home/hyesu/kafka-custom-test/app/build/classes/java/main:/home/hyesu/kafka-custom-test/app/build/resources/main:/home/hyesu/.m2/repository/org/apache/kafka/kafka_2.13/4.1.0-SNAPSHOT/kafka_2.13-4.1.0-SNAPSHOT.jar:/home/hyesu/.gradle/caches/modules-2/files-2.1/com.google.guava/guava/33.3.1-jre/852f8b363da0111e819460021ca693cacca3e8db/guava-33.3.1-jre.jar:/home/hyesu/.m2/repository/org/apache/kafka/kafka-server/4.1.0-SNAPSHOT/kafka-server-4.1.0-SNAPSHOT.jar:/home/hyesu/.m2/repository/org/apache/kafka/kafka-group-coordinator/4.1.0-SNAPSHOT/kafka-group-coordinator-4.1.0-SNAPSHOT.jar:/home/hyesu/.m2/repository/org/apache/kafka/kafka-transaction-coordinator/4.1.0-SNAPSHOT/kafka-transaction-coordinator-4.1.0-SNAPSHOT.jar:/home/hyesu/.m2/repository/org/apache/kafka/kafka-share-coordinator/4.1.0-SNAPSHOT/kafka-share-coordinator-4.1.0-SNAPSHOT.jar:/home/hyesu/.m2/repository/org/apache/kafka/kafka-coordinator-common/4.1.0-SNAPSHOT/kafka-coordinator-common-4.1.0-SNAPSHOT.jar:/home/hyesu/.m2/repository/org/apache/kafka/kafka-metadata/4.1.0-SNAPSHOT/kafka-metadata-4.1.0-SNAPSHOT.jar:/home/hyesu/.m2/repository/org/apache/kafka/kafka-storage/4.1.0-SNAPSHOT/kafka-storage-4.1.0-SNAPSHOT.jar:/home/hyesu/.m2/repository/org/apache/kafka/kafka-storage-api/4.1.0-SNAPSHOT/kafka-storage-api-4.1.0-SNAPSHOT.jar:/home/hyesu/.m2/repository/org/apache/kafka/kafka-raft/4.1.0-SNAPSHOT/kafka-raft-4.1.0-SNAPSHOT.jar:/home/hyesu/.m2/repository/org/apache/kafka/kafka-server-common/4.1.0-SNAPSHOT/kafka-server-common-4.1.0-SNAPSHOT.jar:/home/hyesu/.m2/repository/org/apache/kafka/kafka-group-coordinator-api/4.1.0-SNAPSHOT/kafka-group-coordinator-api-4.1.0-SNAPSHOT.jar:/home/hyesu/.m2/repository/org/apache/kafka/kafka-tools-api/4.1.0-SNAPSHOT/kafka-tools-api-4.1.0-SNAPSHOT.jar:/home/hyesu/.gradle/caches/modules-2/files-2.1/net.sourceforge.argparse4j/argparse4j/0.7.0/6f0621d0c3888de39e0f06d01f37ba53a798e657/argparse4j-0.7.0.jar:/home/hyesu/.gradle/caches/modules-2/files-2.1/com
Launcher Type: SUN_STANDARD

[Global flags]
     intx CICompilerCount                          = 12                                        {product} {ergonomic}
     uint ConcGCThreads                            = 3                                         {product} {ergonomic}
     uint G1ConcRefinementThreads                  = 13                                        {product} {ergonomic}
   size_t G1HeapRegionSize                         = 1048576                                   {product} {ergonomic}
    uintx GCDrainStackTargetSize                   = 64                                        {product} {ergonomic}
   size_t InitialHeapSize                          = 130023424                                 {product} {ergonomic}
   size_t MarkStackSize                            = 4194304                                   {product} {ergonomic}
   size_t MaxHeapSize                              = 2061500416                                {product} {ergonomic}
   size_t MaxNewSize                               = 1236271104                                {product} {ergonomic}
   size_t MinHeapDeltaBytes                        = 1048576                                   {product} {ergonomic}
   size_t MinHeapSize                              = 8388608                                   {product} {ergonomic}
    uintx NonNMethodCodeHeapSize                   = 7602480                                {pd product} {ergonomic}
    uintx NonProfiledCodeHeapSize                  = 122027880                              {pd product} {ergonomic}
    uintx ProfiledCodeHeapSize                     = 122027880                              {pd product} {ergonomic}
    uintx ReservedCodeCacheSize                    = 251658240                              {pd product} {ergonomic}
     bool SegmentedCodeCache                       = true                                      {product} {ergonomic}
   size_t SoftMaxHeapSize                          = 2061500416                             {manageable} {ergonomic}
     bool UseCompressedClassPointers               = true                           {product lp64_product} {ergonomic}
     bool UseCompressedOops                        = true                           {product lp64_product} {ergonomic}
     bool UseG1GC                                  = true                                      {product} {ergonomic}

Logging:
Log output configuration:
 #0: stdout all=warning uptime,level,tags
 #1: stderr all=off uptime,level,tags

Environment Variables:
JAVA_HOME=/usr/lib/jvm/java-17-openjdk-amd64
PATH=/opt/gradle/gradle-8.12.1/bin:/usr/lib/jvm/java-17-openjdk-amd64/bin:/usr/local/sbin:/usr/local/bin:/usr/sbin:/usr/bin:/sbin:/bin:/usr/games:/usr/local/games:/usr/lib/wsl/lib:/mnt/c/Program Files/Amazon Corretto/jdk11.0.24_8/bin:/mnt/c/Program Files/Common Files/Oracle/Java/javapath:/mnt/c/Program Files (x86)/Common Files/Oracle/Java/javapath:/mnt/c/WINDOWS/system32:/mnt/c/WINDOWS:/mnt/c/WINDOWS/System32/Wbem:/mnt/c/WINDOWS/System32/WindowsPowerShell/v1.0/:/mnt/c/WINDOWS/System32/OpenSSH/:/mnt/c/Program Files (x86)/dotnet/:/mnt/c/Program Files/openssl-0.9.8k_X64/bin:/mnt/c/Program Files/Java/jdk-1.8/bin:/mnt/c/Program Files/MySQL/MySQL Server 8.0/bin:/mnt/c/Program Files/Docker/Docker/resources/bin:/mnt/c/Users/guest1/AppData/Local/Programs/Git/cmd:/mnt/c/Program Files/Git/cmd:/mnt/c/Program Files/PuTTY/:/mnt/c/Apache24/bin:/mnt/c/src/flutter/bin:/mnt/c/Program Files/OpenSSL-Win64/bin:/mnt/c/Users/guest1/AppData/Local/Programs/Python/Python312/Scripts:/mnt/c/Users/guest1/AppData/Local/Programs/Python/Python312:/mnt/c/Program Files/dotnet/:/mnt/c/Program Files/Amazon/AWSCLIV2/:/mnt/c/mingw64/bin:/mnt/c/Users/guest1/Desktop/test/kafka/build/native:/mnt/c/Users/guest1/AppData/Local/Programs/Python/Python312/Scripts/:/mnt/c/Users/guest1/AppData/Local/Programs/Python/Python312/:/mnt/c/Users/guest1/AppData/Local/Microsoft/WindowsApps:/mnt/c/Users/guest1/AppData/Local/Programs/Microsoft VS Code/bin:/mnt/c/Users/guest1/src/flutter/flutter/bin:/mnt/c/Users/guest1/.dotnet/tools:/mnt/c/Users/guest1/AppData/Local/Coursier/data/bin:/snap/bin
SHELL=/bin/bash
DISPLAY=:0
HOSTTYPE=x86_64
LANG=C.UTF-8
TERM=xterm-256color

Active Locale:
LC_ALL=C.UTF-8
LC_COLLATE=C.UTF-8
LC_CTYPE=C.UTF-8
LC_MESSAGES=C.UTF-8
LC_MONETARY=C.UTF-8
LC_NUMERIC=C.UTF-8
LC_TIME=C.UTF-8

Signal Handlers:
   SIGSEGV: crash_handler in libjvm.so, mask=11100100010111111101111111111110, flags=SA_RESTART|SA_SIGINFO, unblocked
    SIGBUS: crash_handler in libjvm.so, mask=11100100010111111101111111111110, flags=SA_RESTART|SA_SIGINFO, unblocked
    SIGFPE: crash_handler in libjvm.so, mask=11100100010111111101111111111110, flags=SA_RESTART|SA_SIGINFO, unblocked
   SIGPIPE: javaSignalHandler in libjvm.so, mask=11100100010111111101111111111110, flags=SA_RESTART|SA_SIGINFO, blocked
   SIGXFSZ: javaSignalHandler in libjvm.so, mask=11100100010111111101111111111110, flags=SA_RESTART|SA_SIGINFO, blocked
    SIGILL: crash_handler in libjvm.so, mask=11100100010111111101111111111110, flags=SA_RESTART|SA_SIGINFO, unblocked
   SIGUSR2: SR_handler in libjvm.so, mask=00100000000000000000000000000000, flags=SA_RESTART|SA_SIGINFO, blocked
    SIGHUP: UserHandler in libjvm.so, mask=11100100010111111101111111111110, flags=SA_RESTART|SA_SIGINFO, blocked
    SIGINT: UserHandler in libjvm.so, mask=11100100010111111101111111111110, flags=SA_RESTART|SA_SIGINFO, blocked
   SIGTERM: UserHandler in libjvm.so, mask=11100100010111111101111111111110, flags=SA_RESTART|SA_SIGINFO, blocked
   SIGQUIT: UserHandler in libjvm.so, mask=11100100010111111101111111111110, flags=SA_RESTART|SA_SIGINFO, blocked
   SIGTRAP: crash_handler in libjvm.so, mask=11100100010111111101111111111110, flags=SA_RESTART|SA_SIGINFO, unblocked


Periodic native trim disabled


---------------  S Y S T E M  ---------------

OS:
DISTRIB_ID=Ubuntu
DISTRIB_RELEASE=22.04
DISTRIB_CODENAME=jammy
DISTRIB_DESCRIPTION="Ubuntu 22.04.1 LTS"
uname: Linux 5.15.167.4-microsoft-standard-WSL2 #1 SMP Tue Nov 5 00:21:55 UTC 2024 x86_64
OS uptime: 0 days 22:20 hours
libc: glibc 2.35 NPTL 2.35 
rlimit (soft/hard): STACK 8192k/infinity , CORE 0k/infinity , NPROC 31422/31422 , NOFILE 1048576/1048576 , AS infinity/infinity , CPU infinity/infinity , DATA infinity/infinity , FSIZE infinity/infinity , MEMLOCK 65536k/65536k
load average: 0.18 0.46 0.35

/proc/meminfo:
MemTotal:        8051028 kB
MemFree:         3845368 kB
MemAvailable:    4094472 kB
Buffers:           37336 kB
Cached:           374904 kB
SwapCached:         8896 kB
Active:           205120 kB
Inactive:        3509764 kB
Active(anon):       8912 kB
Inactive(anon):  3296300 kB
Active(file):     196208 kB
Inactive(file):   213464 kB
Unevictable:           0 kB
Mlocked:               0 kB
SwapTotal:       2097152 kB
SwapFree:        2016160 kB
Dirty:               352 kB
Writeback:             0 kB
AnonPages:       3290096 kB
Mapped:            81700 kB
Shmem:              2568 kB
KReclaimable:     110492 kB
Slab:             177096 kB
SReclaimable:     110492 kB
SUnreclaim:        66604 kB
KernelStack:       10672 kB
PageTables:        19636 kB
NFS_Unstable:          0 kB
Bounce:                0 kB
WritebackTmp:          0 kB
CommitLimit:     6122664 kB
Committed_AS:    4953824 kB
VmallocTotal:   34359738367 kB
VmallocUsed:       31088 kB
VmallocChunk:          0 kB
Percpu:             4416 kB
AnonHugePages:   2074624 kB
ShmemHugePages:        0 kB
ShmemPmdMapped:        0 kB
FileHugePages:         0 kB
FilePmdMapped:         0 kB
HugePages_Total:       0
HugePages_Free:        0
HugePages_Rsvd:        0
HugePages_Surp:        0
Hugepagesize:       2048 kB
Hugetlb:               0 kB
DirectMap4k:       19456 kB
DirectMap2M:     5138432 kB
DirectMap1G:    12582912 kB

/sys/kernel/mm/transparent_hugepage/enabled: [always] madvise never
/sys/kernel/mm/transparent_hugepage/hpage_pmd_size: 2097152
/sys/kernel/mm/transparent_hugepage/defrag (defrag/compaction efforts parameter): always defer defer+madvise [madvise] never

Process Memory:
Virtual Size: 6151088K (peak: 6151088K)
Resident Set Size: 222416K (peak: 222416K) (anon: 199520K, file: 22788K, shmem: 108K)
Swapped out: 0K
C-Heap outstanding allocations: 97592K, retained: 11747K
glibc malloc tunables: (default)

/proc/sys/kernel/threads-max (system-wide limit on the number of threads): 62845
/proc/sys/vm/max_map_count (maximum number of memory map areas a process may have): 65530
/proc/sys/vm/swappiness (control to define how aggressively the kernel swaps out anonymous memory): 60
/proc/sys/kernel/pid_max (system-wide limit on number of process identifiers): 32768

container (cgroup) information:
container_type: cgroupv1
cpu_cpuset_cpus: 0-15
cpu_memory_nodes: 0
active_processor_count: 16
cpu_quota: no quota
cpu_period: 100000
cpu_shares: no shares
memory_limit_in_bytes: unlimited
memory_and_swap_limit_in_bytes: unlimited
memory_soft_limit_in_bytes: unlimited
memory_usage_in_bytes: 3704324 k
memory_max_usage_in_bytes: unlimited
kernel_memory_usage_in_bytes: unlimited
kernel_memory_max_usage_in_bytes: unlimited
kernel_memory_limit_in_bytes: unlimited
maximum number of tasks: not supported
current number of tasks: not supported

Hyper-V virtualization detected
Steal ticks since vm start: 0
Steal ticks percentage since vm start:  0.000

CPU: total 16 (initial active 16) (8 cores per cpu, 2 threads per core) family 6 model 151 stepping 2 microcode 0xffffffff, cx8, cmov, fxsr, ht, mmx, 3dnowpref, sse, sse2, sse3, ssse3, sse4.1, sse4.2, popcnt, lzcnt, tsc, tscinvbit, avx, avx2, aes, erms, clmul, bmi1, bmi2, adx, sha, fma, vzeroupper, clflush, clflushopt, clwb, hv
CPU Model and flags from /proc/cpuinfo:
model name	: 12th Gen Intel(R) Core(TM) i5-12600KF
flags		: fpu vme de pse tsc msr pae mce cx8 apic sep mtrr pge mca cmov pat pse36 clflush mmx fxsr sse sse2 ss ht syscall nx pdpe1gb rdtscp lm constant_tsc rep_good nopl xtopology tsc_reliable nonstop_tsc cpuid pni pclmulqdq vmx ssse3 fma cx16 pcid sse4_1 sse4_2 x2apic movbe popcnt tsc_deadline_timer aes xsave avx f16c rdrand hypervisor lahf_lm abm 3dnowprefetch invpcid_single ssbd ibrs ibpb stibp ibrs_enhanced tpr_shadow vnmi ept vpid ept_ad fsgsbase tsc_adjust bmi1 avx2 smep bmi2 erms invpcid rdseed adx smap clflushopt clwb sha_ni xsaveopt xsavec xgetbv1 xsaves avx_vnni umip waitpkg gfni vaes vpclmulqdq rdpid movdiri movdir64b fsrm md_clear serialize flush_l1d arch_capabilities

Online cpus: 0-15
Offline cpus: 
BIOS frequency limitation: <Not Available>
Frequency switch latency (ns): <Not Available>
Available cpu frequencies: <Not Available>
Current governor: <Not Available>
Core performance/turbo boost: <Not Available>

Memory: 4k page, physical 8051028k(3845368k free), swap 2097152k(2016160k free)
Page Sizes: 4k

vm_info: OpenJDK 64-Bit Server VM (17.0.13+11-Ubuntu-2ubuntu122.04) for linux-amd64 JRE (17.0.13+11-Ubuntu-2ubuntu122.04), built on Oct 22 2024 06:38:45 by "buildd" with gcc 11.4.0

END.
